0 info it worked if it ends with ok
1 verbose cli [ '/usr/local/bin/node',
1 verbose cli   '/usr/local/bin/npm',
1 verbose cli   'install',
1 verbose cli   '--save',
1 verbose cli   'ipstack' ]
2 info using npm@6.7.0
3 info using node@v11.15.0
4 verbose npm-session b4dfec39118fe4f1
5 silly install loadCurrentTree
6 silly install readLocalPackageData
7 http fetch GET 200 https://registry.npmjs.org/ipstack 1575ms
8 silly pacote tag manifest for ipstack@latest fetched in 1988ms
9 timing stage:loadCurrentTree Completed in 11853ms
10 silly install loadIdealTree
11 silly install cloneCurrentTreeToIdealTree
12 timing stage:loadIdealTree:cloneCurrentTree Completed in 108ms
13 silly install loadShrinkwrap
14 timing stage:loadIdealTree:loadShrinkwrap Completed in 4725ms
15 silly install loadAllDepsIntoIdealTree
16 silly resolveWithNewModule ipstack@0.1.1 checking installable status
17 timing stage:loadIdealTree:loadAllDepsIntoIdealTree Completed in 5524ms
18 timing stage:loadIdealTree Completed in 12079ms
19 silly currentTree aloe@0.0.0
19 silly currentTree ├── accepts@1.3.7
19 silly currentTree ├── acorn-globals@1.0.9
19 silly currentTree ├── acorn@2.7.0
19 silly currentTree ├── ajv@6.10.2
19 silly currentTree ├── align-text@0.1.4
19 silly currentTree ├── amdefine@1.0.1
19 silly currentTree ├── array-flatten@1.1.1
19 silly currentTree ├── asap@1.0.0
19 silly currentTree ├── asn1@0.2.4
19 silly currentTree ├── assert-plus@1.0.0
19 silly currentTree ├── asynckit@0.4.0
19 silly currentTree ├── aws-sign2@0.7.0
19 silly currentTree ├── aws4@1.8.0
19 silly currentTree ├── basic-auth@2.0.1
19 silly currentTree ├── bcrypt-pbkdf@1.0.2
19 silly currentTree ├── body-parser@1.18.3
19 silly currentTree ├── bytes@3.0.0
19 silly currentTree ├── camelcase@1.2.1
19 silly currentTree ├── caseless@0.12.0
19 silly currentTree ├── center-align@0.1.3
19 silly currentTree ├── character-parser@1.2.1
19 silly currentTree ├─┬ clean-css@3.4.28
19 silly currentTree │ └── commander@2.8.1
19 silly currentTree ├─┬ cliui@2.1.0
19 silly currentTree │ └── wordwrap@0.0.2
19 silly currentTree ├── combined-stream@1.0.8
19 silly currentTree ├── commander@2.6.0
19 silly currentTree ├── constantinople@3.0.2
19 silly currentTree ├── content-disposition@0.5.2
19 silly currentTree ├── content-type@1.0.4
19 silly currentTree ├── cookie-parser@1.4.4
19 silly currentTree ├── cookie-signature@1.0.6
19 silly currentTree ├── cookie@0.3.1
19 silly currentTree ├── core-util-is@1.0.2
19 silly currentTree ├── css-parse@1.0.4
19 silly currentTree ├── css-stringify@1.0.5
19 silly currentTree ├── css@1.0.8
19 silly currentTree ├── dashdash@1.14.1
19 silly currentTree ├── debug@2.6.9
19 silly currentTree ├── decamelize@1.2.0
19 silly currentTree ├── delayed-stream@1.0.0
19 silly currentTree ├── depd@1.1.2
19 silly currentTree ├── destroy@1.0.4
19 silly currentTree ├── ecc-jsbn@0.1.2
19 silly currentTree ├── ee-first@1.1.1
19 silly currentTree ├── encodeurl@1.0.2
19 silly currentTree ├── escape-html@1.0.3
19 silly currentTree ├── etag@1.8.1
19 silly currentTree ├── express@4.16.4
19 silly currentTree ├── extend@3.0.2
19 silly currentTree ├── extsprintf@1.3.0
19 silly currentTree ├── fast-deep-equal@2.0.1
19 silly currentTree ├── fast-json-stable-stringify@2.0.0
19 silly currentTree ├── finalhandler@1.1.1
19 silly currentTree ├── forever-agent@0.6.1
19 silly currentTree ├── form-data@2.3.3
19 silly currentTree ├── forwarded@0.1.2
19 silly currentTree ├── fresh@0.5.2
19 silly currentTree ├── getpass@0.1.7
19 silly currentTree ├── graceful-readlink@1.0.1
19 silly currentTree ├── har-schema@2.0.0
19 silly currentTree ├── har-validator@5.1.3
19 silly currentTree ├── http-errors@1.6.3
19 silly currentTree ├── http-signature@1.2.0
19 silly currentTree ├── iconv-lite@0.4.23
19 silly currentTree ├── inherits@2.0.3
19 silly currentTree ├── ipaddr.js@1.9.0
19 silly currentTree ├── is-buffer@1.1.6
19 silly currentTree ├── is-promise@2.1.0
19 silly currentTree ├── is-typedarray@1.0.0
19 silly currentTree ├── isstream@0.1.2
19 silly currentTree ├── jade@1.11.0
19 silly currentTree ├── jsbn@0.1.1
19 silly currentTree ├── json-schema-traverse@0.4.1
19 silly currentTree ├── json-schema@0.2.3
19 silly currentTree ├── json-stringify-safe@5.0.1
19 silly currentTree ├── jsprim@1.4.1
19 silly currentTree ├── jstransformer@0.0.2
19 silly currentTree ├── kind-of@3.2.2
19 silly currentTree ├── lazy-cache@1.0.4
19 silly currentTree ├── longest@1.0.1
19 silly currentTree ├── media-typer@0.3.0
19 silly currentTree ├── merge-descriptors@1.0.1
19 silly currentTree ├── methods@1.1.2
19 silly currentTree ├── mime-db@1.42.0
19 silly currentTree ├── mime-types@2.1.25
19 silly currentTree ├── mime@1.4.1
19 silly currentTree ├── minimist@0.0.8
19 silly currentTree ├── mkdirp@0.5.1
19 silly currentTree ├── morgan@1.9.1
19 silly currentTree ├── ms@2.0.0
19 silly currentTree ├── negotiator@0.6.2
19 silly currentTree ├── oauth-sign@0.9.0
19 silly currentTree ├── on-finished@2.3.0
19 silly currentTree ├── on-headers@1.0.2
19 silly currentTree ├── optimist@0.3.7
19 silly currentTree ├── parseurl@1.3.3
19 silly currentTree ├── path-to-regexp@0.1.7
19 silly currentTree ├── performance-now@2.1.0
19 silly currentTree ├── promise@6.1.0
19 silly currentTree ├── proxy-addr@2.0.5
19 silly currentTree ├── psl@1.4.0
19 silly currentTree ├── punycode@2.1.1
19 silly currentTree ├── qs@6.5.2
19 silly currentTree ├── range-parser@1.2.1
19 silly currentTree ├── raw-body@2.3.3
19 silly currentTree ├── repeat-string@1.6.1
19 silly currentTree ├── request@2.88.0
19 silly currentTree ├── right-align@0.1.3
19 silly currentTree ├── safe-buffer@5.1.2
19 silly currentTree ├── safer-buffer@2.1.2
19 silly currentTree ├── send@0.16.2
19 silly currentTree ├── serve-static@1.13.2
19 silly currentTree ├── setprototypeof@1.1.0
19 silly currentTree ├── source-map@0.4.4
19 silly currentTree ├── sshpk@1.16.1
19 silly currentTree ├── statuses@1.4.0
19 silly currentTree ├─┬ tough-cookie@2.4.3
19 silly currentTree │ └── punycode@1.4.1
19 silly currentTree ├─┬ transformers@2.1.0
19 silly currentTree │ ├── is-promise@1.0.1
19 silly currentTree │ ├── promise@2.0.0
19 silly currentTree │ ├── source-map@0.1.43
19 silly currentTree │ └── uglify-js@2.2.5
19 silly currentTree ├── tunnel-agent@0.6.0
19 silly currentTree ├── tweetnacl@0.14.5
19 silly currentTree ├── type-is@1.6.18
19 silly currentTree ├─┬ uglify-js@2.8.29
19 silly currentTree │ └── source-map@0.5.7
19 silly currentTree ├── uglify-to-browserify@1.0.2
19 silly currentTree ├── unpipe@1.0.0
19 silly currentTree ├── uri-js@4.2.2
19 silly currentTree ├── utils-merge@1.0.1
19 silly currentTree ├── uuid@3.3.3
19 silly currentTree ├── vary@1.1.2
19 silly currentTree ├── verror@1.10.0
19 silly currentTree ├── void-elements@2.0.1
19 silly currentTree ├── window-size@0.1.0
19 silly currentTree ├─┬ with@4.0.3
19 silly currentTree │ └── acorn@1.2.2
19 silly currentTree ├── wordwrap@0.0.3
19 silly currentTree └── yargs@3.10.0
20 silly idealTree aloe@0.0.0
20 silly idealTree ├── accepts@1.3.7
20 silly idealTree ├── acorn-globals@1.0.9
20 silly idealTree ├── acorn@2.7.0
20 silly idealTree ├── ajv@6.10.2
20 silly idealTree ├── align-text@0.1.4
20 silly idealTree ├── amdefine@1.0.1
20 silly idealTree ├── array-flatten@1.1.1
20 silly idealTree ├── asap@1.0.0
20 silly idealTree ├── asn1@0.2.4
20 silly idealTree ├── assert-plus@1.0.0
20 silly idealTree ├── asynckit@0.4.0
20 silly idealTree ├── aws-sign2@0.7.0
20 silly idealTree ├── aws4@1.8.0
20 silly idealTree ├── basic-auth@2.0.1
20 silly idealTree ├── bcrypt-pbkdf@1.0.2
20 silly idealTree ├── body-parser@1.18.3
20 silly idealTree ├── bytes@3.0.0
20 silly idealTree ├── camelcase@1.2.1
20 silly idealTree ├── caseless@0.12.0
20 silly idealTree ├── center-align@0.1.3
20 silly idealTree ├── character-parser@1.2.1
20 silly idealTree ├─┬ clean-css@3.4.28
20 silly idealTree │ └── commander@2.8.1
20 silly idealTree ├─┬ cliui@2.1.0
20 silly idealTree │ └── wordwrap@0.0.2
20 silly idealTree ├── combined-stream@1.0.8
20 silly idealTree ├── commander@2.6.0
20 silly idealTree ├── constantinople@3.0.2
20 silly idealTree ├── content-disposition@0.5.2
20 silly idealTree ├── content-type@1.0.4
20 silly idealTree ├── cookie-parser@1.4.4
20 silly idealTree ├── cookie-signature@1.0.6
20 silly idealTree ├── cookie@0.3.1
20 silly idealTree ├── core-util-is@1.0.2
20 silly idealTree ├── css-parse@1.0.4
20 silly idealTree ├── css-stringify@1.0.5
20 silly idealTree ├── css@1.0.8
20 silly idealTree ├── dashdash@1.14.1
20 silly idealTree ├── debug@2.6.9
20 silly idealTree ├── decamelize@1.2.0
20 silly idealTree ├── delayed-stream@1.0.0
20 silly idealTree ├── depd@1.1.2
20 silly idealTree ├── destroy@1.0.4
20 silly idealTree ├── ecc-jsbn@0.1.2
20 silly idealTree ├── ee-first@1.1.1
20 silly idealTree ├── encodeurl@1.0.2
20 silly idealTree ├── escape-html@1.0.3
20 silly idealTree ├── etag@1.8.1
20 silly idealTree ├── express@4.16.4
20 silly idealTree ├── extend@3.0.2
20 silly idealTree ├── extsprintf@1.3.0
20 silly idealTree ├── fast-deep-equal@2.0.1
20 silly idealTree ├── fast-json-stable-stringify@2.0.0
20 silly idealTree ├── finalhandler@1.1.1
20 silly idealTree ├── forever-agent@0.6.1
20 silly idealTree ├── form-data@2.3.3
20 silly idealTree ├── forwarded@0.1.2
20 silly idealTree ├── fresh@0.5.2
20 silly idealTree ├── getpass@0.1.7
20 silly idealTree ├── graceful-readlink@1.0.1
20 silly idealTree ├── har-schema@2.0.0
20 silly idealTree ├── har-validator@5.1.3
20 silly idealTree ├── http-errors@1.6.3
20 silly idealTree ├── http-signature@1.2.0
20 silly idealTree ├── iconv-lite@0.4.23
20 silly idealTree ├── inherits@2.0.3
20 silly idealTree ├── ipaddr.js@1.9.0
20 silly idealTree ├── ipstack@0.1.1
20 silly idealTree ├── is-buffer@1.1.6
20 silly idealTree ├── is-promise@2.1.0
20 silly idealTree ├── is-typedarray@1.0.0
20 silly idealTree ├── isstream@0.1.2
20 silly idealTree ├── jade@1.11.0
20 silly idealTree ├── jsbn@0.1.1
20 silly idealTree ├── json-schema-traverse@0.4.1
20 silly idealTree ├── json-schema@0.2.3
20 silly idealTree ├── json-stringify-safe@5.0.1
20 silly idealTree ├── jsprim@1.4.1
20 silly idealTree ├── jstransformer@0.0.2
20 silly idealTree ├── kind-of@3.2.2
20 silly idealTree ├── lazy-cache@1.0.4
20 silly idealTree ├── longest@1.0.1
20 silly idealTree ├── media-typer@0.3.0
20 silly idealTree ├── merge-descriptors@1.0.1
20 silly idealTree ├── methods@1.1.2
20 silly idealTree ├── mime-db@1.42.0
20 silly idealTree ├── mime-types@2.1.25
20 silly idealTree ├── mime@1.4.1
20 silly idealTree ├── minimist@0.0.8
20 silly idealTree ├── mkdirp@0.5.1
20 silly idealTree ├── morgan@1.9.1
20 silly idealTree ├── ms@2.0.0
20 silly idealTree ├── negotiator@0.6.2
20 silly idealTree ├── oauth-sign@0.9.0
20 silly idealTree ├── on-finished@2.3.0
20 silly idealTree ├── on-headers@1.0.2
20 silly idealTree ├── optimist@0.3.7
20 silly idealTree ├── parseurl@1.3.3
20 silly idealTree ├── path-to-regexp@0.1.7
20 silly idealTree ├── performance-now@2.1.0
20 silly idealTree ├── promise@6.1.0
20 silly idealTree ├── proxy-addr@2.0.5
20 silly idealTree ├── psl@1.4.0
20 silly idealTree ├── punycode@2.1.1
20 silly idealTree ├── qs@6.5.2
20 silly idealTree ├── range-parser@1.2.1
20 silly idealTree ├── raw-body@2.3.3
20 silly idealTree ├── repeat-string@1.6.1
20 silly idealTree ├── request@2.88.0
20 silly idealTree ├── right-align@0.1.3
20 silly idealTree ├── safe-buffer@5.1.2
20 silly idealTree ├── safer-buffer@2.1.2
20 silly idealTree ├── send@0.16.2
20 silly idealTree ├── serve-static@1.13.2
20 silly idealTree ├── setprototypeof@1.1.0
20 silly idealTree ├── source-map@0.4.4
20 silly idealTree ├── sshpk@1.16.1
20 silly idealTree ├── statuses@1.4.0
20 silly idealTree ├─┬ tough-cookie@2.4.3
20 silly idealTree │ └── punycode@1.4.1
20 silly idealTree ├─┬ transformers@2.1.0
20 silly idealTree │ ├── is-promise@1.0.1
20 silly idealTree │ ├── promise@2.0.0
20 silly idealTree │ ├── source-map@0.1.43
20 silly idealTree │ └── uglify-js@2.2.5
20 silly idealTree ├── tunnel-agent@0.6.0
20 silly idealTree ├── tweetnacl@0.14.5
20 silly idealTree ├── type-is@1.6.18
20 silly idealTree ├─┬ uglify-js@2.8.29
20 silly idealTree │ └── source-map@0.5.7
20 silly idealTree ├── uglify-to-browserify@1.0.2
20 silly idealTree ├── unpipe@1.0.0
20 silly idealTree ├── uri-js@4.2.2
20 silly idealTree ├── utils-merge@1.0.1
20 silly idealTree ├── uuid@3.3.3
20 silly idealTree ├── vary@1.1.2
20 silly idealTree ├── verror@1.10.0
20 silly idealTree ├── void-elements@2.0.1
20 silly idealTree ├── window-size@0.1.0
20 silly idealTree ├─┬ with@4.0.3
20 silly idealTree │ └── acorn@1.2.2
20 silly idealTree ├── wordwrap@0.0.3
20 silly idealTree └── yargs@3.10.0
21 silly install generateActionsToTake
22 warn checkPermissions Missing write access to /home/pi/aloe/node_modules
23 timing stage:rollbackFailedOptional Completed in 11ms
24 timing stage:runTopLevelLifecycles Completed in 24570ms
25 silly saveTree aloe@0.0.0
25 silly saveTree ├─┬ cookie-parser@1.4.4
25 silly saveTree │ ├── cookie-signature@1.0.6
25 silly saveTree │ └── cookie@0.3.1
25 silly saveTree ├─┬ debug@2.6.9
25 silly saveTree │ └── ms@2.0.0
25 silly saveTree ├─┬ express@4.16.4
25 silly saveTree │ ├─┬ accepts@1.3.7
25 silly saveTree │ │ ├─┬ mime-types@2.1.25
25 silly saveTree │ │ │ └── mime-db@1.42.0
25 silly saveTree │ │ └── negotiator@0.6.2
25 silly saveTree │ ├── array-flatten@1.1.1
25 silly saveTree │ ├─┬ body-parser@1.18.3
25 silly saveTree │ │ ├── bytes@3.0.0
25 silly saveTree │ │ ├── content-type@1.0.4
25 silly saveTree │ │ ├── depd@1.1.2
25 silly saveTree │ │ ├─┬ http-errors@1.6.3
25 silly saveTree │ │ │ ├── inherits@2.0.3
25 silly saveTree │ │ │ ├── setprototypeof@1.1.0
25 silly saveTree │ │ │ └── statuses@1.4.0
25 silly saveTree │ │ ├─┬ iconv-lite@0.4.23
25 silly saveTree │ │ │ └── safer-buffer@2.1.2
25 silly saveTree │ │ ├─┬ on-finished@2.3.0
25 silly saveTree │ │ │ └── ee-first@1.1.1
25 silly saveTree │ │ ├── qs@6.5.2
25 silly saveTree │ │ ├─┬ raw-body@2.3.3
25 silly saveTree │ │ │ └── unpipe@1.0.0
25 silly saveTree │ │ └─┬ type-is@1.6.18
25 silly saveTree │ │   └── media-typer@0.3.0
25 silly saveTree │ ├── content-disposition@0.5.2
25 silly saveTree │ ├── content-type@1.0.4
25 silly saveTree │ ├── depd@1.1.2
25 silly saveTree │ ├── encodeurl@1.0.2
25 silly saveTree │ ├── escape-html@1.0.3
25 silly saveTree │ ├── etag@1.8.1
25 silly saveTree │ ├─┬ finalhandler@1.1.1
25 silly saveTree │ │ └── parseurl@1.3.3
25 silly saveTree │ ├── fresh@0.5.2
25 silly saveTree │ ├── merge-descriptors@1.0.1
25 silly saveTree │ ├── methods@1.1.2
25 silly saveTree │ ├── on-finished@2.3.0
25 silly saveTree │ ├── parseurl@1.3.3
25 silly saveTree │ ├── path-to-regexp@0.1.7
25 silly saveTree │ ├─┬ proxy-addr@2.0.5
25 silly saveTree │ │ ├── forwarded@0.1.2
25 silly saveTree │ │ └── ipaddr.js@1.9.0
25 silly saveTree │ ├── qs@6.5.2
25 silly saveTree │ ├── range-parser@1.2.1
25 silly saveTree │ ├── safe-buffer@5.1.2
25 silly saveTree │ ├─┬ send@0.16.2
25 silly saveTree │ │ ├── destroy@1.0.4
25 silly saveTree │ │ └── mime@1.4.1
25 silly saveTree │ ├── serve-static@1.13.2
25 silly saveTree │ ├── setprototypeof@1.1.0
25 silly saveTree │ ├── statuses@1.4.0
25 silly saveTree │ ├── type-is@1.6.18
25 silly saveTree │ ├── utils-merge@1.0.1
25 silly saveTree │ └── vary@1.1.2
25 silly saveTree ├── http-errors@1.6.3
25 silly saveTree ├── ipstack@0.1.1
25 silly saveTree ├─┬ jade@1.11.0
25 silly saveTree │ ├── character-parser@1.2.1
25 silly saveTree │ ├─┬ clean-css@3.4.28
25 silly saveTree │ │ ├─┬ commander@2.8.1
25 silly saveTree │ │ │ └── graceful-readlink@1.0.1
25 silly saveTree │ │ └─┬ source-map@0.4.4
25 silly saveTree │ │   └── amdefine@1.0.1
25 silly saveTree │ ├── commander@2.6.0
25 silly saveTree │ ├─┬ constantinople@3.0.2
25 silly saveTree │ │ └── acorn@2.7.0
25 silly saveTree │ ├─┬ jstransformer@0.0.2
25 silly saveTree │ │ ├── is-promise@2.1.0
25 silly saveTree │ │ └─┬ promise@6.1.0
25 silly saveTree │ │   └── asap@1.0.0
25 silly saveTree │ ├─┬ mkdirp@0.5.1
25 silly saveTree │ │ └── minimist@0.0.8
25 silly saveTree │ ├─┬ transformers@2.1.0
25 silly saveTree │ │ ├─┬ css@1.0.8
25 silly saveTree │ │ │ ├── css-parse@1.0.4
25 silly saveTree │ │ │ └── css-stringify@1.0.5
25 silly saveTree │ │ ├─┬ promise@2.0.0
25 silly saveTree │ │ │ └── is-promise@1.0.1
25 silly saveTree │ │ └─┬ uglify-js@2.2.5
25 silly saveTree │ │   ├─┬ optimist@0.3.7
25 silly saveTree │ │   │ └── wordwrap@0.0.3
25 silly saveTree │ │   └── source-map@0.1.43
25 silly saveTree │ ├─┬ uglify-js@2.8.29
25 silly saveTree │ │ ├── source-map@0.5.7
25 silly saveTree │ │ ├── uglify-to-browserify@1.0.2
25 silly saveTree │ │ └─┬ yargs@3.10.0
25 silly saveTree │ │   ├── camelcase@1.2.1
25 silly saveTree │ │   ├─┬ cliui@2.1.0
25 silly saveTree │ │   │ ├─┬ center-align@0.1.3
25 silly saveTree │ │   │ │ ├─┬ align-text@0.1.4
25 silly saveTree │ │   │ │ │ ├─┬ kind-of@3.2.2
25 silly saveTree │ │   │ │ │ │ └── is-buffer@1.1.6
25 silly saveTree │ │   │ │ │ ├── longest@1.0.1
25 silly saveTree │ │   │ │ │ └── repeat-string@1.6.1
25 silly saveTree │ │   │ │ └── lazy-cache@1.0.4
25 silly saveTree │ │   │ ├── right-align@0.1.3
25 silly saveTree │ │   │ └── wordwrap@0.0.2
25 silly saveTree │ │   ├── decamelize@1.2.0
25 silly saveTree │ │   └── window-size@0.1.0
25 silly saveTree │ ├── void-elements@2.0.1
25 silly saveTree │ └─┬ with@4.0.3
25 silly saveTree │   ├── acorn-globals@1.0.9
25 silly saveTree │   └── acorn@1.2.2
25 silly saveTree ├─┬ morgan@1.9.1
25 silly saveTree │ ├── basic-auth@2.0.1
25 silly saveTree │ └── on-headers@1.0.2
25 silly saveTree └─┬ request@2.88.0
25 silly saveTree   ├── aws-sign2@0.7.0
25 silly saveTree   ├── aws4@1.8.0
25 silly saveTree   ├── caseless@0.12.0
25 silly saveTree   ├─┬ combined-stream@1.0.8
25 silly saveTree   │ └── delayed-stream@1.0.0
25 silly saveTree   ├── extend@3.0.2
25 silly saveTree   ├── forever-agent@0.6.1
25 silly saveTree   ├─┬ form-data@2.3.3
25 silly saveTree   │ └── asynckit@0.4.0
25 silly saveTree   ├─┬ har-validator@5.1.3
25 silly saveTree   │ ├─┬ ajv@6.10.2
25 silly saveTree   │ │ ├── fast-deep-equal@2.0.1
25 silly saveTree   │ │ ├── fast-json-stable-stringify@2.0.0
25 silly saveTree   │ │ ├── json-schema-traverse@0.4.1
25 silly saveTree   │ │ └─┬ uri-js@4.2.2
25 silly saveTree   │ │   └── punycode@2.1.1
25 silly saveTree   │ └── har-schema@2.0.0
25 silly saveTree   ├─┬ http-signature@1.2.0
25 silly saveTree   │ ├── assert-plus@1.0.0
25 silly saveTree   │ ├─┬ jsprim@1.4.1
25 silly saveTree   │ │ ├── extsprintf@1.3.0
25 silly saveTree   │ │ ├── json-schema@0.2.3
25 silly saveTree   │ │ └─┬ verror@1.10.0
25 silly saveTree   │ │   └── core-util-is@1.0.2
25 silly saveTree   │ └─┬ sshpk@1.16.1
25 silly saveTree   │   ├── asn1@0.2.4
25 silly saveTree   │   ├─┬ bcrypt-pbkdf@1.0.2
25 silly saveTree   │   │ └── tweetnacl@0.14.5
25 silly saveTree   │   ├── dashdash@1.14.1
25 silly saveTree   │   ├─┬ ecc-jsbn@0.1.2
25 silly saveTree   │   │ └── jsbn@0.1.1
25 silly saveTree   │   ├── getpass@0.1.7
25 silly saveTree   │   ├── jsbn@0.1.1
25 silly saveTree   │   └── tweetnacl@0.14.5
25 silly saveTree   ├── is-typedarray@1.0.0
25 silly saveTree   ├── isstream@0.1.2
25 silly saveTree   ├── json-stringify-safe@5.0.1
25 silly saveTree   ├── oauth-sign@0.9.0
25 silly saveTree   ├── performance-now@2.1.0
25 silly saveTree   ├─┬ tough-cookie@2.4.3
25 silly saveTree   │ ├── psl@1.4.0
25 silly saveTree   │ └── punycode@1.4.1
25 silly saveTree   ├── tunnel-agent@0.6.0
25 silly saveTree   └── uuid@3.3.3
26 verbose stack Error: EACCES: permission denied, access '/home/pi/aloe/node_modules'
27 verbose cwd /home/pi/aloe
28 verbose Linux 4.19.75+
29 verbose argv "/usr/local/bin/node" "/usr/local/bin/npm" "install" "--save" "ipstack"
30 verbose node v11.15.0
31 verbose npm  v6.7.0
32 error path /home/pi/aloe/node_modules
33 error code EACCES
34 error errno -13
35 error syscall access
36 error Error: EACCES: permission denied, access '/home/pi/aloe/node_modules'
36 error  { [Error: EACCES: permission denied, access '/home/pi/aloe/node_modules']
36 error   stack:
36 error    "Error: EACCES: permission denied, access '/home/pi/aloe/node_modules'",
36 error   errno: -13,
36 error   code: 'EACCES',
36 error   syscall: 'access',
36 error   path: '/home/pi/aloe/node_modules' }
37 error The operation was rejected by your operating system.
37 error It is likely you do not have the permissions to access this file as the current user
37 error
37 error If you believe this might be a permissions issue, please double-check the
37 error permissions of the file and its containing directories, or try running
37 error the command again as root/Administrator (though this is not recommended).
38 verbose exit [ -13, true ]
