0 info it worked if it ends with ok
1 verbose cli [ '/usr/local/bin/node',
1 verbose cli   '/usr/local/bin/npm',
1 verbose cli   'install',
1 verbose cli   'onoff' ]
2 info using npm@6.7.0
3 info using node@v11.15.0
4 verbose npm-session 43ba18acddcf0c96
5 silly install loadCurrentTree
6 silly install readLocalPackageData
7 http fetch GET 200 https://registry.npmjs.org/onoff 1694ms
8 silly pacote tag manifest for onoff@latest fetched in 1941ms
9 timing stage:loadCurrentTree Completed in 14552ms
10 silly install loadIdealTree
11 silly install cloneCurrentTreeToIdealTree
12 timing stage:loadIdealTree:cloneCurrentTree Completed in 190ms
13 silly install loadShrinkwrap
14 timing stage:loadIdealTree:loadShrinkwrap Completed in 5383ms
15 silly install loadAllDepsIntoIdealTree
16 silly resolveWithNewModule onoff@5.0.0 checking installable status
17 http fetch GET 200 https://registry.npmjs.org/epoll 521ms
18 silly pacote range manifest for epoll@^3.0.0 fetched in 693ms
19 silly resolveWithNewModule epoll@3.0.0 checking installable status
20 http fetch GET 200 https://registry.npmjs.org/lodash.debounce 651ms
21 silly pacote range manifest for lodash.debounce@^4.0.8 fetched in 758ms
22 silly resolveWithNewModule lodash.debounce@4.0.8 checking installable status
23 http fetch GET 200 https://registry.npmjs.org/bindings 439ms
24 http fetch GET 200 https://registry.npmjs.org/nan 503ms
25 silly pacote range manifest for bindings@^1.5.0 fetched in 640ms
26 silly resolveWithNewModule bindings@1.5.0 checking installable status
27 silly pacote range manifest for nan@^2.14.0 fetched in 639ms
28 silly resolveWithNewModule nan@2.14.0 checking installable status
29 http fetch GET 200 https://registry.npmjs.org/file-uri-to-path 174ms
30 http fetch GET 200 https://registry.npmjs.org/file-uri-to-path/-/file-uri-to-path-1.0.0.tgz 394ms
31 silly pacote version manifest for file-uri-to-path@1.0.0 fetched in 727ms
32 silly resolveWithNewModule file-uri-to-path@1.0.0 checking installable status
33 timing stage:loadIdealTree:loadAllDepsIntoIdealTree Completed in 8343ms
34 timing stage:loadIdealTree Completed in 15762ms
35 silly currentTree aloe@0.0.0
35 silly currentTree ├── accepts@1.3.7
35 silly currentTree ├── acorn-globals@1.0.9
35 silly currentTree ├── acorn@2.7.0
35 silly currentTree ├── ajv@6.10.2
35 silly currentTree ├── align-text@0.1.4
35 silly currentTree ├── amdefine@1.0.1
35 silly currentTree ├── array-flatten@1.1.1
35 silly currentTree ├── asap@1.0.0
35 silly currentTree ├── asn1@0.2.4
35 silly currentTree ├── assert-plus@1.0.0
35 silly currentTree ├── asynckit@0.4.0
35 silly currentTree ├── aws-sign2@0.7.0
35 silly currentTree ├── aws4@1.8.0
35 silly currentTree ├─┬ axios@0.19.0
35 silly currentTree │ └── is-buffer@2.0.4
35 silly currentTree ├── basic-auth@2.0.1
35 silly currentTree ├── bcrypt-pbkdf@1.0.2
35 silly currentTree ├── body-parser@1.18.3
35 silly currentTree ├── bytes@3.0.0
35 silly currentTree ├── camelcase@1.2.1
35 silly currentTree ├── caseless@0.12.0
35 silly currentTree ├── center-align@0.1.3
35 silly currentTree ├── character-parser@1.2.1
35 silly currentTree ├─┬ clean-css@3.4.28
35 silly currentTree │ └── commander@2.8.1
35 silly currentTree ├─┬ cliui@2.1.0
35 silly currentTree │ └── wordwrap@0.0.2
35 silly currentTree ├── combined-stream@1.0.8
35 silly currentTree ├── commander@2.6.0
35 silly currentTree ├── constantinople@3.0.2
35 silly currentTree ├── content-disposition@0.5.2
35 silly currentTree ├── content-type@1.0.4
35 silly currentTree ├── cookie-parser@1.4.4
35 silly currentTree ├── cookie-signature@1.0.6
35 silly currentTree ├── cookie@0.3.1
35 silly currentTree ├── core-util-is@1.0.2
35 silly currentTree ├── css-parse@1.0.4
35 silly currentTree ├── css-stringify@1.0.5
35 silly currentTree ├── css@1.0.8
35 silly currentTree ├── dashdash@1.14.1
35 silly currentTree ├── debug@2.6.9
35 silly currentTree ├── decamelize@1.2.0
35 silly currentTree ├── delayed-stream@1.0.0
35 silly currentTree ├── depd@1.1.2
35 silly currentTree ├── destroy@1.0.4
35 silly currentTree ├── dotenv@8.2.0
35 silly currentTree ├── ecc-jsbn@0.1.2
35 silly currentTree ├── ee-first@1.1.1
35 silly currentTree ├── encodeurl@1.0.2
35 silly currentTree ├── escape-html@1.0.3
35 silly currentTree ├── etag@1.8.1
35 silly currentTree ├── express@4.16.4
35 silly currentTree ├── extend@3.0.2
35 silly currentTree ├── extsprintf@1.3.0
35 silly currentTree ├── fast-deep-equal@2.0.1
35 silly currentTree ├── fast-json-stable-stringify@2.0.0
35 silly currentTree ├── finalhandler@1.1.1
35 silly currentTree ├─┬ follow-redirects@1.5.10
35 silly currentTree │ └── debug@3.1.0
35 silly currentTree ├── forever-agent@0.6.1
35 silly currentTree ├── form-data@2.3.3
35 silly currentTree ├── forwarded@0.1.2
35 silly currentTree ├── fresh@0.5.2
35 silly currentTree ├── getpass@0.1.7
35 silly currentTree ├── gpio@0.2.10
35 silly currentTree ├── graceful-readlink@1.0.1
35 silly currentTree ├── har-schema@2.0.0
35 silly currentTree ├── har-validator@5.1.3
35 silly currentTree ├── http-errors@1.6.3
35 silly currentTree ├── http-signature@1.2.0
35 silly currentTree ├── iconv-lite@0.4.23
35 silly currentTree ├── inherits@2.0.3
35 silly currentTree ├── ipaddr.js@1.9.0
35 silly currentTree ├── ipstack@0.1.1
35 silly currentTree ├── is-buffer@1.1.6
35 silly currentTree ├── is-promise@2.1.0
35 silly currentTree ├── is-typedarray@1.0.0
35 silly currentTree ├── isstream@0.1.2
35 silly currentTree ├── jade@1.11.0
35 silly currentTree ├── jsbn@0.1.1
35 silly currentTree ├── json-schema-traverse@0.4.1
35 silly currentTree ├── json-schema@0.2.3
35 silly currentTree ├── json-stringify-safe@5.0.1
35 silly currentTree ├── jsprim@1.4.1
35 silly currentTree ├── jstransformer@0.0.2
35 silly currentTree ├── kind-of@3.2.2
35 silly currentTree ├── lazy-cache@1.0.4
35 silly currentTree ├── lodash.debounce@4.0.8
35 silly currentTree ├── longest@1.0.1
35 silly currentTree ├── media-typer@0.3.0
35 silly currentTree ├── merge-descriptors@1.0.1
35 silly currentTree ├── methods@1.1.2
35 silly currentTree ├── mime-db@1.42.0
35 silly currentTree ├── mime-types@2.1.25
35 silly currentTree ├── mime@1.4.1
35 silly currentTree ├── minimist@0.0.8
35 silly currentTree ├── mkdirp@0.5.1
35 silly currentTree ├── morgan@1.9.1
35 silly currentTree ├── ms@2.0.0
35 silly currentTree ├── negotiator@0.6.2
35 silly currentTree ├── oauth-sign@0.9.0
35 silly currentTree ├── on-finished@2.3.0
35 silly currentTree ├── on-headers@1.0.2
35 silly currentTree ├── optimist@0.3.7
35 silly currentTree ├── parseurl@1.3.3
35 silly currentTree ├── path-to-regexp@0.1.7
35 silly currentTree ├── performance-now@2.1.0
35 silly currentTree ├── promise@6.1.0
35 silly currentTree ├── proxy-addr@2.0.5
35 silly currentTree ├── psl@1.4.0
35 silly currentTree ├── punycode@2.1.1
35 silly currentTree ├── qs@6.5.2
35 silly currentTree ├── range-parser@1.2.1
35 silly currentTree ├── raw-body@2.3.3
35 silly currentTree ├── repeat-string@1.6.1
35 silly currentTree ├── request@2.88.0
35 silly currentTree ├── right-align@0.1.3
35 silly currentTree ├── safe-buffer@5.1.2
35 silly currentTree ├── safer-buffer@2.1.2
35 silly currentTree ├── send@0.16.2
35 silly currentTree ├── serve-static@1.13.2
35 silly currentTree ├── setprototypeof@1.1.0
35 silly currentTree ├── source-map@0.4.4
35 silly currentTree ├── sshpk@1.16.1
35 silly currentTree ├── statuses@1.4.0
35 silly currentTree ├─┬ tough-cookie@2.4.3
35 silly currentTree │ └── punycode@1.4.1
35 silly currentTree ├─┬ transformers@2.1.0
35 silly currentTree │ ├── is-promise@1.0.1
35 silly currentTree │ ├── promise@2.0.0
35 silly currentTree │ ├── source-map@0.1.43
35 silly currentTree │ └── uglify-js@2.2.5
35 silly currentTree ├── tunnel-agent@0.6.0
35 silly currentTree ├── tweetnacl@0.14.5
35 silly currentTree ├── type-is@1.6.18
35 silly currentTree ├─┬ uglify-js@2.8.29
35 silly currentTree │ └── source-map@0.5.7
35 silly currentTree ├── uglify-to-browserify@1.0.2
35 silly currentTree ├── unpipe@1.0.0
35 silly currentTree ├── uri-js@4.2.2
35 silly currentTree ├── utils-merge@1.0.1
35 silly currentTree ├── uuid@3.3.3
35 silly currentTree ├── vary@1.1.2
35 silly currentTree ├── verror@1.10.0
35 silly currentTree ├── void-elements@2.0.1
35 silly currentTree ├── window-size@0.1.0
35 silly currentTree ├─┬ with@4.0.3
35 silly currentTree │ └── acorn@1.2.2
35 silly currentTree ├── wordwrap@0.0.3
35 silly currentTree └── yargs@3.10.0
36 silly idealTree aloe@0.0.0
36 silly idealTree ├── accepts@1.3.7
36 silly idealTree ├── acorn-globals@1.0.9
36 silly idealTree ├── acorn@2.7.0
36 silly idealTree ├── ajv@6.10.2
36 silly idealTree ├── align-text@0.1.4
36 silly idealTree ├── amdefine@1.0.1
36 silly idealTree ├── array-flatten@1.1.1
36 silly idealTree ├── asap@1.0.0
36 silly idealTree ├── asn1@0.2.4
36 silly idealTree ├── assert-plus@1.0.0
36 silly idealTree ├── asynckit@0.4.0
36 silly idealTree ├── aws-sign2@0.7.0
36 silly idealTree ├── aws4@1.8.0
36 silly idealTree ├─┬ axios@0.19.0
36 silly idealTree │ └── is-buffer@2.0.4
36 silly idealTree ├── basic-auth@2.0.1
36 silly idealTree ├── bcrypt-pbkdf@1.0.2
36 silly idealTree ├── bindings@1.5.0
36 silly idealTree ├── body-parser@1.18.3
36 silly idealTree ├── bytes@3.0.0
36 silly idealTree ├── camelcase@1.2.1
36 silly idealTree ├── caseless@0.12.0
36 silly idealTree ├── center-align@0.1.3
36 silly idealTree ├── character-parser@1.2.1
36 silly idealTree ├─┬ clean-css@3.4.28
36 silly idealTree │ └── commander@2.8.1
36 silly idealTree ├─┬ cliui@2.1.0
36 silly idealTree │ └── wordwrap@0.0.2
36 silly idealTree ├── combined-stream@1.0.8
36 silly idealTree ├── commander@2.6.0
36 silly idealTree ├── constantinople@3.0.2
36 silly idealTree ├── content-disposition@0.5.2
36 silly idealTree ├── content-type@1.0.4
36 silly idealTree ├── cookie-parser@1.4.4
36 silly idealTree ├── cookie-signature@1.0.6
36 silly idealTree ├── cookie@0.3.1
36 silly idealTree ├── core-util-is@1.0.2
36 silly idealTree ├── css-parse@1.0.4
36 silly idealTree ├── css-stringify@1.0.5
36 silly idealTree ├── css@1.0.8
36 silly idealTree ├── dashdash@1.14.1
36 silly idealTree ├── debug@2.6.9
36 silly idealTree ├── decamelize@1.2.0
36 silly idealTree ├── delayed-stream@1.0.0
36 silly idealTree ├── depd@1.1.2
36 silly idealTree ├── destroy@1.0.4
36 silly idealTree ├── dotenv@8.2.0
36 silly idealTree ├── ecc-jsbn@0.1.2
36 silly idealTree ├── ee-first@1.1.1
36 silly idealTree ├── encodeurl@1.0.2
36 silly idealTree ├── epoll@3.0.0
36 silly idealTree ├── escape-html@1.0.3
36 silly idealTree ├── etag@1.8.1
36 silly idealTree ├── express@4.16.4
36 silly idealTree ├── extend@3.0.2
36 silly idealTree ├── extsprintf@1.3.0
36 silly idealTree ├── fast-deep-equal@2.0.1
36 silly idealTree ├── fast-json-stable-stringify@2.0.0
36 silly idealTree ├── file-uri-to-path@1.0.0
36 silly idealTree ├── finalhandler@1.1.1
36 silly idealTree ├─┬ follow-redirects@1.5.10
36 silly idealTree │ └── debug@3.1.0
36 silly idealTree ├── forever-agent@0.6.1
36 silly idealTree ├── form-data@2.3.3
36 silly idealTree ├── forwarded@0.1.2
36 silly idealTree ├── fresh@0.5.2
36 silly idealTree ├── getpass@0.1.7
36 silly idealTree ├── gpio@0.2.10
36 silly idealTree ├── graceful-readlink@1.0.1
36 silly idealTree ├── har-schema@2.0.0
36 silly idealTree ├── har-validator@5.1.3
36 silly idealTree ├── http-errors@1.6.3
36 silly idealTree ├── http-signature@1.2.0
36 silly idealTree ├── iconv-lite@0.4.23
36 silly idealTree ├── inherits@2.0.3
36 silly idealTree ├── ipaddr.js@1.9.0
36 silly idealTree ├── ipstack@0.1.1
36 silly idealTree ├── is-buffer@1.1.6
36 silly idealTree ├── is-promise@2.1.0
36 silly idealTree ├── is-typedarray@1.0.0
36 silly idealTree ├── isstream@0.1.2
36 silly idealTree ├── jade@1.11.0
36 silly idealTree ├── jsbn@0.1.1
36 silly idealTree ├── json-schema-traverse@0.4.1
36 silly idealTree ├── json-schema@0.2.3
36 silly idealTree ├── json-stringify-safe@5.0.1
36 silly idealTree ├── jsprim@1.4.1
36 silly idealTree ├── jstransformer@0.0.2
36 silly idealTree ├── kind-of@3.2.2
36 silly idealTree ├── lazy-cache@1.0.4
36 silly idealTree ├── lodash.debounce@4.0.8
36 silly idealTree ├── longest@1.0.1
36 silly idealTree ├── media-typer@0.3.0
36 silly idealTree ├── merge-descriptors@1.0.1
36 silly idealTree ├── methods@1.1.2
36 silly idealTree ├── mime-db@1.42.0
36 silly idealTree ├── mime-types@2.1.25
36 silly idealTree ├── mime@1.4.1
36 silly idealTree ├── minimist@0.0.8
36 silly idealTree ├── mkdirp@0.5.1
36 silly idealTree ├── morgan@1.9.1
36 silly idealTree ├── ms@2.0.0
36 silly idealTree ├── nan@2.14.0
36 silly idealTree ├── negotiator@0.6.2
36 silly idealTree ├── oauth-sign@0.9.0
36 silly idealTree ├── on-finished@2.3.0
36 silly idealTree ├── on-headers@1.0.2
36 silly idealTree ├── onoff@5.0.0
36 silly idealTree ├── optimist@0.3.7
36 silly idealTree ├── parseurl@1.3.3
36 silly idealTree ├── path-to-regexp@0.1.7
36 silly idealTree ├── performance-now@2.1.0
36 silly idealTree ├── promise@6.1.0
36 silly idealTree ├── proxy-addr@2.0.5
36 silly idealTree ├── psl@1.4.0
36 silly idealTree ├── punycode@2.1.1
36 silly idealTree ├── qs@6.5.2
36 silly idealTree ├── range-parser@1.2.1
36 silly idealTree ├── raw-body@2.3.3
36 silly idealTree ├── repeat-string@1.6.1
36 silly idealTree ├── request@2.88.0
36 silly idealTree ├── right-align@0.1.3
36 silly idealTree ├── safe-buffer@5.1.2
36 silly idealTree ├── safer-buffer@2.1.2
36 silly idealTree ├── send@0.16.2
36 silly idealTree ├── serve-static@1.13.2
36 silly idealTree ├── setprototypeof@1.1.0
36 silly idealTree ├── source-map@0.4.4
36 silly idealTree ├── sshpk@1.16.1
36 silly idealTree ├── statuses@1.4.0
36 silly idealTree ├─┬ tough-cookie@2.4.3
36 silly idealTree │ └── punycode@1.4.1
36 silly idealTree ├─┬ transformers@2.1.0
36 silly idealTree │ ├── is-promise@1.0.1
36 silly idealTree │ ├── promise@2.0.0
36 silly idealTree │ ├── source-map@0.1.43
36 silly idealTree │ └── uglify-js@2.2.5
36 silly idealTree ├── tunnel-agent@0.6.0
36 silly idealTree ├── tweetnacl@0.14.5
36 silly idealTree ├── type-is@1.6.18
36 silly idealTree ├─┬ uglify-js@2.8.29
36 silly idealTree │ └── source-map@0.5.7
36 silly idealTree ├── uglify-to-browserify@1.0.2
36 silly idealTree ├── unpipe@1.0.0
36 silly idealTree ├── uri-js@4.2.2
36 silly idealTree ├── utils-merge@1.0.1
36 silly idealTree ├── uuid@3.3.3
36 silly idealTree ├── vary@1.1.2
36 silly idealTree ├── verror@1.10.0
36 silly idealTree ├── void-elements@2.0.1
36 silly idealTree ├── window-size@0.1.0
36 silly idealTree ├─┬ with@4.0.3
36 silly idealTree │ └── acorn@1.2.2
36 silly idealTree ├── wordwrap@0.0.3
36 silly idealTree └── yargs@3.10.0
37 silly install generateActionsToTake
38 warn checkPermissions Missing write access to /home/pi/aloe/node_modules
39 timing stage:rollbackFailedOptional Completed in 12ms
40 timing stage:runTopLevelLifecycles Completed in 31029ms
41 silly saveTree aloe@0.0.0
41 silly saveTree ├─┬ axios@0.19.0
41 silly saveTree │ ├─┬ follow-redirects@1.5.10
41 silly saveTree │ │ └─┬ debug@3.1.0
41 silly saveTree │ │   └── ms@2.0.0
41 silly saveTree │ └── is-buffer@2.0.4
41 silly saveTree ├─┬ cookie-parser@1.4.4
41 silly saveTree │ ├── cookie-signature@1.0.6
41 silly saveTree │ └── cookie@0.3.1
41 silly saveTree ├── debug@2.6.9
41 silly saveTree ├── dotenv@8.2.0
41 silly saveTree ├─┬ express@4.16.4
41 silly saveTree │ ├─┬ accepts@1.3.7
41 silly saveTree │ │ ├─┬ mime-types@2.1.25
41 silly saveTree │ │ │ └── mime-db@1.42.0
41 silly saveTree │ │ └── negotiator@0.6.2
41 silly saveTree │ ├── array-flatten@1.1.1
41 silly saveTree │ ├─┬ body-parser@1.18.3
41 silly saveTree │ │ ├── bytes@3.0.0
41 silly saveTree │ │ ├── content-type@1.0.4
41 silly saveTree │ │ ├── depd@1.1.2
41 silly saveTree │ │ ├─┬ http-errors@1.6.3
41 silly saveTree │ │ │ ├── inherits@2.0.3
41 silly saveTree │ │ │ ├── setprototypeof@1.1.0
41 silly saveTree │ │ │ └── statuses@1.4.0
41 silly saveTree │ │ ├─┬ iconv-lite@0.4.23
41 silly saveTree │ │ │ └── safer-buffer@2.1.2
41 silly saveTree │ │ ├─┬ on-finished@2.3.0
41 silly saveTree │ │ │ └── ee-first@1.1.1
41 silly saveTree │ │ ├── qs@6.5.2
41 silly saveTree │ │ ├─┬ raw-body@2.3.3
41 silly saveTree │ │ │ └── unpipe@1.0.0
41 silly saveTree │ │ └─┬ type-is@1.6.18
41 silly saveTree │ │   └── media-typer@0.3.0
41 silly saveTree │ ├── content-disposition@0.5.2
41 silly saveTree │ ├── content-type@1.0.4
41 silly saveTree │ ├── depd@1.1.2
41 silly saveTree │ ├── encodeurl@1.0.2
41 silly saveTree │ ├── escape-html@1.0.3
41 silly saveTree │ ├── etag@1.8.1
41 silly saveTree │ ├─┬ finalhandler@1.1.1
41 silly saveTree │ │ └── parseurl@1.3.3
41 silly saveTree │ ├── fresh@0.5.2
41 silly saveTree │ ├── merge-descriptors@1.0.1
41 silly saveTree │ ├── methods@1.1.2
41 silly saveTree │ ├── on-finished@2.3.0
41 silly saveTree │ ├── parseurl@1.3.3
41 silly saveTree │ ├── path-to-regexp@0.1.7
41 silly saveTree │ ├─┬ proxy-addr@2.0.5
41 silly saveTree │ │ ├── forwarded@0.1.2
41 silly saveTree │ │ └── ipaddr.js@1.9.0
41 silly saveTree │ ├── qs@6.5.2
41 silly saveTree │ ├── range-parser@1.2.1
41 silly saveTree │ ├── safe-buffer@5.1.2
41 silly saveTree │ ├─┬ send@0.16.2
41 silly saveTree │ │ ├── destroy@1.0.4
41 silly saveTree │ │ └── mime@1.4.1
41 silly saveTree │ ├── serve-static@1.13.2
41 silly saveTree │ ├── setprototypeof@1.1.0
41 silly saveTree │ ├── statuses@1.4.0
41 silly saveTree │ ├── type-is@1.6.18
41 silly saveTree │ ├── utils-merge@1.0.1
41 silly saveTree │ └── vary@1.1.2
41 silly saveTree ├── gpio@0.2.10
41 silly saveTree ├── http-errors@1.6.3
41 silly saveTree ├── ipstack@0.1.1
41 silly saveTree ├─┬ jade@1.11.0
41 silly saveTree │ ├── character-parser@1.2.1
41 silly saveTree │ ├─┬ clean-css@3.4.28
41 silly saveTree │ │ ├─┬ commander@2.8.1
41 silly saveTree │ │ │ └── graceful-readlink@1.0.1
41 silly saveTree │ │ └─┬ source-map@0.4.4
41 silly saveTree │ │   └── amdefine@1.0.1
41 silly saveTree │ ├── commander@2.6.0
41 silly saveTree │ ├─┬ constantinople@3.0.2
41 silly saveTree │ │ └── acorn@2.7.0
41 silly saveTree │ ├─┬ jstransformer@0.0.2
41 silly saveTree │ │ ├── is-promise@2.1.0
41 silly saveTree │ │ └─┬ promise@6.1.0
41 silly saveTree │ │   └── asap@1.0.0
41 silly saveTree │ ├─┬ mkdirp@0.5.1
41 silly saveTree │ │ └── minimist@0.0.8
41 silly saveTree │ ├─┬ transformers@2.1.0
41 silly saveTree │ │ ├─┬ css@1.0.8
41 silly saveTree │ │ │ ├── css-parse@1.0.4
41 silly saveTree │ │ │ └── css-stringify@1.0.5
41 silly saveTree │ │ ├─┬ promise@2.0.0
41 silly saveTree │ │ │ └── is-promise@1.0.1
41 silly saveTree │ │ └─┬ uglify-js@2.2.5
41 silly saveTree │ │   ├─┬ optimist@0.3.7
41 silly saveTree │ │   │ └── wordwrap@0.0.3
41 silly saveTree │ │   └── source-map@0.1.43
41 silly saveTree │ ├─┬ uglify-js@2.8.29
41 silly saveTree │ │ ├── source-map@0.5.7
41 silly saveTree │ │ ├── uglify-to-browserify@1.0.2
41 silly saveTree │ │ └─┬ yargs@3.10.0
41 silly saveTree │ │   ├── camelcase@1.2.1
41 silly saveTree │ │   ├─┬ cliui@2.1.0
41 silly saveTree │ │   │ ├─┬ center-align@0.1.3
41 silly saveTree │ │   │ │ ├─┬ align-text@0.1.4
41 silly saveTree │ │   │ │ │ ├─┬ kind-of@3.2.2
41 silly saveTree │ │   │ │ │ │ └── is-buffer@1.1.6
41 silly saveTree │ │   │ │ │ ├── longest@1.0.1
41 silly saveTree │ │   │ │ │ └── repeat-string@1.6.1
41 silly saveTree │ │   │ │ └── lazy-cache@1.0.4
41 silly saveTree │ │   │ ├── right-align@0.1.3
41 silly saveTree │ │   │ └── wordwrap@0.0.2
41 silly saveTree │ │   ├── decamelize@1.2.0
41 silly saveTree │ │   └── window-size@0.1.0
41 silly saveTree │ ├── void-elements@2.0.1
41 silly saveTree │ └─┬ with@4.0.3
41 silly saveTree │   ├── acorn-globals@1.0.9
41 silly saveTree │   └── acorn@1.2.2
41 silly saveTree ├─┬ morgan@1.9.1
41 silly saveTree │ ├── basic-auth@2.0.1
41 silly saveTree │ └── on-headers@1.0.2
41 silly saveTree ├─┬ onoff@5.0.0
41 silly saveTree │ ├─┬ epoll@3.0.0
41 silly saveTree │ │ ├─┬ bindings@1.5.0
41 silly saveTree │ │ │ └── file-uri-to-path@1.0.0
41 silly saveTree │ │ └── nan@2.14.0
41 silly saveTree │ └── lodash.debounce@4.0.8
41 silly saveTree └─┬ request@2.88.0
41 silly saveTree   ├── aws-sign2@0.7.0
41 silly saveTree   ├── aws4@1.8.0
41 silly saveTree   ├── caseless@0.12.0
41 silly saveTree   ├─┬ combined-stream@1.0.8
41 silly saveTree   │ └── delayed-stream@1.0.0
41 silly saveTree   ├── extend@3.0.2
41 silly saveTree   ├── forever-agent@0.6.1
41 silly saveTree   ├─┬ form-data@2.3.3
41 silly saveTree   │ └── asynckit@0.4.0
41 silly saveTree   ├─┬ har-validator@5.1.3
41 silly saveTree   │ ├─┬ ajv@6.10.2
41 silly saveTree   │ │ ├── fast-deep-equal@2.0.1
41 silly saveTree   │ │ ├── fast-json-stable-stringify@2.0.0
41 silly saveTree   │ │ ├── json-schema-traverse@0.4.1
41 silly saveTree   │ │ └─┬ uri-js@4.2.2
41 silly saveTree   │ │   └── punycode@2.1.1
41 silly saveTree   │ └── har-schema@2.0.0
41 silly saveTree   ├─┬ http-signature@1.2.0
41 silly saveTree   │ ├── assert-plus@1.0.0
41 silly saveTree   │ ├─┬ jsprim@1.4.1
41 silly saveTree   │ │ ├── extsprintf@1.3.0
41 silly saveTree   │ │ ├── json-schema@0.2.3
41 silly saveTree   │ │ └─┬ verror@1.10.0
41 silly saveTree   │ │   └── core-util-is@1.0.2
41 silly saveTree   │ └─┬ sshpk@1.16.1
41 silly saveTree   │   ├── asn1@0.2.4
41 silly saveTree   │   ├─┬ bcrypt-pbkdf@1.0.2
41 silly saveTree   │   │ └── tweetnacl@0.14.5
41 silly saveTree   │   ├── dashdash@1.14.1
41 silly saveTree   │   ├─┬ ecc-jsbn@0.1.2
41 silly saveTree   │   │ └── jsbn@0.1.1
41 silly saveTree   │   ├── getpass@0.1.7
41 silly saveTree   │   ├── jsbn@0.1.1
41 silly saveTree   │   └── tweetnacl@0.14.5
41 silly saveTree   ├── is-typedarray@1.0.0
41 silly saveTree   ├── isstream@0.1.2
41 silly saveTree   ├── json-stringify-safe@5.0.1
41 silly saveTree   ├── oauth-sign@0.9.0
41 silly saveTree   ├── performance-now@2.1.0
41 silly saveTree   ├─┬ tough-cookie@2.4.3
41 silly saveTree   │ ├── psl@1.4.0
41 silly saveTree   │ └── punycode@1.4.1
41 silly saveTree   ├── tunnel-agent@0.6.0
41 silly saveTree   └── uuid@3.3.3
42 verbose stack Error: EACCES: permission denied, access '/home/pi/aloe/node_modules'
43 verbose cwd /home/pi/aloe
44 verbose Linux 4.19.75+
45 verbose argv "/usr/local/bin/node" "/usr/local/bin/npm" "install" "onoff"
46 verbose node v11.15.0
47 verbose npm  v6.7.0
48 error path /home/pi/aloe/node_modules
49 error code EACCES
50 error errno -13
51 error syscall access
52 error Error: EACCES: permission denied, access '/home/pi/aloe/node_modules'
52 error  { [Error: EACCES: permission denied, access '/home/pi/aloe/node_modules']
52 error   stack:
52 error    "Error: EACCES: permission denied, access '/home/pi/aloe/node_modules'",
52 error   errno: -13,
52 error   code: 'EACCES',
52 error   syscall: 'access',
52 error   path: '/home/pi/aloe/node_modules' }
53 error The operation was rejected by your operating system.
53 error It is likely you do not have the permissions to access this file as the current user
53 error
53 error If you believe this might be a permissions issue, please double-check the
53 error permissions of the file and its containing directories, or try running
53 error the command again as root/Administrator (though this is not recommended).
54 verbose exit [ -13, true ]
