0 info it worked if it ends with ok
1 verbose cli [ '/usr/local/bin/node',
1 verbose cli   '/usr/local/bin/npm',
1 verbose cli   'install',
1 verbose cli   'request' ]
2 info using npm@6.7.0
3 info using node@v11.15.0
4 verbose npm-session a7d6c3fccfec0032
5 silly install loadCurrentTree
6 silly install readLocalPackageData
7 http fetch GET 200 https://registry.npmjs.org/request 1464ms
8 silly pacote tag manifest for request@latest fetched in 1766ms
9 timing stage:loadCurrentTree Completed in 9319ms
10 silly install loadIdealTree
11 silly install cloneCurrentTreeToIdealTree
12 timing stage:loadIdealTree:cloneCurrentTree Completed in 43ms
13 silly install loadShrinkwrap
14 timing stage:loadIdealTree:loadShrinkwrap Completed in 3115ms
15 silly install loadAllDepsIntoIdealTree
16 silly resolveWithNewModule request@2.88.0 checking installable status
17 http fetch GET 200 https://registry.npmjs.org/aws-sign2 1614ms
18 http fetch GET 200 https://registry.npmjs.org/is-typedarray 1353ms
19 http fetch GET 200 https://registry.npmjs.org/combined-stream 1610ms
20 http fetch GET 200 https://registry.npmjs.org/har-validator 1464ms
21 http fetch GET 200 https://registry.npmjs.org/aws4 1709ms
22 http fetch GET 200 https://registry.npmjs.org/form-data 1523ms
23 http fetch GET 200 https://registry.npmjs.org/forever-agent 1578ms
24 http fetch GET 200 https://registry.npmjs.org/caseless 1812ms
25 http fetch GET 200 https://registry.npmjs.org/extend 1718ms
26 http fetch GET 200 https://registry.npmjs.org/http-signature 1582ms
27 silly pacote range manifest for aws-sign2@~0.7.0 fetched in 2630ms
28 silly resolveWithNewModule aws-sign2@0.7.0 checking installable status
29 silly pacote range manifest for combined-stream@~1.0.6 fetched in 2619ms
30 silly resolveWithNewModule combined-stream@1.0.8 checking installable status
31 silly pacote range manifest for har-validator@~5.1.0 fetched in 2471ms
32 silly resolveWithNewModule har-validator@5.1.3 checking installable status
33 silly pacote range manifest for forever-agent@~0.6.1 fetched in 2563ms
34 silly resolveWithNewModule forever-agent@0.6.1 checking installable status
35 silly pacote range manifest for is-typedarray@~1.0.0 fetched in 2521ms
36 silly resolveWithNewModule is-typedarray@1.0.0 checking installable status
37 silly pacote range manifest for caseless@~0.12.0 fetched in 2795ms
38 silly resolveWithNewModule caseless@0.12.0 checking installable status
39 silly pacote range manifest for aws4@^1.8.0 fetched in 2946ms
40 silly resolveWithNewModule aws4@1.8.0 checking installable status
41 silly pacote range manifest for form-data@~2.3.2 fetched in 2781ms
42 silly resolveWithNewModule form-data@2.3.3 checking installable status
43 silly pacote range manifest for extend@~3.0.2 fetched in 2932ms
44 silly resolveWithNewModule extend@3.0.2 checking installable status
45 http fetch GET 200 https://registry.npmjs.org/http-signature/-/http-signature-1.2.0.tgz 1271ms
46 http fetch GET 200 https://registry.npmjs.org/isstream 863ms
47 http fetch GET 200 https://registry.npmjs.org/oauth-sign 867ms
48 http fetch GET 200 https://registry.npmjs.org/performance-now 863ms
49 http fetch GET 200 https://registry.npmjs.org/tunnel-agent 769ms
50 http fetch GET 200 https://registry.npmjs.org/json-stringify-safe 954ms
51 http fetch GET 200 https://registry.npmjs.org/uuid 694ms
52 http fetch GET 200 https://registry.npmjs.org/tough-cookie 878ms
53 silly pacote range manifest for http-signature@~1.2.0 fetched in 3559ms
54 silly resolveWithNewModule http-signature@1.2.0 checking installable status
55 silly pacote range manifest for isstream@~0.1.2 fetched in 1304ms
56 silly resolveWithNewModule isstream@0.1.2 checking installable status
57 silly pacote range manifest for performance-now@^2.1.0 fetched in 1236ms
58 silly resolveWithNewModule performance-now@2.1.0 checking installable status
59 silly pacote range manifest for oauth-sign@~0.9.0 fetched in 1265ms
60 silly resolveWithNewModule oauth-sign@0.9.0 checking installable status
61 silly pacote range manifest for json-stringify-safe@~5.0.1 fetched in 1289ms
62 silly resolveWithNewModule json-stringify-safe@5.0.1 checking installable status
63 silly pacote range manifest for uuid@^3.3.2 fetched in 1033ms
64 silly resolveWithNewModule uuid@3.3.3 checking installable status
65 silly pacote range manifest for tunnel-agent@^0.6.0 fetched in 1173ms
66 silly resolveWithNewModule tunnel-agent@0.6.0 checking installable status
67 silly pacote range manifest for tough-cookie@~2.4.3 fetched in 1198ms
68 silly resolveWithNewModule tough-cookie@2.4.3 checking installable status
69 http fetch GET 200 https://registry.npmjs.org/delayed-stream 151ms
70 silly pacote range manifest for delayed-stream@~1.0.0 fetched in 222ms
71 silly resolveWithNewModule delayed-stream@1.0.0 checking installable status
72 http fetch GET 200 https://registry.npmjs.org/asynckit 120ms
73 silly pacote range manifest for asynckit@^0.4.0 fetched in 179ms
74 silly resolveWithNewModule asynckit@0.4.0 checking installable status
75 http fetch GET 200 https://registry.npmjs.org/ajv 450ms
76 http fetch GET 200 https://registry.npmjs.org/har-schema 571ms
77 silly pacote range manifest for ajv@^6.5.5 fetched in 874ms
78 silly resolveWithNewModule ajv@6.10.2 checking installable status
79 http fetch GET 200 https://registry.npmjs.org/har-schema/-/har-schema-2.0.0.tgz 362ms
80 silly pacote range manifest for har-schema@^2.0.0 fetched in 1065ms
81 silly resolveWithNewModule har-schema@2.0.0 checking installable status
82 http fetch GET 200 https://registry.npmjs.org/json-schema-traverse 435ms
83 http fetch GET 200 https://registry.npmjs.org/fast-deep-equal 512ms
84 http fetch GET 200 https://registry.npmjs.org/uri-js 566ms
85 http fetch GET 200 https://registry.npmjs.org/fast-json-stable-stringify 660ms
86 silly pacote range manifest for json-schema-traverse@^0.4.1 fetched in 824ms
87 silly resolveWithNewModule json-schema-traverse@0.4.1 checking installable status
88 silly pacote range manifest for fast-deep-equal@^2.0.1 fetched in 902ms
89 silly resolveWithNewModule fast-deep-equal@2.0.1 checking installable status
90 silly pacote range manifest for uri-js@^4.2.2 fetched in 871ms
91 silly resolveWithNewModule uri-js@4.2.2 checking installable status
92 silly pacote range manifest for fast-json-stable-stringify@^2.0.0 fetched in 942ms
93 silly resolveWithNewModule fast-json-stable-stringify@2.0.0 checking installable status
94 http fetch GET 200 https://registry.npmjs.org/punycode 246ms
95 silly pacote range manifest for punycode@^2.1.0 fetched in 318ms
96 silly resolveWithNewModule punycode@2.1.1 checking installable status
97 http fetch GET 200 https://registry.npmjs.org/assert-plus 304ms
98 http fetch GET 200 https://registry.npmjs.org/jsprim 297ms
99 http fetch GET 200 https://registry.npmjs.org/sshpk 388ms
100 silly pacote range manifest for sshpk@^1.7.0 fetched in 673ms
101 silly resolveWithNewModule sshpk@1.16.1 checking installable status
102 http fetch GET 200 https://registry.npmjs.org/jsprim/-/jsprim-1.4.1.tgz 339ms
103 http fetch GET 200 https://registry.npmjs.org/assert-plus/-/assert-plus-1.0.0.tgz 369ms
104 silly pacote range manifest for jsprim@^1.2.2 fetched in 774ms
105 silly resolveWithNewModule jsprim@1.4.1 checking installable status
106 silly pacote range manifest for assert-plus@^1.0.0 fetched in 797ms
107 silly resolveWithNewModule assert-plus@1.0.0 checking installable status
108 http fetch GET 200 https://registry.npmjs.org/extsprintf 477ms
109 http fetch GET 200 https://registry.npmjs.org/json-schema 460ms
110 http fetch GET 200 https://registry.npmjs.org/verror 528ms
111 http fetch GET 200 https://registry.npmjs.org/extsprintf/-/extsprintf-1.3.0.tgz 689ms
112 silly pacote version manifest for extsprintf@1.3.0 fetched in 1274ms
113 silly resolveWithNewModule extsprintf@1.3.0 checking installable status
114 http fetch GET 200 https://registry.npmjs.org/verror/-/verror-1.10.0.tgz 1615ms
115 http fetch GET 200 https://registry.npmjs.org/json-schema/-/json-schema-0.2.3.tgz 1935ms
116 silly pacote version manifest for verror@1.10.0 fetched in 2468ms
117 silly resolveWithNewModule verror@1.10.0 checking installable status
118 silly pacote version manifest for json-schema@0.2.3 fetched in 2509ms
119 silly resolveWithNewModule json-schema@0.2.3 checking installable status
120 http fetch GET 200 https://registry.npmjs.org/core-util-is 1018ms
121 silly pacote version manifest for core-util-is@1.0.2 fetched in 1137ms
122 silly resolveWithNewModule core-util-is@1.0.2 checking installable status
123 http fetch GET 200 https://registry.npmjs.org/dashdash 1293ms
124 http fetch GET 200 https://registry.npmjs.org/bcrypt-pbkdf 1351ms
125 http fetch GET 200 https://registry.npmjs.org/getpass 1545ms
126 http fetch GET 200 https://registry.npmjs.org/jsbn 1545ms
127 http fetch GET 200 https://registry.npmjs.org/ecc-jsbn 1702ms
128 http fetch GET 200 https://registry.npmjs.org/tweetnacl 1727ms
129 http fetch GET 200 https://registry.npmjs.org/asn1 1910ms
130 silly pacote range manifest for bcrypt-pbkdf@^1.0.0 fetched in 2158ms
131 silly resolveWithNewModule bcrypt-pbkdf@1.0.2 checking installable status
132 silly pacote range manifest for dashdash@^1.12.0 fetched in 2243ms
133 silly resolveWithNewModule dashdash@1.14.1 checking installable status
134 silly pacote range manifest for jsbn@~0.1.0 fetched in 2242ms
135 silly resolveWithNewModule jsbn@0.1.1 checking installable status
136 silly pacote range manifest for ecc-jsbn@~0.1.1 fetched in 2278ms
137 silly resolveWithNewModule ecc-jsbn@0.1.2 checking installable status
138 silly pacote range manifest for asn1@~0.2.3 fetched in 2353ms
139 silly resolveWithNewModule asn1@0.2.4 checking installable status
140 http fetch GET 200 https://registry.npmjs.org/getpass/-/getpass-0.1.7.tgz 573ms
141 http fetch GET 200 https://registry.npmjs.org/tweetnacl/-/tweetnacl-0.14.5.tgz 529ms
142 silly pacote range manifest for getpass@^0.1.1 fetched in 2429ms
143 silly resolveWithNewModule getpass@0.1.7 checking installable status
144 silly pacote range manifest for tweetnacl@~0.14.0 fetched in 2417ms
145 silly resolveWithNewModule tweetnacl@0.14.5 checking installable status
146 silly pacote range manifest for punycode@^1.4.1 fetched in 69ms
147 silly resolveWithNewModule punycode@1.4.1 checking installable status
148 http fetch GET 200 https://registry.npmjs.org/psl 200ms
149 silly pacote range manifest for psl@^1.1.24 fetched in 266ms
150 silly resolveWithNewModule psl@1.4.0 checking installable status
151 timing stage:loadIdealTree:loadAllDepsIntoIdealTree Completed in 18682ms
152 timing stage:loadIdealTree Completed in 23874ms
153 silly currentTree aloe@0.0.0
153 silly currentTree ├── accepts@1.3.7
153 silly currentTree ├── acorn-globals@1.0.9
153 silly currentTree ├── acorn@2.7.0
153 silly currentTree ├── align-text@0.1.4
153 silly currentTree ├── amdefine@1.0.1
153 silly currentTree ├── array-flatten@1.1.1
153 silly currentTree ├── asap@1.0.0
153 silly currentTree ├── basic-auth@2.0.1
153 silly currentTree ├── body-parser@1.18.3
153 silly currentTree ├── bytes@3.0.0
153 silly currentTree ├── camelcase@1.2.1
153 silly currentTree ├── center-align@0.1.3
153 silly currentTree ├── character-parser@1.2.1
153 silly currentTree ├─┬ clean-css@3.4.28
153 silly currentTree │ └── commander@2.8.1
153 silly currentTree ├─┬ cliui@2.1.0
153 silly currentTree │ └── wordwrap@0.0.2
153 silly currentTree ├── commander@2.6.0
153 silly currentTree ├── constantinople@3.0.2
153 silly currentTree ├── content-disposition@0.5.2
153 silly currentTree ├── content-type@1.0.4
153 silly currentTree ├── cookie-parser@1.4.4
153 silly currentTree ├── cookie-signature@1.0.6
153 silly currentTree ├── cookie@0.3.1
153 silly currentTree ├── css-parse@1.0.4
153 silly currentTree ├── css-stringify@1.0.5
153 silly currentTree ├── css@1.0.8
153 silly currentTree ├── debug@2.6.9
153 silly currentTree ├── decamelize@1.2.0
153 silly currentTree ├── depd@1.1.2
153 silly currentTree ├── destroy@1.0.4
153 silly currentTree ├── ee-first@1.1.1
153 silly currentTree ├── encodeurl@1.0.2
153 silly currentTree ├── escape-html@1.0.3
153 silly currentTree ├── etag@1.8.1
153 silly currentTree ├── express@4.16.4
153 silly currentTree ├── finalhandler@1.1.1
153 silly currentTree ├── forwarded@0.1.2
153 silly currentTree ├── fresh@0.5.2
153 silly currentTree ├── graceful-readlink@1.0.1
153 silly currentTree ├── http-errors@1.6.3
153 silly currentTree ├── iconv-lite@0.4.23
153 silly currentTree ├── inherits@2.0.3
153 silly currentTree ├── ipaddr.js@1.9.0
153 silly currentTree ├── is-buffer@1.1.6
153 silly currentTree ├── is-promise@2.1.0
153 silly currentTree ├── jade@1.11.0
153 silly currentTree ├── jstransformer@0.0.2
153 silly currentTree ├── kind-of@3.2.2
153 silly currentTree ├── lazy-cache@1.0.4
153 silly currentTree ├── longest@1.0.1
153 silly currentTree ├── media-typer@0.3.0
153 silly currentTree ├── merge-descriptors@1.0.1
153 silly currentTree ├── methods@1.1.2
153 silly currentTree ├── mime-db@1.42.0
153 silly currentTree ├── mime-types@2.1.25
153 silly currentTree ├── mime@1.4.1
153 silly currentTree ├── minimist@0.0.8
153 silly currentTree ├── mkdirp@0.5.1
153 silly currentTree ├── morgan@1.9.1
153 silly currentTree ├── ms@2.0.0
153 silly currentTree ├── negotiator@0.6.2
153 silly currentTree ├── on-finished@2.3.0
153 silly currentTree ├── on-headers@1.0.2
153 silly currentTree ├── optimist@0.3.7
153 silly currentTree ├── parseurl@1.3.3
153 silly currentTree ├── path-to-regexp@0.1.7
153 silly currentTree ├── promise@6.1.0
153 silly currentTree ├── proxy-addr@2.0.5
153 silly currentTree ├── qs@6.5.2
153 silly currentTree ├── range-parser@1.2.1
153 silly currentTree ├── raw-body@2.3.3
153 silly currentTree ├── repeat-string@1.6.1
153 silly currentTree ├── right-align@0.1.3
153 silly currentTree ├── safe-buffer@5.1.2
153 silly currentTree ├── safer-buffer@2.1.2
153 silly currentTree ├── send@0.16.2
153 silly currentTree ├── serve-static@1.13.2
153 silly currentTree ├── setprototypeof@1.1.0
153 silly currentTree ├── source-map@0.4.4
153 silly currentTree ├── statuses@1.4.0
153 silly currentTree ├─┬ transformers@2.1.0
153 silly currentTree │ ├── is-promise@1.0.1
153 silly currentTree │ ├── promise@2.0.0
153 silly currentTree │ ├── source-map@0.1.43
153 silly currentTree │ └── uglify-js@2.2.5
153 silly currentTree ├── type-is@1.6.18
153 silly currentTree ├─┬ uglify-js@2.8.29
153 silly currentTree │ └── source-map@0.5.7
153 silly currentTree ├── uglify-to-browserify@1.0.2
153 silly currentTree ├── unpipe@1.0.0
153 silly currentTree ├── utils-merge@1.0.1
153 silly currentTree ├── vary@1.1.2
153 silly currentTree ├── void-elements@2.0.1
153 silly currentTree ├── window-size@0.1.0
153 silly currentTree ├─┬ with@4.0.3
153 silly currentTree │ └── acorn@1.2.2
153 silly currentTree ├── wordwrap@0.0.3
153 silly currentTree └── yargs@3.10.0
154 silly idealTree aloe@0.0.0
154 silly idealTree ├── accepts@1.3.7
154 silly idealTree ├── acorn-globals@1.0.9
154 silly idealTree ├── acorn@2.7.0
154 silly idealTree ├── ajv@6.10.2
154 silly idealTree ├── align-text@0.1.4
154 silly idealTree ├── amdefine@1.0.1
154 silly idealTree ├── array-flatten@1.1.1
154 silly idealTree ├── asap@1.0.0
154 silly idealTree ├── asn1@0.2.4
154 silly idealTree ├── assert-plus@1.0.0
154 silly idealTree ├── asynckit@0.4.0
154 silly idealTree ├── aws-sign2@0.7.0
154 silly idealTree ├── aws4@1.8.0
154 silly idealTree ├── basic-auth@2.0.1
154 silly idealTree ├── bcrypt-pbkdf@1.0.2
154 silly idealTree ├── body-parser@1.18.3
154 silly idealTree ├── bytes@3.0.0
154 silly idealTree ├── camelcase@1.2.1
154 silly idealTree ├── caseless@0.12.0
154 silly idealTree ├── center-align@0.1.3
154 silly idealTree ├── character-parser@1.2.1
154 silly idealTree ├─┬ clean-css@3.4.28
154 silly idealTree │ └── commander@2.8.1
154 silly idealTree ├─┬ cliui@2.1.0
154 silly idealTree │ └── wordwrap@0.0.2
154 silly idealTree ├── combined-stream@1.0.8
154 silly idealTree ├── commander@2.6.0
154 silly idealTree ├── constantinople@3.0.2
154 silly idealTree ├── content-disposition@0.5.2
154 silly idealTree ├── content-type@1.0.4
154 silly idealTree ├── cookie-parser@1.4.4
154 silly idealTree ├── cookie-signature@1.0.6
154 silly idealTree ├── cookie@0.3.1
154 silly idealTree ├── core-util-is@1.0.2
154 silly idealTree ├── css-parse@1.0.4
154 silly idealTree ├── css-stringify@1.0.5
154 silly idealTree ├── css@1.0.8
154 silly idealTree ├── dashdash@1.14.1
154 silly idealTree ├── debug@2.6.9
154 silly idealTree ├── decamelize@1.2.0
154 silly idealTree ├── delayed-stream@1.0.0
154 silly idealTree ├── depd@1.1.2
154 silly idealTree ├── destroy@1.0.4
154 silly idealTree ├── ecc-jsbn@0.1.2
154 silly idealTree ├── ee-first@1.1.1
154 silly idealTree ├── encodeurl@1.0.2
154 silly idealTree ├── escape-html@1.0.3
154 silly idealTree ├── etag@1.8.1
154 silly idealTree ├── express@4.16.4
154 silly idealTree ├── extend@3.0.2
154 silly idealTree ├── extsprintf@1.3.0
154 silly idealTree ├── fast-deep-equal@2.0.1
154 silly idealTree ├── fast-json-stable-stringify@2.0.0
154 silly idealTree ├── finalhandler@1.1.1
154 silly idealTree ├── forever-agent@0.6.1
154 silly idealTree ├── form-data@2.3.3
154 silly idealTree ├── forwarded@0.1.2
154 silly idealTree ├── fresh@0.5.2
154 silly idealTree ├── getpass@0.1.7
154 silly idealTree ├── graceful-readlink@1.0.1
154 silly idealTree ├── har-schema@2.0.0
154 silly idealTree ├── har-validator@5.1.3
154 silly idealTree ├── http-errors@1.6.3
154 silly idealTree ├── http-signature@1.2.0
154 silly idealTree ├── iconv-lite@0.4.23
154 silly idealTree ├── inherits@2.0.3
154 silly idealTree ├── ipaddr.js@1.9.0
154 silly idealTree ├── is-buffer@1.1.6
154 silly idealTree ├── is-promise@2.1.0
154 silly idealTree ├── is-typedarray@1.0.0
154 silly idealTree ├── isstream@0.1.2
154 silly idealTree ├── jade@1.11.0
154 silly idealTree ├── jsbn@0.1.1
154 silly idealTree ├── json-schema-traverse@0.4.1
154 silly idealTree ├── json-schema@0.2.3
154 silly idealTree ├── json-stringify-safe@5.0.1
154 silly idealTree ├── jsprim@1.4.1
154 silly idealTree ├── jstransformer@0.0.2
154 silly idealTree ├── kind-of@3.2.2
154 silly idealTree ├── lazy-cache@1.0.4
154 silly idealTree ├── longest@1.0.1
154 silly idealTree ├── media-typer@0.3.0
154 silly idealTree ├── merge-descriptors@1.0.1
154 silly idealTree ├── methods@1.1.2
154 silly idealTree ├── mime-db@1.42.0
154 silly idealTree ├── mime-types@2.1.25
154 silly idealTree ├── mime@1.4.1
154 silly idealTree ├── minimist@0.0.8
154 silly idealTree ├── mkdirp@0.5.1
154 silly idealTree ├── morgan@1.9.1
154 silly idealTree ├── ms@2.0.0
154 silly idealTree ├── negotiator@0.6.2
154 silly idealTree ├── oauth-sign@0.9.0
154 silly idealTree ├── on-finished@2.3.0
154 silly idealTree ├── on-headers@1.0.2
154 silly idealTree ├── optimist@0.3.7
154 silly idealTree ├── parseurl@1.3.3
154 silly idealTree ├── path-to-regexp@0.1.7
154 silly idealTree ├── performance-now@2.1.0
154 silly idealTree ├── promise@6.1.0
154 silly idealTree ├── proxy-addr@2.0.5
154 silly idealTree ├── psl@1.4.0
154 silly idealTree ├── punycode@2.1.1
154 silly idealTree ├── qs@6.5.2
154 silly idealTree ├── range-parser@1.2.1
154 silly idealTree ├── raw-body@2.3.3
154 silly idealTree ├── repeat-string@1.6.1
154 silly idealTree ├── request@2.88.0
154 silly idealTree ├── right-align@0.1.3
154 silly idealTree ├── safe-buffer@5.1.2
154 silly idealTree ├── safer-buffer@2.1.2
154 silly idealTree ├── send@0.16.2
154 silly idealTree ├── serve-static@1.13.2
154 silly idealTree ├── setprototypeof@1.1.0
154 silly idealTree ├── source-map@0.4.4
154 silly idealTree ├── sshpk@1.16.1
154 silly idealTree ├── statuses@1.4.0
154 silly idealTree ├─┬ tough-cookie@2.4.3
154 silly idealTree │ └── punycode@1.4.1
154 silly idealTree ├─┬ transformers@2.1.0
154 silly idealTree │ ├── is-promise@1.0.1
154 silly idealTree │ ├── promise@2.0.0
154 silly idealTree │ ├── source-map@0.1.43
154 silly idealTree │ └── uglify-js@2.2.5
154 silly idealTree ├── tunnel-agent@0.6.0
154 silly idealTree ├── tweetnacl@0.14.5
154 silly idealTree ├── type-is@1.6.18
154 silly idealTree ├─┬ uglify-js@2.8.29
154 silly idealTree │ └── source-map@0.5.7
154 silly idealTree ├── uglify-to-browserify@1.0.2
154 silly idealTree ├── unpipe@1.0.0
154 silly idealTree ├── uri-js@4.2.2
154 silly idealTree ├── utils-merge@1.0.1
154 silly idealTree ├── uuid@3.3.3
154 silly idealTree ├── vary@1.1.2
154 silly idealTree ├── verror@1.10.0
154 silly idealTree ├── void-elements@2.0.1
154 silly idealTree ├── window-size@0.1.0
154 silly idealTree ├─┬ with@4.0.3
154 silly idealTree │ └── acorn@1.2.2
154 silly idealTree ├── wordwrap@0.0.3
154 silly idealTree └── yargs@3.10.0
155 silly install generateActionsToTake
156 warn checkPermissions Missing write access to /home/pi/aloe/node_modules
157 timing stage:rollbackFailedOptional Completed in 12ms
158 timing stage:runTopLevelLifecycles Completed in 33798ms
159 silly saveTree aloe@0.0.0
159 silly saveTree ├─┬ cookie-parser@1.4.4
159 silly saveTree │ ├── cookie-signature@1.0.6
159 silly saveTree │ └── cookie@0.3.1
159 silly saveTree ├─┬ debug@2.6.9
159 silly saveTree │ └── ms@2.0.0
159 silly saveTree ├─┬ express@4.16.4
159 silly saveTree │ ├─┬ accepts@1.3.7
159 silly saveTree │ │ ├─┬ mime-types@2.1.25
159 silly saveTree │ │ │ └── mime-db@1.42.0
159 silly saveTree │ │ └── negotiator@0.6.2
159 silly saveTree │ ├── array-flatten@1.1.1
159 silly saveTree │ ├─┬ body-parser@1.18.3
159 silly saveTree │ │ ├── bytes@3.0.0
159 silly saveTree │ │ ├── content-type@1.0.4
159 silly saveTree │ │ ├── depd@1.1.2
159 silly saveTree │ │ ├─┬ http-errors@1.6.3
159 silly saveTree │ │ │ ├── inherits@2.0.3
159 silly saveTree │ │ │ ├── setprototypeof@1.1.0
159 silly saveTree │ │ │ └── statuses@1.4.0
159 silly saveTree │ │ ├─┬ iconv-lite@0.4.23
159 silly saveTree │ │ │ └── safer-buffer@2.1.2
159 silly saveTree │ │ ├─┬ on-finished@2.3.0
159 silly saveTree │ │ │ └── ee-first@1.1.1
159 silly saveTree │ │ ├── qs@6.5.2
159 silly saveTree │ │ ├─┬ raw-body@2.3.3
159 silly saveTree │ │ │ └── unpipe@1.0.0
159 silly saveTree │ │ └─┬ type-is@1.6.18
159 silly saveTree │ │   └── media-typer@0.3.0
159 silly saveTree │ ├── content-disposition@0.5.2
159 silly saveTree │ ├── content-type@1.0.4
159 silly saveTree │ ├── depd@1.1.2
159 silly saveTree │ ├── encodeurl@1.0.2
159 silly saveTree │ ├── escape-html@1.0.3
159 silly saveTree │ ├── etag@1.8.1
159 silly saveTree │ ├─┬ finalhandler@1.1.1
159 silly saveTree │ │ └── parseurl@1.3.3
159 silly saveTree │ ├── fresh@0.5.2
159 silly saveTree │ ├── merge-descriptors@1.0.1
159 silly saveTree │ ├── methods@1.1.2
159 silly saveTree │ ├── on-finished@2.3.0
159 silly saveTree │ ├── parseurl@1.3.3
159 silly saveTree │ ├── path-to-regexp@0.1.7
159 silly saveTree │ ├─┬ proxy-addr@2.0.5
159 silly saveTree │ │ ├── forwarded@0.1.2
159 silly saveTree │ │ └── ipaddr.js@1.9.0
159 silly saveTree │ ├── qs@6.5.2
159 silly saveTree │ ├── range-parser@1.2.1
159 silly saveTree │ ├── safe-buffer@5.1.2
159 silly saveTree │ ├─┬ send@0.16.2
159 silly saveTree │ │ ├── destroy@1.0.4
159 silly saveTree │ │ └── mime@1.4.1
159 silly saveTree │ ├── serve-static@1.13.2
159 silly saveTree │ ├── setprototypeof@1.1.0
159 silly saveTree │ ├── statuses@1.4.0
159 silly saveTree │ ├── type-is@1.6.18
159 silly saveTree │ ├── utils-merge@1.0.1
159 silly saveTree │ └── vary@1.1.2
159 silly saveTree ├── http-errors@1.6.3
159 silly saveTree ├─┬ jade@1.11.0
159 silly saveTree │ ├── character-parser@1.2.1
159 silly saveTree │ ├─┬ clean-css@3.4.28
159 silly saveTree │ │ ├─┬ commander@2.8.1
159 silly saveTree │ │ │ └── graceful-readlink@1.0.1
159 silly saveTree │ │ └─┬ source-map@0.4.4
159 silly saveTree │ │   └── amdefine@1.0.1
159 silly saveTree │ ├── commander@2.6.0
159 silly saveTree │ ├─┬ constantinople@3.0.2
159 silly saveTree │ │ └── acorn@2.7.0
159 silly saveTree │ ├─┬ jstransformer@0.0.2
159 silly saveTree │ │ ├── is-promise@2.1.0
159 silly saveTree │ │ └─┬ promise@6.1.0
159 silly saveTree │ │   └── asap@1.0.0
159 silly saveTree │ ├─┬ mkdirp@0.5.1
159 silly saveTree │ │ └── minimist@0.0.8
159 silly saveTree │ ├─┬ transformers@2.1.0
159 silly saveTree │ │ ├─┬ css@1.0.8
159 silly saveTree │ │ │ ├── css-parse@1.0.4
159 silly saveTree │ │ │ └── css-stringify@1.0.5
159 silly saveTree │ │ ├─┬ promise@2.0.0
159 silly saveTree │ │ │ └── is-promise@1.0.1
159 silly saveTree │ │ └─┬ uglify-js@2.2.5
159 silly saveTree │ │   ├─┬ optimist@0.3.7
159 silly saveTree │ │   │ └── wordwrap@0.0.3
159 silly saveTree │ │   └── source-map@0.1.43
159 silly saveTree │ ├─┬ uglify-js@2.8.29
159 silly saveTree │ │ ├── source-map@0.5.7
159 silly saveTree │ │ ├── uglify-to-browserify@1.0.2
159 silly saveTree │ │ └─┬ yargs@3.10.0
159 silly saveTree │ │   ├── camelcase@1.2.1
159 silly saveTree │ │   ├─┬ cliui@2.1.0
159 silly saveTree │ │   │ ├─┬ center-align@0.1.3
159 silly saveTree │ │   │ │ ├─┬ align-text@0.1.4
159 silly saveTree │ │   │ │ │ ├─┬ kind-of@3.2.2
159 silly saveTree │ │   │ │ │ │ └── is-buffer@1.1.6
159 silly saveTree │ │   │ │ │ ├── longest@1.0.1
159 silly saveTree │ │   │ │ │ └── repeat-string@1.6.1
159 silly saveTree │ │   │ │ └── lazy-cache@1.0.4
159 silly saveTree │ │   │ ├── right-align@0.1.3
159 silly saveTree │ │   │ └── wordwrap@0.0.2
159 silly saveTree │ │   ├── decamelize@1.2.0
159 silly saveTree │ │   └── window-size@0.1.0
159 silly saveTree │ ├── void-elements@2.0.1
159 silly saveTree │ └─┬ with@4.0.3
159 silly saveTree │   ├── acorn-globals@1.0.9
159 silly saveTree │   └── acorn@1.2.2
159 silly saveTree ├─┬ morgan@1.9.1
159 silly saveTree │ ├── basic-auth@2.0.1
159 silly saveTree │ └── on-headers@1.0.2
159 silly saveTree └─┬ request@2.88.0
159 silly saveTree   ├── aws-sign2@0.7.0
159 silly saveTree   ├── aws4@1.8.0
159 silly saveTree   ├── caseless@0.12.0
159 silly saveTree   ├─┬ combined-stream@1.0.8
159 silly saveTree   │ └── delayed-stream@1.0.0
159 silly saveTree   ├── extend@3.0.2
159 silly saveTree   ├── forever-agent@0.6.1
159 silly saveTree   ├─┬ form-data@2.3.3
159 silly saveTree   │ └── asynckit@0.4.0
159 silly saveTree   ├─┬ har-validator@5.1.3
159 silly saveTree   │ ├─┬ ajv@6.10.2
159 silly saveTree   │ │ ├── fast-deep-equal@2.0.1
159 silly saveTree   │ │ ├── fast-json-stable-stringify@2.0.0
159 silly saveTree   │ │ ├── json-schema-traverse@0.4.1
159 silly saveTree   │ │ └─┬ uri-js@4.2.2
159 silly saveTree   │ │   └── punycode@2.1.1
159 silly saveTree   │ └── har-schema@2.0.0
159 silly saveTree   ├─┬ http-signature@1.2.0
159 silly saveTree   │ ├── assert-plus@1.0.0
159 silly saveTree   │ ├─┬ jsprim@1.4.1
159 silly saveTree   │ │ ├── extsprintf@1.3.0
159 silly saveTree   │ │ ├── json-schema@0.2.3
159 silly saveTree   │ │ └─┬ verror@1.10.0
159 silly saveTree   │ │   └── core-util-is@1.0.2
159 silly saveTree   │ └─┬ sshpk@1.16.1
159 silly saveTree   │   ├── asn1@0.2.4
159 silly saveTree   │   ├─┬ bcrypt-pbkdf@1.0.2
159 silly saveTree   │   │ └── tweetnacl@0.14.5
159 silly saveTree   │   ├── dashdash@1.14.1
159 silly saveTree   │   ├─┬ ecc-jsbn@0.1.2
159 silly saveTree   │   │ └── jsbn@0.1.1
159 silly saveTree   │   ├── getpass@0.1.7
159 silly saveTree   │   ├── jsbn@0.1.1
159 silly saveTree   │   └── tweetnacl@0.14.5
159 silly saveTree   ├── is-typedarray@1.0.0
159 silly saveTree   ├── isstream@0.1.2
159 silly saveTree   ├── json-stringify-safe@5.0.1
159 silly saveTree   ├── oauth-sign@0.9.0
159 silly saveTree   ├── performance-now@2.1.0
159 silly saveTree   ├─┬ tough-cookie@2.4.3
159 silly saveTree   │ ├── psl@1.4.0
159 silly saveTree   │ └── punycode@1.4.1
159 silly saveTree   ├── tunnel-agent@0.6.0
159 silly saveTree   └── uuid@3.3.3
160 verbose stack Error: EACCES: permission denied, access '/home/pi/aloe/node_modules'
161 verbose cwd /home/pi/aloe
162 verbose Linux 4.19.75+
163 verbose argv "/usr/local/bin/node" "/usr/local/bin/npm" "install" "request"
164 verbose node v11.15.0
165 verbose npm  v6.7.0
166 error path /home/pi/aloe/node_modules
167 error code EACCES
168 error errno -13
169 error syscall access
170 error Error: EACCES: permission denied, access '/home/pi/aloe/node_modules'
170 error  { [Error: EACCES: permission denied, access '/home/pi/aloe/node_modules']
170 error   stack:
170 error    "Error: EACCES: permission denied, access '/home/pi/aloe/node_modules'",
170 error   errno: -13,
170 error   code: 'EACCES',
170 error   syscall: 'access',
170 error   path: '/home/pi/aloe/node_modules' }
171 error The operation was rejected by your operating system.
171 error It is likely you do not have the permissions to access this file as the current user
171 error
171 error If you believe this might be a permissions issue, please double-check the
171 error permissions of the file and its containing directories, or try running
171 error the command again as root/Administrator (though this is not recommended).
172 verbose exit [ -13, true ]
