0 info it worked if it ends with ok
1 verbose cli [ '/usr/local/bin/node', '/usr/local/bin/npm', 'install' ]
2 info using npm@6.7.0
3 info using node@v11.15.0
4 verbose npm-session 2418a805ba518f50
5 silly install runPreinstallTopLevelLifecycles
6 silly preinstall aloe@0.0.0
7 info lifecycle aloe@0.0.0~preinstall: aloe@0.0.0
8 silly install loadCurrentTree
9 silly install readLocalPackageData
10 timing stage:loadCurrentTree Completed in 249ms
11 silly install loadIdealTree
12 silly install cloneCurrentTreeToIdealTree
13 timing stage:loadIdealTree:cloneCurrentTree Completed in 6ms
14 silly install loadShrinkwrap
15 timing stage:loadIdealTree:loadShrinkwrap Completed in 73ms
16 silly install loadAllDepsIntoIdealTree
17 http fetch GET 200 https://registry.npmjs.org/jade 2379ms (from cache)
18 silly pacote range manifest for jade@~1.11.0 fetched in 2760ms
19 warn deprecated jade@1.11.0: Jade has been renamed to pug, please install the latest version of pug instead of jade
20 http fetch GET 304 https://registry.npmjs.org/cookie-parser 4427ms (from cache)
21 http fetch GET 304 https://registry.npmjs.org/http-errors 4365ms (from cache)
22 http fetch GET 304 https://registry.npmjs.org/morgan 4385ms (from cache)
23 http fetch GET 304 https://registry.npmjs.org/debug 4599ms (from cache)
24 silly pacote range manifest for cookie-parser@~1.4.4 fetched in 4796ms
25 silly pacote range manifest for http-errors@~1.6.3 fetched in 4670ms
26 silly pacote range manifest for morgan@~1.9.1 fetched in 4679ms
27 silly pacote range manifest for debug@~2.6.9 fetched in 4915ms
28 http fetch GET 304 https://registry.npmjs.org/character-parser 2546ms (from cache)
29 http fetch GET 304 https://registry.npmjs.org/constantinople 2338ms (from cache)
30 http fetch GET 304 https://registry.npmjs.org/jstransformer 2266ms (from cache)
31 silly pacote version manifest for character-parser@1.2.1 fetched in 2767ms
32 silly pacote range manifest for constantinople@~3.0.1 fetched in 2542ms
33 warn deprecated constantinople@3.0.2: Please update to at least constantinople 3.1.1
34 silly pacote version manifest for jstransformer@0.0.2 fetched in 2507ms
35 http fetch GET 304 https://registry.npmjs.org/commander 2739ms (from cache)
36 silly pacote range manifest for commander@~2.6.0 fetched in 3058ms
37 http fetch GET 304 https://registry.npmjs.org/express 6465ms (from cache)
38 http fetch GET 304 https://registry.npmjs.org/clean-css 3487ms (from cache)
39 silly pacote range manifest for express@~4.16.1 fetched in 6906ms
40 silly pacote range manifest for clean-css@^3.1.9 fetched in 3820ms
41 http fetch GET 304 https://registry.npmjs.org/mkdirp 2564ms (from cache)
42 http fetch GET 304 https://registry.npmjs.org/transformers 2760ms (from cache)
43 http fetch GET 304 https://registry.npmjs.org/void-elements 2588ms (from cache)
44 silly pacote range manifest for mkdirp@~0.5.0 fetched in 2874ms
45 silly pacote version manifest for transformers@2.1.0 fetched in 3155ms
46 warn deprecated transformers@2.1.0: Deprecated, use jstransformer
47 silly pacote range manifest for void-elements@~2.0.1 fetched in 2993ms
48 silly pacote version manifest for debug@2.6.9 fetched in 174ms
49 http fetch GET 304 https://registry.npmjs.org/cookie 2509ms (from cache)
50 http fetch GET 304 https://registry.npmjs.org/with 2532ms (from cache)
51 http fetch GET 304 https://registry.npmjs.org/cookie-signature 2513ms (from cache)
52 http fetch GET 304 https://registry.npmjs.org/uglify-js 3751ms (from cache)
53 silly pacote version manifest for cookie@0.3.1 fetched in 2796ms
54 silly pacote range manifest for with@~4.0.0 fetched in 2818ms
55 silly pacote version manifest for cookie-signature@1.0.6 fetched in 2796ms
56 http fetch GET 304 https://registry.npmjs.org/depd 2496ms (from cache)
57 silly pacote range manifest for uglify-js@^2.4.19 fetched in 4065ms
58 silly pacote range manifest for depd@~1.1.2 fetched in 2732ms
59 http fetch GET 304 https://registry.npmjs.org/inherits 2151ms (from cache)
60 http fetch GET 304 https://registry.npmjs.org/setprototypeof 2193ms (from cache)
61 silly pacote version manifest for inherits@2.0.3 fetched in 2499ms
62 silly pacote version manifest for setprototypeof@1.1.0 fetched in 2507ms
63 http fetch GET 304 https://registry.npmjs.org/statuses 2084ms (from cache)
64 silly pacote range manifest for statuses@>= 1.4.0 < 2 fetched in 2387ms
65 http fetch GET 304 https://registry.npmjs.org/basic-auth 2047ms (from cache)
66 http fetch GET 304 https://registry.npmjs.org/on-finished 1992ms (from cache)
67 silly pacote range manifest for basic-auth@~2.0.0 fetched in 2204ms
68 silly pacote range manifest for on-finished@~2.3.0 fetched in 2234ms
69 http fetch GET 304 https://registry.npmjs.org/ms 2045ms (from cache)
70 http fetch GET 304 https://registry.npmjs.org/on-headers 2186ms (from cache)
71 http fetch GET 304 https://registry.npmjs.org/is-promise 2047ms (from cache)
72 silly pacote version manifest for ms@2.0.0 fetched in 2238ms
73 http fetch GET 304 https://registry.npmjs.org/promise 1979ms (from cache)
74 silly pacote range manifest for on-headers@~1.0.1 fetched in 2336ms
75 silly pacote range manifest for is-promise@^2.0.0 fetched in 2229ms
76 http fetch GET 304 https://registry.npmjs.org/acorn 2469ms (from cache)
77 silly pacote range manifest for promise@^6.0.1 fetched in 2192ms
78 http fetch GET 304 https://registry.npmjs.org/accepts 1954ms (from cache)
79 silly pacote range manifest for acorn@^2.1.0 fetched in 2794ms
80 http fetch GET 304 https://registry.npmjs.org/array-flatten 2127ms (from cache)
81 silly pacote range manifest for accepts@~1.3.5 fetched in 2283ms
82 silly pacote version manifest for array-flatten@1.1.1 fetched in 2333ms
83 http fetch GET 304 https://registry.npmjs.org/body-parser 2133ms (from cache)
84 http fetch GET 304 https://registry.npmjs.org/content-disposition 1953ms (from cache)
85 http fetch GET 304 https://registry.npmjs.org/content-type 1895ms (from cache)
86 silly pacote version manifest for body-parser@1.18.3 fetched in 2345ms
87 silly pacote version manifest for content-disposition@0.5.2 fetched in 2147ms
88 silly pacote range manifest for content-type@~1.0.4 fetched in 2105ms
89 http fetch GET 304 https://registry.npmjs.org/encodeurl 1793ms (from cache)
90 http fetch GET 304 https://registry.npmjs.org/escape-html 1768ms (from cache)
91 http fetch GET 304 https://registry.npmjs.org/etag 1846ms (from cache)
92 silly pacote range manifest for encodeurl@~1.0.2 fetched in 2020ms
93 silly pacote range manifest for escape-html@~1.0.3 fetched in 2048ms
94 http fetch GET 304 https://registry.npmjs.org/finalhandler 1903ms (from cache)
95 silly pacote range manifest for etag@~1.8.1 fetched in 2109ms
96 http fetch GET 304 https://registry.npmjs.org/fresh 1801ms (from cache)
97 silly pacote version manifest for finalhandler@1.1.1 fetched in 2162ms
98 http fetch GET 304 https://registry.npmjs.org/merge-descriptors 1834ms (from cache)
99 silly pacote version manifest for fresh@0.5.2 fetched in 2090ms
100 http fetch GET 304 https://registry.npmjs.org/methods 1805ms (from cache)
101 http fetch GET 200 https://registry.npmjs.org/qs 779ms (from cache)
102 silly pacote version manifest for merge-descriptors@1.0.1 fetched in 2078ms
103 silly pacote range manifest for methods@~1.1.2 fetched in 2013ms
104 silly pacote version manifest for qs@6.5.2 fetched in 992ms
105 silly pacote range manifest for statuses@~1.4.0 fetched in 198ms
106 http fetch GET 304 https://registry.npmjs.org/parseurl 1863ms (from cache)
107 http fetch GET 304 https://registry.npmjs.org/path-to-regexp 2004ms (from cache)
108 http fetch GET 304 https://registry.npmjs.org/proxy-addr 1865ms (from cache)
109 silly pacote range manifest for parseurl@~1.3.2 fetched in 2069ms
110 silly pacote version manifest for path-to-regexp@0.1.7 fetched in 2290ms
111 silly pacote range manifest for proxy-addr@~2.0.4 fetched in 2141ms
112 silly pacote range manifest for commander@2.8.x fetched in 247ms
113 silly pacote range manifest for promise@~2.0 fetched in 255ms
114 http fetch GET 304 https://registry.npmjs.org/range-parser 1992ms (from cache)
115 http fetch GET 304 https://registry.npmjs.org/safe-buffer 1962ms (from cache)
116 silly pacote range manifest for range-parser@~1.2.0 fetched in 2127ms
117 silly pacote version manifest for safe-buffer@5.1.2 fetched in 2156ms
118 silly pacote range manifest for uglify-js@~2.2.5 fetched in 183ms
119 http fetch GET 304 https://registry.npmjs.org/send 2095ms (from cache)
120 silly pacote range manifest for acorn@^1.0.1 fetched in 214ms
121 http fetch GET 304 https://registry.npmjs.org/serve-static 2053ms (from cache)
122 silly pacote version manifest for send@0.16.2 fetched in 2353ms
123 http fetch GET 304 https://registry.npmjs.org/type-is 1940ms (from cache)
124 http fetch GET 304 https://registry.npmjs.org/utils-merge 1892ms (from cache)
125 http fetch GET 304 https://registry.npmjs.org/vary 1884ms (from cache)
126 silly pacote version manifest for serve-static@1.13.2 fetched in 2321ms
127 silly pacote range manifest for type-is@~1.6.16 fetched in 2220ms
128 silly pacote version manifest for utils-merge@1.0.1 fetched in 2185ms
129 silly pacote range manifest for vary@~1.1.2 fetched in 2163ms
130 http fetch GET 304 https://registry.npmjs.org/source-map 2008ms (from cache)
131 http fetch GET 304 https://registry.npmjs.org/minimist 2129ms (from cache)
132 http fetch GET 304 https://registry.npmjs.org/css 1907ms (from cache)
133 silly pacote range manifest for source-map@0.4.x fetched in 2286ms
134 silly pacote version manifest for minimist@0.0.8 fetched in 2419ms
135 silly pacote range manifest for css@~1.0.8 fetched in 2186ms
136 http fetch GET 304 https://registry.npmjs.org/source-map 1748ms (from cache)
137 http fetch GET 304 https://registry.npmjs.org/acorn-globals 1971ms (from cache)
138 silly pacote range manifest for source-map@~0.5.1 fetched in 2029ms
139 silly pacote range manifest for acorn-globals@^1.0.3 fetched in 2210ms
140 http fetch GET 304 https://registry.npmjs.org/uglify-to-browserify 1819ms (from cache)
141 http fetch GET 304 https://registry.npmjs.org/ee-first 1767ms (from cache)
142 http fetch GET 304 https://registry.npmjs.org/asap 1755ms (from cache)
143 silly pacote range manifest for uglify-to-browserify@~1.0.0 fetched in 1993ms
144 http fetch GET 304 https://registry.npmjs.org/mime-types 1783ms (from cache)
145 silly pacote version manifest for ee-first@1.1.1 fetched in 1919ms
146 silly pacote range manifest for asap@~1.0.0 fetched in 1921ms
147 silly pacote range manifest for mime-types@~2.1.24 fetched in 1954ms
148 silly pacote range manifest for is-promise@~1 fetched in 147ms
149 http fetch GET 304 https://registry.npmjs.org/yargs 2650ms (from cache)
150 silly pacote range manifest for source-map@~0.1.7 fetched in 240ms
151 http fetch GET 304 https://registry.npmjs.org/negotiator 1696ms (from cache)
152 http fetch GET 304 https://registry.npmjs.org/bytes 1577ms (from cache)
153 http fetch GET 304 https://registry.npmjs.org/iconv-lite 1777ms (from cache)
154 silly pacote range manifest for yargs@~3.10.0 fetched in 3208ms
155 silly pacote version manifest for negotiator@0.6.2 fetched in 2366ms
156 silly pacote version manifest for bytes@3.0.0 fetched in 2235ms
157 silly pacote version manifest for iconv-lite@0.4.23 fetched in 2417ms
158 silly pacote range manifest for http-errors@~1.6.2 fetched in 402ms
159 http fetch GET 304 https://registry.npmjs.org/unpipe 2238ms (from cache)
160 http fetch GET 304 https://registry.npmjs.org/raw-body 2355ms (from cache)
161 silly pacote range manifest for unpipe@~1.0.0 fetched in 2412ms
162 silly pacote version manifest for raw-body@2.3.3 fetched in 2612ms
163 http fetch GET 304 https://registry.npmjs.org/forwarded 2427ms (from cache)
164 http fetch GET 304 https://registry.npmjs.org/ipaddr.js 2515ms (from cache)
165 http fetch GET 304 https://registry.npmjs.org/graceful-readlink 2522ms (from cache)
166 silly pacote range manifest for forwarded@~0.1.2 fetched in 2683ms
167 silly pacote version manifest for ipaddr.js@1.9.0 fetched in 2787ms
168 silly pacote range manifest for graceful-readlink@>= 1.0.0 fetched in 2762ms
169 http fetch GET 304 https://registry.npmjs.org/optimist 2587ms (from cache)
170 http fetch GET 304 https://registry.npmjs.org/destroy 2233ms (from cache)
171 silly pacote range manifest for optimist@~0.3.5 fetched in 2733ms
172 silly pacote range manifest for destroy@~1.0.4 fetched in 2380ms
173 http fetch GET 304 https://registry.npmjs.org/mime 2132ms (from cache)
174 http fetch GET 304 https://registry.npmjs.org/media-typer 1930ms (from cache)
175 http fetch GET 304 https://registry.npmjs.org/amdefine 1649ms (from cache)
176 silly pacote version manifest for mime@1.4.1 fetched in 2302ms
177 silly pacote version manifest for media-typer@0.3.0 fetched in 2101ms
178 silly pacote range manifest for amdefine@>=0.0.4 fetched in 1819ms
179 http fetch GET 304 https://registry.npmjs.org/css-parse 1592ms (from cache)
180 silly pacote version manifest for http-errors@1.6.3 fetched in 106ms
181 silly pacote version manifest for unpipe@1.0.0 fetched in 110ms
182 http fetch GET 304 https://registry.npmjs.org/css-stringify 1544ms (from cache)
183 silly pacote version manifest for css-parse@1.0.4 fetched in 1738ms
184 silly pacote version manifest for css-stringify@1.0.5 fetched in 1666ms
185 http fetch GET 304 https://registry.npmjs.org/mime-db 1691ms (from cache)
186 http fetch GET 304 https://registry.npmjs.org/cliui 1488ms (from cache)
187 http fetch GET 304 https://registry.npmjs.org/camelcase 1581ms (from cache)
188 silly pacote version manifest for mime-db@1.42.0 fetched in 1828ms
189 silly pacote range manifest for cliui@^2.1.0 fetched in 1607ms
190 silly pacote range manifest for camelcase@^1.0.2 fetched in 1735ms
191 http fetch GET 304 https://registry.npmjs.org/decamelize 1496ms (from cache)
192 http fetch GET 304 https://registry.npmjs.org/window-size 1428ms (from cache)
193 http fetch GET 304 https://registry.npmjs.org/safer-buffer 1302ms (from cache)
194 silly pacote range manifest for decamelize@^1.0.0 fetched in 1597ms
195 silly pacote version manifest for window-size@0.1.0 fetched in 1527ms
196 silly pacote range manifest for safer-buffer@>= 2.1.2 < 3 fetched in 1388ms
197 http fetch GET 304 https://registry.npmjs.org/wordwrap 1228ms (from cache)
198 silly pacote range manifest for wordwrap@~0.0.2 fetched in 1274ms
199 http fetch GET 304 https://registry.npmjs.org/wordwrap 544ms (from cache)
200 http fetch GET 304 https://registry.npmjs.org/center-align 578ms (from cache)
201 http fetch GET 304 https://registry.npmjs.org/right-align 573ms (from cache)
202 silly pacote version manifest for wordwrap@0.0.2 fetched in 597ms
203 silly pacote range manifest for center-align@^0.1.1 fetched in 626ms
204 silly pacote range manifest for right-align@^0.1.1 fetched in 619ms
205 http fetch GET 304 https://registry.npmjs.org/lazy-cache 341ms (from cache)
206 http fetch GET 304 https://registry.npmjs.org/align-text 339ms (from cache)
207 http fetch GET 304 https://registry.npmjs.org/align-text 366ms (from cache)
208 silly pacote range manifest for lazy-cache@^1.0.3 fetched in 407ms
209 silly pacote range manifest for align-text@^0.1.1 fetched in 402ms
210 silly pacote range manifest for align-text@^0.1.3 fetched in 428ms
211 http fetch GET 304 https://registry.npmjs.org/longest 501ms (from cache)
212 http fetch GET 304 https://registry.npmjs.org/repeat-string 498ms (from cache)
213 http fetch GET 304 https://registry.npmjs.org/kind-of 552ms (from cache)
214 silly pacote range manifest for longest@^1.0.1 fetched in 571ms
215 silly pacote range manifest for repeat-string@^1.5.2 fetched in 568ms
216 silly pacote range manifest for kind-of@^3.0.2 fetched in 605ms
217 http fetch GET 304 https://registry.npmjs.org/is-buffer 143ms (from cache)
218 silly pacote range manifest for is-buffer@^1.1.5 fetched in 164ms
219 silly pacote range manifest for cookie-parser@~1.4.4 fetched in 137ms
220 silly resolveWithNewModule cookie-parser@1.4.4 checking installable status
221 silly pacote range manifest for debug@~2.6.9 fetched in 177ms
222 silly resolveWithNewModule debug@2.6.9 checking installable status
223 silly pacote range manifest for express@~4.16.1 fetched in 192ms
224 silly resolveWithNewModule express@4.16.4 checking installable status
225 silly pacote range manifest for http-errors@~1.6.3 fetched in 202ms
226 silly resolveWithNewModule http-errors@1.6.3 checking installable status
227 silly pacote range manifest for jade@~1.11.0 fetched in 213ms
228 silly resolveWithNewModule jade@1.11.0 checking installable status
229 silly pacote range manifest for morgan@~1.9.1 fetched in 225ms
230 silly resolveWithNewModule morgan@1.9.1 checking installable status
231 silly pacote version manifest for cookie@0.3.1 fetched in 28ms
232 silly resolveWithNewModule cookie@0.3.1 checking installable status
233 silly pacote version manifest for cookie-signature@1.0.6 fetched in 41ms
234 silly resolveWithNewModule cookie-signature@1.0.6 checking installable status
235 silly pacote version manifest for ms@2.0.0 fetched in 23ms
236 silly resolveWithNewModule ms@2.0.0 checking installable status
237 silly pacote range manifest for accepts@~1.3.5 fetched in 107ms
238 silly resolveWithNewModule accepts@1.3.7 checking installable status
239 silly pacote version manifest for array-flatten@1.1.1 fetched in 120ms
240 silly resolveWithNewModule array-flatten@1.1.1 checking installable status
241 silly pacote version manifest for body-parser@1.18.3 fetched in 133ms
242 silly resolveWithNewModule body-parser@1.18.3 checking installable status
243 silly pacote version manifest for content-disposition@0.5.2 fetched in 168ms
244 silly resolveWithNewModule content-disposition@0.5.2 checking installable status
245 silly pacote range manifest for content-type@~1.0.4 fetched in 191ms
246 silly resolveWithNewModule content-type@1.0.4 checking installable status
247 silly pacote range manifest for depd@~1.1.2 fetched in 225ms
248 silly resolveWithNewModule depd@1.1.2 checking installable status
249 silly pacote range manifest for encodeurl@~1.0.2 fetched in 269ms
250 silly resolveWithNewModule encodeurl@1.0.2 checking installable status
251 silly pacote range manifest for escape-html@~1.0.3 fetched in 294ms
252 silly resolveWithNewModule escape-html@1.0.3 checking installable status
253 silly pacote range manifest for etag@~1.8.1 fetched in 327ms
254 silly resolveWithNewModule etag@1.8.1 checking installable status
255 silly pacote version manifest for finalhandler@1.1.1 fetched in 352ms
256 silly resolveWithNewModule finalhandler@1.1.1 checking installable status
257 silly pacote version manifest for fresh@0.5.2 fetched in 117ms
258 silly resolveWithNewModule fresh@0.5.2 checking installable status
259 silly pacote version manifest for merge-descriptors@1.0.1 fetched in 128ms
260 silly resolveWithNewModule merge-descriptors@1.0.1 checking installable status
261 silly pacote range manifest for methods@~1.1.2 fetched in 139ms
262 silly resolveWithNewModule methods@1.1.2 checking installable status
263 silly pacote range manifest for on-finished@~2.3.0 fetched in 150ms
264 silly resolveWithNewModule on-finished@2.3.0 checking installable status
265 silly pacote range manifest for parseurl@~1.3.2 fetched in 164ms
266 silly resolveWithNewModule parseurl@1.3.3 checking installable status
267 silly pacote version manifest for path-to-regexp@0.1.7 fetched in 166ms
268 silly resolveWithNewModule path-to-regexp@0.1.7 checking installable status
269 silly pacote range manifest for proxy-addr@~2.0.4 fetched in 177ms
270 silly resolveWithNewModule proxy-addr@2.0.5 checking installable status
271 silly pacote version manifest for qs@6.5.2 fetched in 190ms
272 silly resolveWithNewModule qs@6.5.2 checking installable status
273 silly pacote range manifest for range-parser@~1.2.0 fetched in 200ms
274 silly resolveWithNewModule range-parser@1.2.1 checking installable status
275 silly pacote version manifest for safe-buffer@5.1.2 fetched in 209ms
276 silly resolveWithNewModule safe-buffer@5.1.2 checking installable status
277 silly pacote version manifest for send@0.16.2 fetched in 77ms
278 silly resolveWithNewModule send@0.16.2 checking installable status
279 silly pacote version manifest for serve-static@1.13.2 fetched in 88ms
280 silly resolveWithNewModule serve-static@1.13.2 checking installable status
281 silly pacote version manifest for setprototypeof@1.1.0 fetched in 96ms
282 silly resolveWithNewModule setprototypeof@1.1.0 checking installable status
283 silly pacote range manifest for statuses@~1.4.0 fetched in 105ms
284 silly resolveWithNewModule statuses@1.4.0 checking installable status
285 silly pacote range manifest for type-is@~1.6.16 fetched in 115ms
286 silly resolveWithNewModule type-is@1.6.18 checking installable status
287 silly pacote version manifest for utils-merge@1.0.1 fetched in 125ms
288 silly resolveWithNewModule utils-merge@1.0.1 checking installable status
289 silly pacote range manifest for vary@~1.1.2 fetched in 144ms
290 silly resolveWithNewModule vary@1.1.2 checking installable status
291 silly pacote range manifest for mime-types@~2.1.24 fetched in 32ms
292 silly resolveWithNewModule mime-types@2.1.25 checking installable status
293 silly pacote version manifest for negotiator@0.6.2 fetched in 41ms
294 silly resolveWithNewModule negotiator@0.6.2 checking installable status
295 silly pacote version manifest for mime-db@1.42.0 fetched in 22ms
296 silly resolveWithNewModule mime-db@1.42.0 checking installable status
297 silly pacote version manifest for bytes@3.0.0 fetched in 38ms
298 silly resolveWithNewModule bytes@3.0.0 checking installable status
299 silly pacote version manifest for iconv-lite@0.4.23 fetched in 46ms
300 silly resolveWithNewModule iconv-lite@0.4.23 checking installable status
301 silly pacote version manifest for raw-body@2.3.3 fetched in 56ms
302 silly resolveWithNewModule raw-body@2.3.3 checking installable status
303 silly pacote version manifest for inherits@2.0.3 fetched in 20ms
304 silly resolveWithNewModule inherits@2.0.3 checking installable status
305 silly pacote range manifest for safer-buffer@>= 2.1.2 < 3 fetched in 14ms
306 silly resolveWithNewModule safer-buffer@2.1.2 checking installable status
307 silly pacote version manifest for ee-first@1.1.1 fetched in 20ms
308 silly resolveWithNewModule ee-first@1.1.1 checking installable status
309 silly pacote version manifest for unpipe@1.0.0 fetched in 20ms
310 silly resolveWithNewModule unpipe@1.0.0 checking installable status
311 silly pacote version manifest for media-typer@0.3.0 fetched in 20ms
312 silly resolveWithNewModule media-typer@0.3.0 checking installable status
313 silly pacote range manifest for forwarded@~0.1.2 fetched in 30ms
314 silly resolveWithNewModule forwarded@0.1.2 checking installable status
315 silly pacote version manifest for ipaddr.js@1.9.0 fetched in 40ms
316 silly resolveWithNewModule ipaddr.js@1.9.0 checking installable status
317 silly pacote range manifest for destroy@~1.0.4 fetched in 30ms
318 silly resolveWithNewModule destroy@1.0.4 checking installable status
319 silly pacote version manifest for mime@1.4.1 fetched in 39ms
320 silly resolveWithNewModule mime@1.4.1 checking installable status
321 silly pacote version manifest for character-parser@1.2.1 fetched in 242ms
322 silly resolveWithNewModule character-parser@1.2.1 checking installable status
323 silly pacote range manifest for clean-css@^3.1.9 fetched in 250ms
324 silly resolveWithNewModule clean-css@3.4.28 checking installable status
325 silly pacote range manifest for commander@~2.6.0 fetched in 260ms
326 silly resolveWithNewModule commander@2.6.0 checking installable status
327 silly pacote range manifest for constantinople@~3.0.1 fetched in 269ms
328 silly resolveWithNewModule constantinople@3.0.2 checking installable status
329 silly pacote version manifest for jstransformer@0.0.2 fetched in 278ms
330 silly resolveWithNewModule jstransformer@0.0.2 checking installable status
331 silly pacote range manifest for mkdirp@~0.5.0 fetched in 285ms
332 silly resolveWithNewModule mkdirp@0.5.1 checking installable status
333 silly pacote version manifest for transformers@2.1.0 fetched in 296ms
334 silly resolveWithNewModule transformers@2.1.0 checking installable status
335 silly pacote range manifest for uglify-js@^2.4.19 fetched in 306ms
336 silly resolveWithNewModule uglify-js@2.8.29 checking installable status
337 silly pacote range manifest for void-elements@~2.0.1 fetched in 315ms
338 silly resolveWithNewModule void-elements@2.0.1 checking installable status
339 silly pacote range manifest for with@~4.0.0 fetched in 325ms
340 silly resolveWithNewModule with@4.0.3 checking installable status
341 silly pacote range manifest for commander@2.8.x fetched in 65ms
342 silly resolveWithNewModule commander@2.8.1 checking installable status
343 silly pacote range manifest for source-map@0.4.x fetched in 74ms
344 silly resolveWithNewModule source-map@0.4.4 checking installable status
345 silly pacote range manifest for graceful-readlink@>= 1.0.0 fetched in 25ms
346 silly resolveWithNewModule graceful-readlink@1.0.1 checking installable status
347 silly pacote range manifest for amdefine@>=0.0.4 fetched in 13ms
348 silly resolveWithNewModule amdefine@1.0.1 checking installable status
349 silly pacote range manifest for acorn@^2.1.0 fetched in 35ms
350 silly resolveWithNewModule acorn@2.7.0 checking installable status
351 silly pacote range manifest for is-promise@^2.0.0 fetched in 37ms
352 silly resolveWithNewModule is-promise@2.1.0 checking installable status
353 silly pacote range manifest for promise@^6.0.1 fetched in 45ms
354 silly resolveWithNewModule promise@6.1.0 checking installable status
355 silly pacote range manifest for asap@~1.0.0 fetched in 24ms
356 silly resolveWithNewModule asap@1.0.0 checking installable status
357 silly pacote version manifest for minimist@0.0.8 fetched in 12ms
358 silly resolveWithNewModule minimist@0.0.8 checking installable status
359 silly pacote range manifest for promise@~2.0 fetched in 130ms
360 silly resolveWithNewModule promise@2.0.0 checking installable status
361 silly pacote range manifest for css@~1.0.8 fetched in 138ms
362 silly resolveWithNewModule css@1.0.8 checking installable status
363 silly pacote range manifest for uglify-js@~2.2.5 fetched in 157ms
364 silly resolveWithNewModule uglify-js@2.2.5 checking installable status
365 silly pacote version manifest for css-parse@1.0.4 fetched in 27ms
366 silly resolveWithNewModule css-parse@1.0.4 checking installable status
367 silly pacote version manifest for css-stringify@1.0.5 fetched in 60ms
368 silly resolveWithNewModule css-stringify@1.0.5 checking installable status
369 silly pacote range manifest for is-promise@~1 fetched in 65ms
370 silly resolveWithNewModule is-promise@1.0.1 checking installable status
371 silly pacote range manifest for source-map@~0.1.7 fetched in 108ms
372 silly resolveWithNewModule source-map@0.1.43 checking installable status
373 silly pacote range manifest for optimist@~0.3.5 fetched in 127ms
374 silly resolveWithNewModule optimist@0.3.7 checking installable status
375 silly pacote range manifest for wordwrap@~0.0.2 fetched in 23ms
376 silly resolveWithNewModule wordwrap@0.0.3 checking installable status
377 silly pacote range manifest for source-map@~0.5.1 fetched in 99ms
378 silly resolveWithNewModule source-map@0.5.7 checking installable status
379 silly pacote range manifest for yargs@~3.10.0 fetched in 118ms
380 silly resolveWithNewModule yargs@3.10.0 checking installable status
381 silly pacote range manifest for uglify-to-browserify@~1.0.0 fetched in 127ms
382 silly resolveWithNewModule uglify-to-browserify@1.0.2 checking installable status
383 silly pacote range manifest for camelcase@^1.0.2 fetched in 59ms
384 silly resolveWithNewModule camelcase@1.2.1 checking installable status
385 silly pacote range manifest for cliui@^2.1.0 fetched in 68ms
386 silly resolveWithNewModule cliui@2.1.0 checking installable status
387 silly pacote range manifest for decamelize@^1.0.0 fetched in 76ms
388 silly resolveWithNewModule decamelize@1.2.0 checking installable status
389 silly pacote version manifest for window-size@0.1.0 fetched in 91ms
390 silly resolveWithNewModule window-size@0.1.0 checking installable status
391 silly pacote range manifest for center-align@^0.1.1 fetched in 41ms
392 silly resolveWithNewModule center-align@0.1.3 checking installable status
393 silly pacote range manifest for right-align@^0.1.1 fetched in 50ms
394 silly resolveWithNewModule right-align@0.1.3 checking installable status
395 silly pacote version manifest for wordwrap@0.0.2 fetched in 59ms
396 silly resolveWithNewModule wordwrap@0.0.2 checking installable status
397 silly pacote range manifest for align-text@^0.1.3 fetched in 36ms
398 silly resolveWithNewModule align-text@0.1.4 checking installable status
399 silly pacote range manifest for lazy-cache@^1.0.3 fetched in 45ms
400 silly resolveWithNewModule lazy-cache@1.0.4 checking installable status
401 silly pacote range manifest for kind-of@^3.0.2 fetched in 125ms
402 silly resolveWithNewModule kind-of@3.2.2 checking installable status
403 silly pacote range manifest for longest@^1.0.1 fetched in 131ms
404 silly resolveWithNewModule longest@1.0.1 checking installable status
405 silly pacote range manifest for repeat-string@^1.5.2 fetched in 150ms
406 silly resolveWithNewModule repeat-string@1.6.1 checking installable status
407 silly pacote range manifest for is-buffer@^1.1.5 fetched in 32ms
408 silly resolveWithNewModule is-buffer@1.1.6 checking installable status
409 silly pacote range manifest for acorn@^1.0.1 fetched in 42ms
410 silly resolveWithNewModule acorn@1.2.2 checking installable status
411 silly pacote range manifest for acorn-globals@^1.0.3 fetched in 51ms
412 silly resolveWithNewModule acorn-globals@1.0.9 checking installable status
413 silly pacote range manifest for basic-auth@~2.0.0 fetched in 91ms
414 silly resolveWithNewModule basic-auth@2.0.1 checking installable status
415 silly pacote range manifest for on-headers@~1.0.1 fetched in 110ms
416 silly resolveWithNewModule on-headers@1.0.2 checking installable status
417 timing stage:loadIdealTree:loadAllDepsIntoIdealTree Completed in 29796ms
418 timing stage:loadIdealTree Completed in 31274ms
419 silly currentTree aloe@0.0.0
420 silly idealTree aloe@0.0.0
420 silly idealTree ├── accepts@1.3.7
420 silly idealTree ├── acorn-globals@1.0.9
420 silly idealTree ├── acorn@2.7.0
420 silly idealTree ├── align-text@0.1.4
420 silly idealTree ├── amdefine@1.0.1
420 silly idealTree ├── array-flatten@1.1.1
420 silly idealTree ├── asap@1.0.0
420 silly idealTree ├── basic-auth@2.0.1
420 silly idealTree ├── body-parser@1.18.3
420 silly idealTree ├── bytes@3.0.0
420 silly idealTree ├── camelcase@1.2.1
420 silly idealTree ├── center-align@0.1.3
420 silly idealTree ├── character-parser@1.2.1
420 silly idealTree ├─┬ clean-css@3.4.28
420 silly idealTree │ └── commander@2.8.1
420 silly idealTree ├─┬ cliui@2.1.0
420 silly idealTree │ └── wordwrap@0.0.2
420 silly idealTree ├── commander@2.6.0
420 silly idealTree ├── constantinople@3.0.2
420 silly idealTree ├── content-disposition@0.5.2
420 silly idealTree ├── content-type@1.0.4
420 silly idealTree ├── cookie-parser@1.4.4
420 silly idealTree ├── cookie-signature@1.0.6
420 silly idealTree ├── cookie@0.3.1
420 silly idealTree ├── css-parse@1.0.4
420 silly idealTree ├── css-stringify@1.0.5
420 silly idealTree ├── css@1.0.8
420 silly idealTree ├── debug@2.6.9
420 silly idealTree ├── decamelize@1.2.0
420 silly idealTree ├── depd@1.1.2
420 silly idealTree ├── destroy@1.0.4
420 silly idealTree ├── ee-first@1.1.1
420 silly idealTree ├── encodeurl@1.0.2
420 silly idealTree ├── escape-html@1.0.3
420 silly idealTree ├── etag@1.8.1
420 silly idealTree ├── express@4.16.4
420 silly idealTree ├── finalhandler@1.1.1
420 silly idealTree ├── forwarded@0.1.2
420 silly idealTree ├── fresh@0.5.2
420 silly idealTree ├── graceful-readlink@1.0.1
420 silly idealTree ├── http-errors@1.6.3
420 silly idealTree ├── iconv-lite@0.4.23
420 silly idealTree ├── inherits@2.0.3
420 silly idealTree ├── ipaddr.js@1.9.0
420 silly idealTree ├── is-buffer@1.1.6
420 silly idealTree ├── is-promise@2.1.0
420 silly idealTree ├── jade@1.11.0
420 silly idealTree ├── jstransformer@0.0.2
420 silly idealTree ├── kind-of@3.2.2
420 silly idealTree ├── lazy-cache@1.0.4
420 silly idealTree ├── longest@1.0.1
420 silly idealTree ├── media-typer@0.3.0
420 silly idealTree ├── merge-descriptors@1.0.1
420 silly idealTree ├── methods@1.1.2
420 silly idealTree ├── mime-db@1.42.0
420 silly idealTree ├── mime-types@2.1.25
420 silly idealTree ├── mime@1.4.1
420 silly idealTree ├── minimist@0.0.8
420 silly idealTree ├── mkdirp@0.5.1
420 silly idealTree ├── morgan@1.9.1
420 silly idealTree ├── ms@2.0.0
420 silly idealTree ├── negotiator@0.6.2
420 silly idealTree ├── on-finished@2.3.0
420 silly idealTree ├── on-headers@1.0.2
420 silly idealTree ├── optimist@0.3.7
420 silly idealTree ├── parseurl@1.3.3
420 silly idealTree ├── path-to-regexp@0.1.7
420 silly idealTree ├── promise@6.1.0
420 silly idealTree ├── proxy-addr@2.0.5
420 silly idealTree ├── qs@6.5.2
420 silly idealTree ├── range-parser@1.2.1
420 silly idealTree ├── raw-body@2.3.3
420 silly idealTree ├── repeat-string@1.6.1
420 silly idealTree ├── right-align@0.1.3
420 silly idealTree ├── safe-buffer@5.1.2
420 silly idealTree ├── safer-buffer@2.1.2
420 silly idealTree ├── send@0.16.2
420 silly idealTree ├── serve-static@1.13.2
420 silly idealTree ├── setprototypeof@1.1.0
420 silly idealTree ├── source-map@0.4.4
420 silly idealTree ├── statuses@1.4.0
420 silly idealTree ├─┬ transformers@2.1.0
420 silly idealTree │ ├── is-promise@1.0.1
420 silly idealTree │ ├── promise@2.0.0
420 silly idealTree │ ├── source-map@0.1.43
420 silly idealTree │ └── uglify-js@2.2.5
420 silly idealTree ├── type-is@1.6.18
420 silly idealTree ├─┬ uglify-js@2.8.29
420 silly idealTree │ └── source-map@0.5.7
420 silly idealTree ├── uglify-to-browserify@1.0.2
420 silly idealTree ├── unpipe@1.0.0
420 silly idealTree ├── utils-merge@1.0.1
420 silly idealTree ├── vary@1.1.2
420 silly idealTree ├── void-elements@2.0.1
420 silly idealTree ├── window-size@0.1.0
420 silly idealTree ├─┬ with@4.0.3
420 silly idealTree │ └── acorn@1.2.2
420 silly idealTree ├── wordwrap@0.0.3
420 silly idealTree └── yargs@3.10.0
421 silly install generateActionsToTake
422 warn checkPermissions Missing write access to /home/pi/aloe
423 timing stage:rollbackFailedOptional Completed in 4ms
424 timing stage:runTopLevelLifecycles Completed in 32496ms
425 silly saveTree aloe@0.0.0
425 silly saveTree ├─┬ cookie-parser@1.4.4
425 silly saveTree │ ├── cookie-signature@1.0.6
425 silly saveTree │ └── cookie@0.3.1
425 silly saveTree ├─┬ debug@2.6.9
425 silly saveTree │ └── ms@2.0.0
425 silly saveTree ├─┬ express@4.16.4
425 silly saveTree │ ├─┬ accepts@1.3.7
425 silly saveTree │ │ ├─┬ mime-types@2.1.25
425 silly saveTree │ │ │ └── mime-db@1.42.0
425 silly saveTree │ │ └── negotiator@0.6.2
425 silly saveTree │ ├── array-flatten@1.1.1
425 silly saveTree │ ├─┬ body-parser@1.18.3
425 silly saveTree │ │ ├── bytes@3.0.0
425 silly saveTree │ │ ├── content-type@1.0.4
425 silly saveTree │ │ ├── depd@1.1.2
425 silly saveTree │ │ ├─┬ http-errors@1.6.3
425 silly saveTree │ │ │ ├── inherits@2.0.3
425 silly saveTree │ │ │ ├── setprototypeof@1.1.0
425 silly saveTree │ │ │ └── statuses@1.4.0
425 silly saveTree │ │ ├─┬ iconv-lite@0.4.23
425 silly saveTree │ │ │ └── safer-buffer@2.1.2
425 silly saveTree │ │ ├─┬ on-finished@2.3.0
425 silly saveTree │ │ │ └── ee-first@1.1.1
425 silly saveTree │ │ ├── qs@6.5.2
425 silly saveTree │ │ ├─┬ raw-body@2.3.3
425 silly saveTree │ │ │ └── unpipe@1.0.0
425 silly saveTree │ │ └─┬ type-is@1.6.18
425 silly saveTree │ │   └── media-typer@0.3.0
425 silly saveTree │ ├── content-disposition@0.5.2
425 silly saveTree │ ├── content-type@1.0.4
425 silly saveTree │ ├── depd@1.1.2
425 silly saveTree │ ├── encodeurl@1.0.2
425 silly saveTree │ ├── escape-html@1.0.3
425 silly saveTree │ ├── etag@1.8.1
425 silly saveTree │ ├─┬ finalhandler@1.1.1
425 silly saveTree │ │ └── parseurl@1.3.3
425 silly saveTree │ ├── fresh@0.5.2
425 silly saveTree │ ├── merge-descriptors@1.0.1
425 silly saveTree │ ├── methods@1.1.2
425 silly saveTree │ ├── on-finished@2.3.0
425 silly saveTree │ ├── parseurl@1.3.3
425 silly saveTree │ ├── path-to-regexp@0.1.7
425 silly saveTree │ ├─┬ proxy-addr@2.0.5
425 silly saveTree │ │ ├── forwarded@0.1.2
425 silly saveTree │ │ └── ipaddr.js@1.9.0
425 silly saveTree │ ├── qs@6.5.2
425 silly saveTree │ ├── range-parser@1.2.1
425 silly saveTree │ ├── safe-buffer@5.1.2
425 silly saveTree │ ├─┬ send@0.16.2
425 silly saveTree │ │ ├── destroy@1.0.4
425 silly saveTree │ │ └── mime@1.4.1
425 silly saveTree │ ├── serve-static@1.13.2
425 silly saveTree │ ├── setprototypeof@1.1.0
425 silly saveTree │ ├── statuses@1.4.0
425 silly saveTree │ ├── type-is@1.6.18
425 silly saveTree │ ├── utils-merge@1.0.1
425 silly saveTree │ └── vary@1.1.2
425 silly saveTree ├── http-errors@1.6.3
425 silly saveTree ├─┬ jade@1.11.0
425 silly saveTree │ ├── character-parser@1.2.1
425 silly saveTree │ ├─┬ clean-css@3.4.28
425 silly saveTree │ │ ├─┬ commander@2.8.1
425 silly saveTree │ │ │ └── graceful-readlink@1.0.1
425 silly saveTree │ │ └─┬ source-map@0.4.4
425 silly saveTree │ │   └── amdefine@1.0.1
425 silly saveTree │ ├── commander@2.6.0
425 silly saveTree │ ├─┬ constantinople@3.0.2
425 silly saveTree │ │ └── acorn@2.7.0
425 silly saveTree │ ├─┬ jstransformer@0.0.2
425 silly saveTree │ │ ├── is-promise@2.1.0
425 silly saveTree │ │ └─┬ promise@6.1.0
425 silly saveTree │ │   └── asap@1.0.0
425 silly saveTree │ ├─┬ mkdirp@0.5.1
425 silly saveTree │ │ └── minimist@0.0.8
425 silly saveTree │ ├─┬ transformers@2.1.0
425 silly saveTree │ │ ├─┬ css@1.0.8
425 silly saveTree │ │ │ ├── css-parse@1.0.4
425 silly saveTree │ │ │ └── css-stringify@1.0.5
425 silly saveTree │ │ ├─┬ promise@2.0.0
425 silly saveTree │ │ │ └── is-promise@1.0.1
425 silly saveTree │ │ └─┬ uglify-js@2.2.5
425 silly saveTree │ │   ├─┬ optimist@0.3.7
425 silly saveTree │ │   │ └── wordwrap@0.0.3
425 silly saveTree │ │   └── source-map@0.1.43
425 silly saveTree │ ├─┬ uglify-js@2.8.29
425 silly saveTree │ │ ├── source-map@0.5.7
425 silly saveTree │ │ ├── uglify-to-browserify@1.0.2
425 silly saveTree │ │ └─┬ yargs@3.10.0
425 silly saveTree │ │   ├── camelcase@1.2.1
425 silly saveTree │ │   ├─┬ cliui@2.1.0
425 silly saveTree │ │   │ ├─┬ center-align@0.1.3
425 silly saveTree │ │   │ │ ├─┬ align-text@0.1.4
425 silly saveTree │ │   │ │ │ ├─┬ kind-of@3.2.2
425 silly saveTree │ │   │ │ │ │ └── is-buffer@1.1.6
425 silly saveTree │ │   │ │ │ ├── longest@1.0.1
425 silly saveTree │ │   │ │ │ └── repeat-string@1.6.1
425 silly saveTree │ │   │ │ └── lazy-cache@1.0.4
425 silly saveTree │ │   │ ├── right-align@0.1.3
425 silly saveTree │ │   │ └── wordwrap@0.0.2
425 silly saveTree │ │   ├── decamelize@1.2.0
425 silly saveTree │ │   └── window-size@0.1.0
425 silly saveTree │ ├── void-elements@2.0.1
425 silly saveTree │ └─┬ with@4.0.3
425 silly saveTree │   ├── acorn-globals@1.0.9
425 silly saveTree │   └── acorn@1.2.2
425 silly saveTree └─┬ morgan@1.9.1
425 silly saveTree   ├── basic-auth@2.0.1
425 silly saveTree   └── on-headers@1.0.2
426 verbose stack Error: EACCES: permission denied, access '/home/pi/aloe'
427 verbose cwd /home/pi/aloe
428 verbose Linux 4.19.75+
429 verbose argv "/usr/local/bin/node" "/usr/local/bin/npm" "install"
430 verbose node v11.15.0
431 verbose npm  v6.7.0
432 error path /home/pi/aloe
433 error code EACCES
434 error errno -13
435 error syscall access
436 error Error: EACCES: permission denied, access '/home/pi/aloe'
436 error  { [Error: EACCES: permission denied, access '/home/pi/aloe']
436 error   stack: "Error: EACCES: permission denied, access '/home/pi/aloe'",
436 error   errno: -13,
436 error   code: 'EACCES',
436 error   syscall: 'access',
436 error   path: '/home/pi/aloe' }
437 error The operation was rejected by your operating system.
437 error It is likely you do not have the permissions to access this file as the current user
437 error
437 error If you believe this might be a permissions issue, please double-check the
437 error permissions of the file and its containing directories, or try running
437 error the command again as root/Administrator (though this is not recommended).
438 verbose exit [ -13, true ]
