0 info it worked if it ends with ok
1 verbose cli [ '/usr/local/bin/node', '/usr/local/bin/npm', 'install' ]
2 info using npm@6.7.0
3 info using node@v11.15.0
4 verbose npm-session 5d2e399ef0b352a4
5 silly install runPreinstallTopLevelLifecycles
6 silly preinstall aloe@0.0.0
7 info lifecycle aloe@0.0.0~preinstall: aloe@0.0.0
8 silly install loadCurrentTree
9 silly install readLocalPackageData
10 timing stage:loadCurrentTree Completed in 262ms
11 silly install loadIdealTree
12 silly install cloneCurrentTreeToIdealTree
13 timing stage:loadIdealTree:cloneCurrentTree Completed in 6ms
14 silly install loadShrinkwrap
15 timing stage:loadIdealTree:loadShrinkwrap Completed in 44ms
16 silly install loadAllDepsIntoIdealTree
17 http fetch GET 200 https://registry.npmjs.org/morgan 2956ms
18 http fetch GET 200 https://registry.npmjs.org/cookie-parser 3209ms
19 http fetch GET 200 https://registry.npmjs.org/debug 3157ms
20 http fetch GET 200 https://registry.npmjs.org/http-errors 3123ms
21 http fetch GET 200 https://registry.npmjs.org/express 3160ms
22 http fetch GET 200 https://registry.npmjs.org/jade 3481ms
23 silly pacote range manifest for jade@~1.11.0 fetched in 4157ms
24 warn deprecated jade@1.11.0: Jade has been renamed to pug, please install the latest version of pug instead of jade
25 silly pacote range manifest for morgan@~1.9.1 fetched in 4881ms
26 silly pacote range manifest for cookie-parser@~1.4.4 fetched in 5729ms
27 silly pacote range manifest for http-errors@~1.6.3 fetched in 5517ms
28 silly pacote range manifest for express@~4.16.1 fetched in 5547ms
29 http fetch GET 200 https://registry.npmjs.org/debug/-/debug-2.6.9.tgz 2136ms
30 http fetch GET 200 https://registry.npmjs.org/character-parser 2020ms
31 http fetch GET 200 https://registry.npmjs.org/commander 1943ms
32 http fetch GET 200 https://registry.npmjs.org/constantinople 1946ms
33 http fetch GET 200 https://registry.npmjs.org/jstransformer 1911ms
34 http fetch GET 200 https://registry.npmjs.org/clean-css 2063ms
35 silly pacote range manifest for debug@~2.6.9 fetched in 6668ms
36 http fetch GET 200 https://registry.npmjs.org/mkdirp 1391ms
37 http fetch GET 200 https://registry.npmjs.org/transformers 1294ms
38 http fetch GET 200 https://registry.npmjs.org/uglify-js 1291ms
39 http fetch GET 200 https://registry.npmjs.org/void-elements 1824ms
40 silly pacote version manifest for jstransformer@0.0.2 fetched in 3782ms
41 silly pacote version manifest for character-parser@1.2.1 fetched in 4055ms
42 silly pacote range manifest for clean-css@^3.1.9 fetched in 4033ms
43 silly pacote version manifest for transformers@2.1.0 fetched in 3134ms
44 warn deprecated transformers@2.1.0: Deprecated, use jstransformer
45 http fetch GET 200 https://registry.npmjs.org/with 2058ms
46 silly pacote range manifest for void-elements@~2.0.1 fetched in 3251ms
47 http fetch GET 200 https://registry.npmjs.org/commander/-/commander-2.6.0.tgz 2172ms
48 http fetch GET 200 https://registry.npmjs.org/constantinople/-/constantinople-3.0.2.tgz 2226ms
49 http fetch GET 200 https://registry.npmjs.org/mkdirp/-/mkdirp-0.5.1.tgz 1725ms
50 http fetch GET 200 https://registry.npmjs.org/uglify-js/-/uglify-js-2.8.29.tgz 1510ms
51 http fetch GET 200 https://registry.npmjs.org/basic-auth 1168ms
52 http fetch GET 200 https://registry.npmjs.org/depd 1130ms
53 silly pacote range manifest for commander@~2.6.0 fetched in 5214ms
54 silly pacote range manifest for with@~4.0.0 fetched in 3004ms
55 silly pacote range manifest for constantinople@~3.0.1 fetched in 5248ms
56 warn deprecated constantinople@3.0.2: Please update to at least constantinople 3.1.1
57 silly pacote range manifest for mkdirp@~0.5.0 fetched in 4432ms
58 silly pacote range manifest for uglify-js@^2.4.19 fetched in 4264ms
59 http fetch GET 200 https://registry.npmjs.org/on-finished 1277ms
60 http fetch GET 200 https://registry.npmjs.org/on-headers 1207ms
61 http fetch GET 304 https://registry.npmjs.org/debug/-/debug-2.6.9.tgz 1788ms (from cache)
62 silly pacote range manifest for basic-auth@~2.0.0 fetched in 2093ms
63 silly pacote range manifest for on-finished@~2.3.0 fetched in 1908ms
64 http fetch GET 200 https://registry.npmjs.org/depd/-/depd-1.1.2.tgz 1122ms
65 http fetch GET 200 https://registry.npmjs.org/cookie-signature 1071ms
66 silly pacote range manifest for on-headers@~1.0.1 fetched in 1878ms
67 http fetch GET 200 https://registry.npmjs.org/cookie 1153ms
68 http fetch GET 200 https://registry.npmjs.org/inherits 1113ms
69 http fetch GET 200 https://registry.npmjs.org/statuses 975ms
70 http fetch GET 200 https://registry.npmjs.org/setprototypeof 1082ms
71 silly pacote version manifest for debug@2.6.9 fetched in 2716ms
72 http fetch GET 200 https://registry.npmjs.org/accepts 1156ms
73 silly pacote version manifest for cookie-signature@1.0.6 fetched in 1947ms
74 silly pacote range manifest for depd@~1.1.2 fetched in 3242ms
75 http fetch GET 200 https://registry.npmjs.org/body-parser 969ms
76 silly pacote range manifest for statuses@>= 1.4.0 < 2 fetched in 1900ms
77 http fetch GET 200 https://registry.npmjs.org/array-flatten 1160ms
78 http fetch GET 200 https://registry.npmjs.org/cookie/-/cookie-0.3.1.tgz 1095ms
79 silly pacote version manifest for cookie-signature@1.0.6 fetched in 284ms
80 http fetch GET 200 https://registry.npmjs.org/inherits/-/inherits-2.0.3.tgz 1081ms
81 http fetch GET 200 https://registry.npmjs.org/setprototypeof/-/setprototypeof-1.1.0.tgz 1069ms
82 http fetch GET 200 https://registry.npmjs.org/content-disposition 1019ms
83 silly pacote range manifest for accepts@~1.3.5 fetched in 2065ms
84 silly pacote version manifest for body-parser@1.18.3 fetched in 1859ms
85 http fetch GET 200 https://registry.npmjs.org/content-type 991ms
86 silly pacote version manifest for cookie@0.3.1 fetched in 3062ms
87 silly pacote version manifest for inherits@2.0.3 fetched in 3204ms
88 http fetch GET 200 https://registry.npmjs.org/array-flatten/-/array-flatten-1.1.1.tgz 1088ms
89 silly pacote version manifest for setprototypeof@1.1.0 fetched in 3255ms
90 http fetch GET 200 https://registry.npmjs.org/encodeurl 1106ms
91 http fetch GET 200 https://registry.npmjs.org/content-disposition/-/content-disposition-0.5.2.tgz 1090ms
92 http fetch GET 200 https://registry.npmjs.org/escape-html 1043ms
93 http fetch GET 200 https://registry.npmjs.org/etag 966ms
94 http fetch GET 200 https://registry.npmjs.org/content-type/-/content-type-1.0.4.tgz 784ms
95 http fetch GET 200 https://registry.npmjs.org/finalhandler 896ms
96 http fetch GET 200 https://registry.npmjs.org/fresh 840ms
97 silly pacote version manifest for array-flatten@1.1.1 fetched in 3061ms
98 http fetch GET 200 https://registry.npmjs.org/merge-descriptors 661ms
99 silly pacote version manifest for content-disposition@0.5.2 fetched in 2767ms
100 http fetch GET 200 https://registry.npmjs.org/methods 807ms
101 http fetch GET 200 https://registry.npmjs.org/encodeurl/-/encodeurl-1.0.2.tgz 765ms
102 silly pacote range manifest for escape-html@~1.0.3 fetched in 1715ms
103 silly pacote version manifest for finalhandler@1.1.1 fetched in 1518ms
104 silly pacote range manifest for content-type@~1.0.4 fetched in 2704ms
105 silly pacote version manifest for merge-descriptors@1.0.1 fetched in 1286ms
106 silly pacote version manifest for fresh@0.5.2 fetched in 1602ms
107 http fetch GET 200 https://registry.npmjs.org/etag/-/etag-1.8.1.tgz 999ms
108 http fetch GET 200 https://registry.npmjs.org/parseurl 1011ms
109 silly pacote range manifest for methods@~1.1.2 fetched in 1643ms
110 silly pacote range manifest for encodeurl@~1.0.2 fetched in 2681ms
111 http fetch GET 200 https://registry.npmjs.org/path-to-regexp 934ms
112 silly pacote version manifest for setprototypeof@1.1.0 fetched in 398ms
113 http fetch GET 200 https://registry.npmjs.org/proxy-addr 1197ms
114 http fetch GET 200 https://registry.npmjs.org/qs 1237ms
115 http fetch GET 200 https://registry.npmjs.org/safe-buffer 1180ms
116 http fetch GET 200 https://registry.npmjs.org/range-parser 1267ms
117 silly pacote range manifest for etag@~1.8.1 fetched in 3015ms
118 silly pacote range manifest for parseurl@~1.3.2 fetched in 1928ms
119 http fetch GET 200 https://registry.npmjs.org/send 1275ms
120 http fetch GET 200 https://registry.npmjs.org/serve-static 1108ms
121 http fetch GET 200 https://registry.npmjs.org/path-to-regexp/-/path-to-regexp-0.1.7.tgz 1118ms
122 silly pacote range manifest for proxy-addr@~2.0.4 fetched in 2056ms
123 silly pacote version manifest for safe-buffer@5.1.2 fetched in 2020ms
124 http fetch GET 200 https://registry.npmjs.org/statuses/-/statuses-1.4.0.tgz 1384ms
125 silly pacote version manifest for qs@6.5.2 fetched in 2500ms
126 silly pacote range manifest for range-parser@~1.2.0 fetched in 2542ms
127 silly pacote version manifest for send@0.16.2 fetched in 2652ms
128 http fetch GET 200 https://registry.npmjs.org/utils-merge 1428ms
129 http fetch GET 200 https://registry.npmjs.org/type-is 1826ms
130 silly pacote version manifest for serve-static@1.13.2 fetched in 2749ms
131 silly pacote version manifest for path-to-regexp@0.1.7 fetched in 3869ms
132 silly pacote range manifest for statuses@~1.4.0 fetched in 2733ms
133 http fetch GET 200 https://registry.npmjs.org/vary 1781ms
134 http fetch GET 200 https://registry.npmjs.org/ms 1886ms
135 http fetch GET 200 https://registry.npmjs.org/is-promise 1577ms
136 silly pacote version manifest for utils-merge@1.0.1 fetched in 2729ms
137 http fetch GET 200 https://registry.npmjs.org/promise 1512ms
138 silly pacote range manifest for type-is@~1.6.16 fetched in 2909ms
139 http fetch GET 200 https://registry.npmjs.org/source-map 1140ms
140 http fetch GET 200 https://registry.npmjs.org/commander/-/commander-2.8.1.tgz 1436ms
141 http fetch GET 200 https://registry.npmjs.org/promise 1592ms
142 silly pacote range manifest for vary@~1.1.2 fetched in 3388ms
143 http fetch GET 200 https://registry.npmjs.org/css 1650ms
144 silly pacote range manifest for is-promise@^2.0.0 fetched in 3173ms
145 silly pacote range manifest for commander@2.8.x fetched in 2946ms
146 http fetch GET 200 https://registry.npmjs.org/ms/-/ms-2.0.0.tgz 1811ms
147 http fetch GET 200 https://registry.npmjs.org/uglify-js/-/uglify-js-2.2.5.tgz 1671ms
148 http fetch GET 200 https://registry.npmjs.org/promise/-/promise-6.1.0.tgz 1720ms
149 http fetch GET 200 https://registry.npmjs.org/acorn 1701ms
150 http fetch GET 200 https://registry.npmjs.org/source-map/-/source-map-0.4.4.tgz 1111ms
151 http fetch GET 200 https://registry.npmjs.org/promise/-/promise-2.0.0.tgz 1435ms
152 http fetch GET 200 https://registry.npmjs.org/acorn-globals 1322ms
153 http fetch GET 200 https://registry.npmjs.org/css/-/css-1.0.8.tgz 1372ms
154 silly pacote version manifest for ms@2.0.0 fetched in 4719ms
155 silly pacote range manifest for uglify-js@~2.2.5 fetched in 2728ms
156 http fetch GET 200 https://registry.npmjs.org/acorn 1433ms
157 http fetch GET 200 https://registry.npmjs.org/minimist 1331ms
158 silly pacote range manifest for promise@^6.0.1 fetched in 4732ms
159 silly pacote range manifest for source-map@0.4.x fetched in 4401ms
160 http fetch GET 200 https://registry.npmjs.org/acorn/-/acorn-1.2.2.tgz 1973ms
161 silly pacote range manifest for promise@~2.0 fetched in 4589ms
162 silly pacote range manifest for css@~1.0.8 fetched in 4548ms
163 http fetch GET 200 https://registry.npmjs.org/acorn-globals/-/acorn-globals-1.0.9.tgz 1486ms
164 http fetch GET 200 https://registry.npmjs.org/yargs 1571ms
165 http fetch GET 200 https://registry.npmjs.org/source-map/-/source-map-0.5.7.tgz 1581ms
166 http fetch GET 200 https://registry.npmjs.org/acorn/-/acorn-2.7.0.tgz 1236ms
167 http fetch GET 200 https://registry.npmjs.org/uglify-to-browserify 1423ms
168 http fetch GET 200 https://registry.npmjs.org/minimist/-/minimist-0.0.8.tgz 1390ms
169 silly pacote range manifest for acorn@^1.0.1 fetched in 4660ms
170 http fetch GET 200 https://registry.npmjs.org/ee-first 1264ms
171 silly pacote range manifest for acorn-globals@^1.0.3 fetched in 3780ms
172 http fetch GET 200 https://registry.npmjs.org/mime-types 1065ms
173 silly pacote range manifest for source-map@~0.5.1 fetched in 2415ms
174 http fetch GET 200 https://registry.npmjs.org/negotiator 992ms
175 silly pacote range manifest for acorn@^2.1.0 fetched in 3701ms
176 silly pacote version manifest for minimist@0.0.8 fetched in 3696ms
177 http fetch GET 200 https://registry.npmjs.org/yargs/-/yargs-3.10.0.tgz 945ms
178 silly pacote range manifest for uglify-to-browserify@~1.0.0 fetched in 2267ms
179 http fetch GET 200 https://registry.npmjs.org/bytes 811ms
180 silly pacote version manifest for ee-first@1.1.1 fetched in 2056ms
181 silly pacote range manifest for mime-types@~2.1.24 fetched in 1906ms
182 silly pacote version manifest for negotiator@0.6.2 fetched in 1823ms
183 http fetch GET 200 https://registry.npmjs.org/iconv-lite 997ms
184 silly pacote range manifest for http-errors@~1.6.2 fetched in 197ms
185 http fetch GET 200 https://registry.npmjs.org/raw-body 1085ms
186 silly pacote range manifest for yargs@~3.10.0 fetched in 3540ms
187 http fetch GET 200 https://registry.npmjs.org/forwarded 924ms
188 http fetch GET 200 https://registry.npmjs.org/unpipe 1087ms
189 http fetch GET 200 https://registry.npmjs.org/ipaddr.js 889ms
190 http fetch GET 200 https://registry.npmjs.org/bytes/-/bytes-3.0.0.tgz 698ms
191 http fetch GET 200 https://registry.npmjs.org/destroy 753ms
192 silly pacote version manifest for iconv-lite@0.4.23 fetched in 1595ms
193 http fetch GET 200 https://registry.npmjs.org/mime 1104ms
194 http fetch GET 200 https://registry.npmjs.org/media-typer 1042ms
195 silly pacote version manifest for raw-body@2.3.3 fetched in 2248ms
196 silly pacote range manifest for forwarded@~0.1.2 fetched in 2039ms
197 silly pacote range manifest for unpipe@~1.0.0 fetched in 2218ms
198 http fetch GET 200 https://registry.npmjs.org/graceful-readlink 1662ms
199 silly pacote version manifest for bytes@3.0.0 fetched in 3253ms
200 silly pacote version manifest for ipaddr.js@1.9.0 fetched in 2517ms
201 silly pacote range manifest for destroy@~1.0.4 fetched in 2431ms
202 http fetch GET 200 https://registry.npmjs.org/source-map/-/source-map-0.1.43.tgz 1463ms
203 http fetch GET 200 https://registry.npmjs.org/asap 971ms
204 silly pacote range manifest for graceful-readlink@>= 1.0.0 fetched in 2241ms
205 http fetch GET 200 https://registry.npmjs.org/amdefine 1029ms
206 http fetch GET 200 https://registry.npmjs.org/optimist 1132ms
207 http fetch GET 200 https://registry.npmjs.org/mime/-/mime-1.4.1.tgz 1264ms
208 silly pacote range manifest for is-promise@~1 fetched in 493ms
209 http fetch GET 200 https://registry.npmjs.org/media-typer/-/media-typer-0.3.0.tgz 634ms
210 http fetch GET 200 https://registry.npmjs.org/css-stringify 520ms
211 silly pacote range manifest for source-map@~0.1.7 fetched in 2241ms
212 http fetch GET 200 https://registry.npmjs.org/css-parse 815ms
213 silly pacote range manifest for asap@~1.0.0 fetched in 1586ms
214 silly pacote range manifest for optimist@~0.3.5 fetched in 1830ms
215 silly pacote version manifest for mime@1.4.1 fetched in 3227ms
216 silly pacote range manifest for amdefine@>=0.0.4 fetched in 1813ms
217 silly pacote version manifest for media-typer@0.3.0 fetched in 3190ms
218 http fetch GET 200 https://registry.npmjs.org/mime-db 883ms
219 http fetch GET 200 https://registry.npmjs.org/camelcase 830ms
220 silly pacote version manifest for css-stringify@1.0.5 fetched in 1287ms
221 silly pacote version manifest for css-parse@1.0.4 fetched in 1482ms
222 http fetch GET 200 https://registry.npmjs.org/cliui 770ms
223 http fetch GET 200 https://registry.npmjs.org/decamelize 968ms
224 silly pacote version manifest for unpipe@1.0.0 fetched in 758ms
225 silly pacote version manifest for http-errors@1.6.3 fetched in 801ms
226 http fetch GET 200 https://registry.npmjs.org/window-size 963ms
227 silly pacote version manifest for mime-db@1.42.0 fetched in 1705ms
228 http fetch GET 200 https://registry.npmjs.org/safer-buffer 976ms
229 http fetch GET 200 https://registry.npmjs.org/camelcase/-/camelcase-1.2.1.tgz 740ms
230 http fetch GET 200 https://registry.npmjs.org/wordwrap 804ms
231 http fetch GET 200 https://registry.npmjs.org/cliui/-/cliui-2.1.0.tgz 671ms
232 silly pacote version manifest for window-size@0.1.0 fetched in 1206ms
233 http fetch GET 200 https://registry.npmjs.org/decamelize/-/decamelize-1.2.0.tgz 357ms
234 silly pacote range manifest for safer-buffer@>= 2.1.2 < 3 fetched in 1190ms
235 silly pacote range manifest for camelcase@^1.0.2 fetched in 1836ms
236 silly pacote range manifest for wordwrap@~0.0.2 fetched in 970ms
237 silly pacote range manifest for cliui@^2.1.0 fetched in 1645ms
238 silly pacote range manifest for decamelize@^1.0.0 fetched in 1585ms
239 silly pacote version manifest for wordwrap@0.0.2 fetched in 121ms
240 http fetch GET 200 https://registry.npmjs.org/center-align 181ms
241 http fetch GET 200 https://registry.npmjs.org/right-align 203ms
242 silly pacote range manifest for center-align@^0.1.1 fetched in 274ms
243 silly pacote range manifest for right-align@^0.1.1 fetched in 322ms
244 http fetch GET 200 https://registry.npmjs.org/align-text 153ms
245 silly pacote range manifest for align-text@^0.1.3 fetched in 272ms
246 http fetch GET 200 https://registry.npmjs.org/align-text 328ms
247 http fetch GET 200 https://registry.npmjs.org/lazy-cache 431ms
248 silly pacote range manifest for align-text@^0.1.1 fetched in 600ms
249 silly pacote range manifest for lazy-cache@^1.0.3 fetched in 751ms
250 http fetch GET 200 https://registry.npmjs.org/repeat-string 451ms
251 http fetch GET 200 https://registry.npmjs.org/longest 499ms
252 http fetch GET 200 https://registry.npmjs.org/kind-of 514ms
253 silly pacote range manifest for repeat-string@^1.5.2 fetched in 725ms
254 silly pacote range manifest for longest@^1.0.1 fetched in 753ms
255 http fetch GET 200 https://registry.npmjs.org/kind-of/-/kind-of-3.2.2.tgz 244ms
256 silly pacote range manifest for kind-of@^3.0.2 fetched in 903ms
257 http fetch GET 200 https://registry.npmjs.org/is-buffer 162ms
258 http fetch GET 200 https://registry.npmjs.org/is-buffer/-/is-buffer-1.1.6.tgz 182ms
259 silly pacote range manifest for is-buffer@^1.1.5 fetched in 456ms
260 silly pacote range manifest for cookie-parser@~1.4.4 fetched in 136ms
261 silly resolveWithNewModule cookie-parser@1.4.4 checking installable status
262 silly pacote range manifest for debug@~2.6.9 fetched in 176ms
263 silly resolveWithNewModule debug@2.6.9 checking installable status
264 silly pacote range manifest for express@~4.16.1 fetched in 190ms
265 silly resolveWithNewModule express@4.16.4 checking installable status
266 silly pacote range manifest for http-errors@~1.6.3 fetched in 201ms
267 silly resolveWithNewModule http-errors@1.6.3 checking installable status
268 silly pacote range manifest for jade@~1.11.0 fetched in 215ms
269 silly resolveWithNewModule jade@1.11.0 checking installable status
270 silly pacote range manifest for morgan@~1.9.1 fetched in 226ms
271 silly resolveWithNewModule morgan@1.9.1 checking installable status
272 silly pacote version manifest for cookie@0.3.1 fetched in 32ms
273 silly resolveWithNewModule cookie@0.3.1 checking installable status
274 silly pacote version manifest for cookie-signature@1.0.6 fetched in 44ms
275 silly resolveWithNewModule cookie-signature@1.0.6 checking installable status
276 silly pacote version manifest for ms@2.0.0 fetched in 26ms
277 silly resolveWithNewModule ms@2.0.0 checking installable status
278 silly pacote range manifest for accepts@~1.3.5 fetched in 118ms
279 silly resolveWithNewModule accepts@1.3.7 checking installable status
280 silly pacote version manifest for array-flatten@1.1.1 fetched in 131ms
281 silly resolveWithNewModule array-flatten@1.1.1 checking installable status
282 silly pacote version manifest for body-parser@1.18.3 fetched in 144ms
283 silly resolveWithNewModule body-parser@1.18.3 checking installable status
284 silly pacote version manifest for content-disposition@0.5.2 fetched in 159ms
285 silly resolveWithNewModule content-disposition@0.5.2 checking installable status
286 silly pacote range manifest for content-type@~1.0.4 fetched in 210ms
287 silly resolveWithNewModule content-type@1.0.4 checking installable status
288 silly pacote range manifest for depd@~1.1.2 fetched in 241ms
289 silly resolveWithNewModule depd@1.1.2 checking installable status
290 silly pacote range manifest for encodeurl@~1.0.2 fetched in 274ms
291 silly resolveWithNewModule encodeurl@1.0.2 checking installable status
292 silly pacote range manifest for escape-html@~1.0.3 fetched in 298ms
293 silly resolveWithNewModule escape-html@1.0.3 checking installable status
294 silly pacote range manifest for etag@~1.8.1 fetched in 331ms
295 silly resolveWithNewModule etag@1.8.1 checking installable status
296 silly pacote version manifest for finalhandler@1.1.1 fetched in 366ms
297 silly resolveWithNewModule finalhandler@1.1.1 checking installable status
298 silly pacote version manifest for fresh@0.5.2 fetched in 184ms
299 silly resolveWithNewModule fresh@0.5.2 checking installable status
300 silly pacote version manifest for merge-descriptors@1.0.1 fetched in 195ms
301 silly resolveWithNewModule merge-descriptors@1.0.1 checking installable status
302 silly pacote range manifest for methods@~1.1.2 fetched in 206ms
303 silly resolveWithNewModule methods@1.1.2 checking installable status
304 silly pacote range manifest for on-finished@~2.3.0 fetched in 218ms
305 silly resolveWithNewModule on-finished@2.3.0 checking installable status
306 silly pacote range manifest for parseurl@~1.3.2 fetched in 231ms
307 silly resolveWithNewModule parseurl@1.3.3 checking installable status
308 silly pacote version manifest for path-to-regexp@0.1.7 fetched in 235ms
309 silly resolveWithNewModule path-to-regexp@0.1.7 checking installable status
310 silly pacote range manifest for proxy-addr@~2.0.4 fetched in 246ms
311 silly resolveWithNewModule proxy-addr@2.0.5 checking installable status
312 silly pacote version manifest for qs@6.5.2 fetched in 259ms
313 silly resolveWithNewModule qs@6.5.2 checking installable status
314 silly pacote range manifest for range-parser@~1.2.0 fetched in 269ms
315 silly resolveWithNewModule range-parser@1.2.1 checking installable status
316 silly pacote version manifest for safe-buffer@5.1.2 fetched in 278ms
317 silly resolveWithNewModule safe-buffer@5.1.2 checking installable status
318 silly pacote version manifest for send@0.16.2 fetched in 81ms
319 silly resolveWithNewModule send@0.16.2 checking installable status
320 silly pacote version manifest for serve-static@1.13.2 fetched in 90ms
321 silly resolveWithNewModule serve-static@1.13.2 checking installable status
322 silly pacote version manifest for setprototypeof@1.1.0 fetched in 99ms
323 silly resolveWithNewModule setprototypeof@1.1.0 checking installable status
324 silly pacote range manifest for statuses@~1.4.0 fetched in 107ms
325 silly resolveWithNewModule statuses@1.4.0 checking installable status
326 silly pacote range manifest for type-is@~1.6.16 fetched in 117ms
327 silly resolveWithNewModule type-is@1.6.18 checking installable status
328 silly pacote version manifest for utils-merge@1.0.1 fetched in 127ms
329 silly resolveWithNewModule utils-merge@1.0.1 checking installable status
330 silly pacote range manifest for vary@~1.1.2 fetched in 153ms
331 silly resolveWithNewModule vary@1.1.2 checking installable status
332 silly pacote range manifest for mime-types@~2.1.24 fetched in 33ms
333 silly resolveWithNewModule mime-types@2.1.25 checking installable status
334 silly pacote version manifest for negotiator@0.6.2 fetched in 42ms
335 silly resolveWithNewModule negotiator@0.6.2 checking installable status
336 silly pacote version manifest for mime-db@1.42.0 fetched in 26ms
337 silly resolveWithNewModule mime-db@1.42.0 checking installable status
338 silly pacote version manifest for bytes@3.0.0 fetched in 41ms
339 silly resolveWithNewModule bytes@3.0.0 checking installable status
340 silly pacote version manifest for iconv-lite@0.4.23 fetched in 49ms
341 silly resolveWithNewModule iconv-lite@0.4.23 checking installable status
342 silly pacote version manifest for raw-body@2.3.3 fetched in 58ms
343 silly resolveWithNewModule raw-body@2.3.3 checking installable status
344 silly pacote version manifest for inherits@2.0.3 fetched in 23ms
345 silly resolveWithNewModule inherits@2.0.3 checking installable status
346 silly pacote range manifest for safer-buffer@>= 2.1.2 < 3 fetched in 13ms
347 silly resolveWithNewModule safer-buffer@2.1.2 checking installable status
348 silly pacote version manifest for ee-first@1.1.1 fetched in 25ms
349 silly resolveWithNewModule ee-first@1.1.1 checking installable status
350 silly pacote version manifest for unpipe@1.0.0 fetched in 23ms
351 silly resolveWithNewModule unpipe@1.0.0 checking installable status
352 silly pacote version manifest for media-typer@0.3.0 fetched in 25ms
353 silly resolveWithNewModule media-typer@0.3.0 checking installable status
354 silly pacote range manifest for forwarded@~0.1.2 fetched in 34ms
355 silly resolveWithNewModule forwarded@0.1.2 checking installable status
356 silly pacote version manifest for ipaddr.js@1.9.0 fetched in 43ms
357 silly resolveWithNewModule ipaddr.js@1.9.0 checking installable status
358 silly pacote range manifest for destroy@~1.0.4 fetched in 34ms
359 silly resolveWithNewModule destroy@1.0.4 checking installable status
360 silly pacote version manifest for mime@1.4.1 fetched in 43ms
361 silly resolveWithNewModule mime@1.4.1 checking installable status
362 silly pacote version manifest for character-parser@1.2.1 fetched in 220ms
363 silly resolveWithNewModule character-parser@1.2.1 checking installable status
364 silly pacote range manifest for clean-css@^3.1.9 fetched in 217ms
365 silly resolveWithNewModule clean-css@3.4.28 checking installable status
366 silly pacote range manifest for commander@~2.6.0 fetched in 227ms
367 silly resolveWithNewModule commander@2.6.0 checking installable status
368 silly pacote range manifest for constantinople@~3.0.1 fetched in 237ms
369 silly resolveWithNewModule constantinople@3.0.2 checking installable status
370 silly pacote version manifest for jstransformer@0.0.2 fetched in 246ms
371 silly resolveWithNewModule jstransformer@0.0.2 checking installable status
372 silly pacote range manifest for mkdirp@~0.5.0 fetched in 254ms
373 silly resolveWithNewModule mkdirp@0.5.1 checking installable status
374 silly pacote version manifest for transformers@2.1.0 fetched in 263ms
375 silly resolveWithNewModule transformers@2.1.0 checking installable status
376 silly pacote range manifest for uglify-js@^2.4.19 fetched in 271ms
377 silly resolveWithNewModule uglify-js@2.8.29 checking installable status
378 silly pacote range manifest for void-elements@~2.0.1 fetched in 280ms
379 silly resolveWithNewModule void-elements@2.0.1 checking installable status
380 silly pacote range manifest for with@~4.0.0 fetched in 290ms
381 silly resolveWithNewModule with@4.0.3 checking installable status
382 silly pacote range manifest for commander@2.8.x fetched in 49ms
383 silly resolveWithNewModule commander@2.8.1 checking installable status
384 silly pacote range manifest for source-map@0.4.x fetched in 57ms
385 silly resolveWithNewModule source-map@0.4.4 checking installable status
386 silly pacote range manifest for graceful-readlink@>= 1.0.0 fetched in 24ms
387 silly resolveWithNewModule graceful-readlink@1.0.1 checking installable status
388 silly pacote range manifest for amdefine@>=0.0.4 fetched in 13ms
389 silly resolveWithNewModule amdefine@1.0.1 checking installable status
390 silly pacote range manifest for acorn@^2.1.0 fetched in 35ms
391 silly resolveWithNewModule acorn@2.7.0 checking installable status
392 silly pacote range manifest for is-promise@^2.0.0 fetched in 37ms
393 silly resolveWithNewModule is-promise@2.1.0 checking installable status
394 silly pacote range manifest for promise@^6.0.1 fetched in 47ms
395 silly resolveWithNewModule promise@6.1.0 checking installable status
396 silly pacote range manifest for asap@~1.0.0 fetched in 26ms
397 silly resolveWithNewModule asap@1.0.0 checking installable status
398 silly pacote version manifest for minimist@0.0.8 fetched in 12ms
399 silly resolveWithNewModule minimist@0.0.8 checking installable status
400 silly pacote range manifest for promise@~2.0 fetched in 109ms
401 silly resolveWithNewModule promise@2.0.0 checking installable status
402 silly pacote range manifest for css@~1.0.8 fetched in 117ms
403 silly resolveWithNewModule css@1.0.8 checking installable status
404 silly pacote range manifest for uglify-js@~2.2.5 fetched in 125ms
405 silly resolveWithNewModule uglify-js@2.2.5 checking installable status
406 silly pacote version manifest for css-parse@1.0.4 fetched in 79ms
407 silly resolveWithNewModule css-parse@1.0.4 checking installable status
408 silly pacote version manifest for css-stringify@1.0.5 fetched in 87ms
409 silly resolveWithNewModule css-stringify@1.0.5 checking installable status
410 silly pacote range manifest for is-promise@~1 fetched in 36ms
411 silly resolveWithNewModule is-promise@1.0.1 checking installable status
412 silly pacote range manifest for source-map@~0.1.7 fetched in 58ms
413 silly resolveWithNewModule source-map@0.1.43 checking installable status
414 silly pacote range manifest for optimist@~0.3.5 fetched in 68ms
415 silly resolveWithNewModule optimist@0.3.7 checking installable status
416 silly pacote range manifest for wordwrap@~0.0.2 fetched in 27ms
417 silly resolveWithNewModule wordwrap@0.0.3 checking installable status
418 silly pacote range manifest for source-map@~0.5.1 fetched in 71ms
419 silly resolveWithNewModule source-map@0.5.7 checking installable status
420 silly pacote range manifest for yargs@~3.10.0 fetched in 81ms
421 silly resolveWithNewModule yargs@3.10.0 checking installable status
422 silly pacote range manifest for uglify-to-browserify@~1.0.0 fetched in 89ms
423 silly resolveWithNewModule uglify-to-browserify@1.0.2 checking installable status
424 silly pacote range manifest for camelcase@^1.0.2 fetched in 126ms
425 silly resolveWithNewModule camelcase@1.2.1 checking installable status
426 silly pacote range manifest for cliui@^2.1.0 fetched in 150ms
427 silly resolveWithNewModule cliui@2.1.0 checking installable status
428 silly pacote range manifest for decamelize@^1.0.0 fetched in 164ms
429 silly resolveWithNewModule decamelize@1.2.0 checking installable status
430 silly pacote version manifest for window-size@0.1.0 fetched in 172ms
431 silly resolveWithNewModule window-size@0.1.0 checking installable status
432 silly pacote range manifest for center-align@^0.1.1 fetched in 178ms
433 silly resolveWithNewModule center-align@0.1.3 checking installable status
434 silly pacote range manifest for right-align@^0.1.1 fetched in 222ms
435 silly resolveWithNewModule right-align@0.1.3 checking installable status
436 silly pacote version manifest for wordwrap@0.0.2 fetched in 238ms
437 silly resolveWithNewModule wordwrap@0.0.2 checking installable status
438 silly pacote range manifest for align-text@^0.1.3 fetched in 71ms
439 silly resolveWithNewModule align-text@0.1.4 checking installable status
440 silly pacote range manifest for lazy-cache@^1.0.3 fetched in 90ms
441 silly resolveWithNewModule lazy-cache@1.0.4 checking installable status
442 silly pacote range manifest for kind-of@^3.0.2 fetched in 51ms
443 silly resolveWithNewModule kind-of@3.2.2 checking installable status
444 silly pacote range manifest for longest@^1.0.1 fetched in 61ms
445 silly resolveWithNewModule longest@1.0.1 checking installable status
446 silly pacote range manifest for repeat-string@^1.5.2 fetched in 71ms
447 silly resolveWithNewModule repeat-string@1.6.1 checking installable status
448 silly pacote range manifest for is-buffer@^1.1.5 fetched in 27ms
449 silly resolveWithNewModule is-buffer@1.1.6 checking installable status
450 silly pacote range manifest for acorn@^1.0.1 fetched in 47ms
451 silly resolveWithNewModule acorn@1.2.2 checking installable status
452 silly pacote range manifest for acorn-globals@^1.0.3 fetched in 56ms
453 silly resolveWithNewModule acorn-globals@1.0.9 checking installable status
454 silly pacote range manifest for basic-auth@~2.0.0 fetched in 34ms
455 silly resolveWithNewModule basic-auth@2.0.1 checking installable status
456 silly pacote range manifest for on-headers@~1.0.1 fetched in 44ms
457 silly resolveWithNewModule on-headers@1.0.2 checking installable status
458 timing stage:loadIdealTree:loadAllDepsIntoIdealTree Completed in 36483ms
459 timing stage:loadIdealTree Completed in 37868ms
460 silly currentTree aloe@0.0.0
461 silly idealTree aloe@0.0.0
461 silly idealTree ├── accepts@1.3.7
461 silly idealTree ├── acorn-globals@1.0.9
461 silly idealTree ├── acorn@2.7.0
461 silly idealTree ├── align-text@0.1.4
461 silly idealTree ├── amdefine@1.0.1
461 silly idealTree ├── array-flatten@1.1.1
461 silly idealTree ├── asap@1.0.0
461 silly idealTree ├── basic-auth@2.0.1
461 silly idealTree ├── body-parser@1.18.3
461 silly idealTree ├── bytes@3.0.0
461 silly idealTree ├── camelcase@1.2.1
461 silly idealTree ├── center-align@0.1.3
461 silly idealTree ├── character-parser@1.2.1
461 silly idealTree ├─┬ clean-css@3.4.28
461 silly idealTree │ └── commander@2.8.1
461 silly idealTree ├─┬ cliui@2.1.0
461 silly idealTree │ └── wordwrap@0.0.2
461 silly idealTree ├── commander@2.6.0
461 silly idealTree ├── constantinople@3.0.2
461 silly idealTree ├── content-disposition@0.5.2
461 silly idealTree ├── content-type@1.0.4
461 silly idealTree ├── cookie-parser@1.4.4
461 silly idealTree ├── cookie-signature@1.0.6
461 silly idealTree ├── cookie@0.3.1
461 silly idealTree ├── css-parse@1.0.4
461 silly idealTree ├── css-stringify@1.0.5
461 silly idealTree ├── css@1.0.8
461 silly idealTree ├── debug@2.6.9
461 silly idealTree ├── decamelize@1.2.0
461 silly idealTree ├── depd@1.1.2
461 silly idealTree ├── destroy@1.0.4
461 silly idealTree ├── ee-first@1.1.1
461 silly idealTree ├── encodeurl@1.0.2
461 silly idealTree ├── escape-html@1.0.3
461 silly idealTree ├── etag@1.8.1
461 silly idealTree ├── express@4.16.4
461 silly idealTree ├── finalhandler@1.1.1
461 silly idealTree ├── forwarded@0.1.2
461 silly idealTree ├── fresh@0.5.2
461 silly idealTree ├── graceful-readlink@1.0.1
461 silly idealTree ├── http-errors@1.6.3
461 silly idealTree ├── iconv-lite@0.4.23
461 silly idealTree ├── inherits@2.0.3
461 silly idealTree ├── ipaddr.js@1.9.0
461 silly idealTree ├── is-buffer@1.1.6
461 silly idealTree ├── is-promise@2.1.0
461 silly idealTree ├── jade@1.11.0
461 silly idealTree ├── jstransformer@0.0.2
461 silly idealTree ├── kind-of@3.2.2
461 silly idealTree ├── lazy-cache@1.0.4
461 silly idealTree ├── longest@1.0.1
461 silly idealTree ├── media-typer@0.3.0
461 silly idealTree ├── merge-descriptors@1.0.1
461 silly idealTree ├── methods@1.1.2
461 silly idealTree ├── mime-db@1.42.0
461 silly idealTree ├── mime-types@2.1.25
461 silly idealTree ├── mime@1.4.1
461 silly idealTree ├── minimist@0.0.8
461 silly idealTree ├── mkdirp@0.5.1
461 silly idealTree ├── morgan@1.9.1
461 silly idealTree ├── ms@2.0.0
461 silly idealTree ├── negotiator@0.6.2
461 silly idealTree ├── on-finished@2.3.0
461 silly idealTree ├── on-headers@1.0.2
461 silly idealTree ├── optimist@0.3.7
461 silly idealTree ├── parseurl@1.3.3
461 silly idealTree ├── path-to-regexp@0.1.7
461 silly idealTree ├── promise@6.1.0
461 silly idealTree ├── proxy-addr@2.0.5
461 silly idealTree ├── qs@6.5.2
461 silly idealTree ├── range-parser@1.2.1
461 silly idealTree ├── raw-body@2.3.3
461 silly idealTree ├── repeat-string@1.6.1
461 silly idealTree ├── right-align@0.1.3
461 silly idealTree ├── safe-buffer@5.1.2
461 silly idealTree ├── safer-buffer@2.1.2
461 silly idealTree ├── send@0.16.2
461 silly idealTree ├── serve-static@1.13.2
461 silly idealTree ├── setprototypeof@1.1.0
461 silly idealTree ├── source-map@0.4.4
461 silly idealTree ├── statuses@1.4.0
461 silly idealTree ├─┬ transformers@2.1.0
461 silly idealTree │ ├── is-promise@1.0.1
461 silly idealTree │ ├── promise@2.0.0
461 silly idealTree │ ├── source-map@0.1.43
461 silly idealTree │ └── uglify-js@2.2.5
461 silly idealTree ├── type-is@1.6.18
461 silly idealTree ├─┬ uglify-js@2.8.29
461 silly idealTree │ └── source-map@0.5.7
461 silly idealTree ├── uglify-to-browserify@1.0.2
461 silly idealTree ├── unpipe@1.0.0
461 silly idealTree ├── utils-merge@1.0.1
461 silly idealTree ├── vary@1.1.2
461 silly idealTree ├── void-elements@2.0.1
461 silly idealTree ├── window-size@0.1.0
461 silly idealTree ├─┬ with@4.0.3
461 silly idealTree │ └── acorn@1.2.2
461 silly idealTree ├── wordwrap@0.0.3
461 silly idealTree └── yargs@3.10.0
462 silly install generateActionsToTake
463 warn checkPermissions Missing write access to /home/pi/aloe
464 timing stage:rollbackFailedOptional Completed in 4ms
465 timing stage:runTopLevelLifecycles Completed in 39077ms
466 silly saveTree aloe@0.0.0
466 silly saveTree ├─┬ cookie-parser@1.4.4
466 silly saveTree │ ├── cookie-signature@1.0.6
466 silly saveTree │ └── cookie@0.3.1
466 silly saveTree ├─┬ debug@2.6.9
466 silly saveTree │ └── ms@2.0.0
466 silly saveTree ├─┬ express@4.16.4
466 silly saveTree │ ├─┬ accepts@1.3.7
466 silly saveTree │ │ ├─┬ mime-types@2.1.25
466 silly saveTree │ │ │ └── mime-db@1.42.0
466 silly saveTree │ │ └── negotiator@0.6.2
466 silly saveTree │ ├── array-flatten@1.1.1
466 silly saveTree │ ├─┬ body-parser@1.18.3
466 silly saveTree │ │ ├── bytes@3.0.0
466 silly saveTree │ │ ├── content-type@1.0.4
466 silly saveTree │ │ ├── depd@1.1.2
466 silly saveTree │ │ ├─┬ http-errors@1.6.3
466 silly saveTree │ │ │ ├── inherits@2.0.3
466 silly saveTree │ │ │ ├── setprototypeof@1.1.0
466 silly saveTree │ │ │ └── statuses@1.4.0
466 silly saveTree │ │ ├─┬ iconv-lite@0.4.23
466 silly saveTree │ │ │ └── safer-buffer@2.1.2
466 silly saveTree │ │ ├─┬ on-finished@2.3.0
466 silly saveTree │ │ │ └── ee-first@1.1.1
466 silly saveTree │ │ ├── qs@6.5.2
466 silly saveTree │ │ ├─┬ raw-body@2.3.3
466 silly saveTree │ │ │ └── unpipe@1.0.0
466 silly saveTree │ │ └─┬ type-is@1.6.18
466 silly saveTree │ │   └── media-typer@0.3.0
466 silly saveTree │ ├── content-disposition@0.5.2
466 silly saveTree │ ├── content-type@1.0.4
466 silly saveTree │ ├── depd@1.1.2
466 silly saveTree │ ├── encodeurl@1.0.2
466 silly saveTree │ ├── escape-html@1.0.3
466 silly saveTree │ ├── etag@1.8.1
466 silly saveTree │ ├─┬ finalhandler@1.1.1
466 silly saveTree │ │ └── parseurl@1.3.3
466 silly saveTree │ ├── fresh@0.5.2
466 silly saveTree │ ├── merge-descriptors@1.0.1
466 silly saveTree │ ├── methods@1.1.2
466 silly saveTree │ ├── on-finished@2.3.0
466 silly saveTree │ ├── parseurl@1.3.3
466 silly saveTree │ ├── path-to-regexp@0.1.7
466 silly saveTree │ ├─┬ proxy-addr@2.0.5
466 silly saveTree │ │ ├── forwarded@0.1.2
466 silly saveTree │ │ └── ipaddr.js@1.9.0
466 silly saveTree │ ├── qs@6.5.2
466 silly saveTree │ ├── range-parser@1.2.1
466 silly saveTree │ ├── safe-buffer@5.1.2
466 silly saveTree │ ├─┬ send@0.16.2
466 silly saveTree │ │ ├── destroy@1.0.4
466 silly saveTree │ │ └── mime@1.4.1
466 silly saveTree │ ├── serve-static@1.13.2
466 silly saveTree │ ├── setprototypeof@1.1.0
466 silly saveTree │ ├── statuses@1.4.0
466 silly saveTree │ ├── type-is@1.6.18
466 silly saveTree │ ├── utils-merge@1.0.1
466 silly saveTree │ └── vary@1.1.2
466 silly saveTree ├── http-errors@1.6.3
466 silly saveTree ├─┬ jade@1.11.0
466 silly saveTree │ ├── character-parser@1.2.1
466 silly saveTree │ ├─┬ clean-css@3.4.28
466 silly saveTree │ │ ├─┬ commander@2.8.1
466 silly saveTree │ │ │ └── graceful-readlink@1.0.1
466 silly saveTree │ │ └─┬ source-map@0.4.4
466 silly saveTree │ │   └── amdefine@1.0.1
466 silly saveTree │ ├── commander@2.6.0
466 silly saveTree │ ├─┬ constantinople@3.0.2
466 silly saveTree │ │ └── acorn@2.7.0
466 silly saveTree │ ├─┬ jstransformer@0.0.2
466 silly saveTree │ │ ├── is-promise@2.1.0
466 silly saveTree │ │ └─┬ promise@6.1.0
466 silly saveTree │ │   └── asap@1.0.0
466 silly saveTree │ ├─┬ mkdirp@0.5.1
466 silly saveTree │ │ └── minimist@0.0.8
466 silly saveTree │ ├─┬ transformers@2.1.0
466 silly saveTree │ │ ├─┬ css@1.0.8
466 silly saveTree │ │ │ ├── css-parse@1.0.4
466 silly saveTree │ │ │ └── css-stringify@1.0.5
466 silly saveTree │ │ ├─┬ promise@2.0.0
466 silly saveTree │ │ │ └── is-promise@1.0.1
466 silly saveTree │ │ └─┬ uglify-js@2.2.5
466 silly saveTree │ │   ├─┬ optimist@0.3.7
466 silly saveTree │ │   │ └── wordwrap@0.0.3
466 silly saveTree │ │   └── source-map@0.1.43
466 silly saveTree │ ├─┬ uglify-js@2.8.29
466 silly saveTree │ │ ├── source-map@0.5.7
466 silly saveTree │ │ ├── uglify-to-browserify@1.0.2
466 silly saveTree │ │ └─┬ yargs@3.10.0
466 silly saveTree │ │   ├── camelcase@1.2.1
466 silly saveTree │ │   ├─┬ cliui@2.1.0
466 silly saveTree │ │   │ ├─┬ center-align@0.1.3
466 silly saveTree │ │   │ │ ├─┬ align-text@0.1.4
466 silly saveTree │ │   │ │ │ ├─┬ kind-of@3.2.2
466 silly saveTree │ │   │ │ │ │ └── is-buffer@1.1.6
466 silly saveTree │ │   │ │ │ ├── longest@1.0.1
466 silly saveTree │ │   │ │ │ └── repeat-string@1.6.1
466 silly saveTree │ │   │ │ └── lazy-cache@1.0.4
466 silly saveTree │ │   │ ├── right-align@0.1.3
466 silly saveTree │ │   │ └── wordwrap@0.0.2
466 silly saveTree │ │   ├── decamelize@1.2.0
466 silly saveTree │ │   └── window-size@0.1.0
466 silly saveTree │ ├── void-elements@2.0.1
466 silly saveTree │ └─┬ with@4.0.3
466 silly saveTree │   ├── acorn-globals@1.0.9
466 silly saveTree │   └── acorn@1.2.2
466 silly saveTree └─┬ morgan@1.9.1
466 silly saveTree   ├── basic-auth@2.0.1
466 silly saveTree   └── on-headers@1.0.2
467 verbose stack Error: EACCES: permission denied, access '/home/pi/aloe'
468 verbose cwd /home/pi/aloe
469 verbose Linux 4.19.75+
470 verbose argv "/usr/local/bin/node" "/usr/local/bin/npm" "install"
471 verbose node v11.15.0
472 verbose npm  v6.7.0
473 error path /home/pi/aloe
474 error code EACCES
475 error errno -13
476 error syscall access
477 error Error: EACCES: permission denied, access '/home/pi/aloe'
477 error  { [Error: EACCES: permission denied, access '/home/pi/aloe']
477 error   stack: "Error: EACCES: permission denied, access '/home/pi/aloe'",
477 error   errno: -13,
477 error   code: 'EACCES',
477 error   syscall: 'access',
477 error   path: '/home/pi/aloe' }
478 error The operation was rejected by your operating system.
478 error It is likely you do not have the permissions to access this file as the current user
478 error
478 error If you believe this might be a permissions issue, please double-check the
478 error permissions of the file and its containing directories, or try running
478 error the command again as root/Administrator (though this is not recommended).
479 verbose exit [ -13, true ]
