0 info it worked if it ends with ok
1 verbose cli [ '/usr/local/bin/node',
1 verbose cli   '/usr/local/bin/npm',
1 verbose cli   'install',
1 verbose cli   'axios' ]
2 info using npm@6.7.0
3 info using node@v11.15.0
4 verbose npm-session 2fb7a80cc85b66d9
5 silly install loadCurrentTree
6 silly install readLocalPackageData
7 http fetch GET 200 https://registry.npmjs.org/axios 1355ms
8 silly pacote tag manifest for axios@latest fetched in 1624ms
9 timing stage:loadCurrentTree Completed in 8969ms
10 silly install loadIdealTree
11 silly install cloneCurrentTreeToIdealTree
12 timing stage:loadIdealTree:cloneCurrentTree Completed in 43ms
13 silly install loadShrinkwrap
14 timing stage:loadIdealTree:loadShrinkwrap Completed in 2905ms
15 silly install loadAllDepsIntoIdealTree
16 silly resolveWithNewModule axios@0.19.0 checking installable status
17 http fetch GET 200 https://registry.npmjs.org/follow-redirects 672ms
18 silly pacote version manifest for follow-redirects@1.5.10 fetched in 852ms
19 silly resolveWithNewModule follow-redirects@1.5.10 checking installable status
20 http fetch GET 304 https://registry.npmjs.org/is-buffer 855ms (from cache)
21 silly pacote range manifest for is-buffer@^2.0.2 fetched in 918ms
22 silly resolveWithNewModule is-buffer@2.0.4 checking installable status
23 http fetch GET 304 https://registry.npmjs.org/debug 257ms (from cache)
24 http fetch GET 200 https://registry.npmjs.org/debug/-/debug-3.1.0.tgz 362ms
25 silly pacote version manifest for debug@=3.1.0 fetched in 722ms
26 silly resolveWithNewModule debug@3.1.0 checking installable status
27 timing stage:loadIdealTree:loadAllDepsIntoIdealTree Completed in 5440ms
28 timing stage:loadIdealTree Completed in 9883ms
29 silly currentTree aloe@0.0.0
29 silly currentTree ├── accepts@1.3.7
29 silly currentTree ├── acorn-globals@1.0.9
29 silly currentTree ├── acorn@2.7.0
29 silly currentTree ├── align-text@0.1.4
29 silly currentTree ├── amdefine@1.0.1
29 silly currentTree ├── array-flatten@1.1.1
29 silly currentTree ├── asap@1.0.0
29 silly currentTree ├── basic-auth@2.0.1
29 silly currentTree ├── body-parser@1.18.3
29 silly currentTree ├── bytes@3.0.0
29 silly currentTree ├── camelcase@1.2.1
29 silly currentTree ├── center-align@0.1.3
29 silly currentTree ├── character-parser@1.2.1
29 silly currentTree ├─┬ clean-css@3.4.28
29 silly currentTree │ └── commander@2.8.1
29 silly currentTree ├─┬ cliui@2.1.0
29 silly currentTree │ └── wordwrap@0.0.2
29 silly currentTree ├── commander@2.6.0
29 silly currentTree ├── constantinople@3.0.2
29 silly currentTree ├── content-disposition@0.5.2
29 silly currentTree ├── content-type@1.0.4
29 silly currentTree ├── cookie-parser@1.4.4
29 silly currentTree ├── cookie-signature@1.0.6
29 silly currentTree ├── cookie@0.3.1
29 silly currentTree ├── css-parse@1.0.4
29 silly currentTree ├── css-stringify@1.0.5
29 silly currentTree ├── css@1.0.8
29 silly currentTree ├── debug@2.6.9
29 silly currentTree ├── decamelize@1.2.0
29 silly currentTree ├── depd@1.1.2
29 silly currentTree ├── destroy@1.0.4
29 silly currentTree ├── ee-first@1.1.1
29 silly currentTree ├── encodeurl@1.0.2
29 silly currentTree ├── escape-html@1.0.3
29 silly currentTree ├── etag@1.8.1
29 silly currentTree ├── express@4.16.4
29 silly currentTree ├── finalhandler@1.1.1
29 silly currentTree ├── forwarded@0.1.2
29 silly currentTree ├── fresh@0.5.2
29 silly currentTree ├── graceful-readlink@1.0.1
29 silly currentTree ├── http-errors@1.6.3
29 silly currentTree ├── iconv-lite@0.4.23
29 silly currentTree ├── inherits@2.0.3
29 silly currentTree ├── ipaddr.js@1.9.0
29 silly currentTree ├── is-buffer@1.1.6
29 silly currentTree ├── is-promise@2.1.0
29 silly currentTree ├── jade@1.11.0
29 silly currentTree ├── jstransformer@0.0.2
29 silly currentTree ├── kind-of@3.2.2
29 silly currentTree ├── lazy-cache@1.0.4
29 silly currentTree ├── longest@1.0.1
29 silly currentTree ├── media-typer@0.3.0
29 silly currentTree ├── merge-descriptors@1.0.1
29 silly currentTree ├── methods@1.1.2
29 silly currentTree ├── mime-db@1.42.0
29 silly currentTree ├── mime-types@2.1.25
29 silly currentTree ├── mime@1.4.1
29 silly currentTree ├── minimist@0.0.8
29 silly currentTree ├── mkdirp@0.5.1
29 silly currentTree ├── morgan@1.9.1
29 silly currentTree ├── ms@2.0.0
29 silly currentTree ├── negotiator@0.6.2
29 silly currentTree ├── on-finished@2.3.0
29 silly currentTree ├── on-headers@1.0.2
29 silly currentTree ├── optimist@0.3.7
29 silly currentTree ├── parseurl@1.3.3
29 silly currentTree ├── path-to-regexp@0.1.7
29 silly currentTree ├── promise@6.1.0
29 silly currentTree ├── proxy-addr@2.0.5
29 silly currentTree ├── qs@6.5.2
29 silly currentTree ├── range-parser@1.2.1
29 silly currentTree ├── raw-body@2.3.3
29 silly currentTree ├── repeat-string@1.6.1
29 silly currentTree ├── right-align@0.1.3
29 silly currentTree ├── safe-buffer@5.1.2
29 silly currentTree ├── safer-buffer@2.1.2
29 silly currentTree ├── send@0.16.2
29 silly currentTree ├── serve-static@1.13.2
29 silly currentTree ├── setprototypeof@1.1.0
29 silly currentTree ├── source-map@0.4.4
29 silly currentTree ├── statuses@1.4.0
29 silly currentTree ├─┬ transformers@2.1.0
29 silly currentTree │ ├── is-promise@1.0.1
29 silly currentTree │ ├── promise@2.0.0
29 silly currentTree │ ├── source-map@0.1.43
29 silly currentTree │ └── uglify-js@2.2.5
29 silly currentTree ├── type-is@1.6.18
29 silly currentTree ├─┬ uglify-js@2.8.29
29 silly currentTree │ └── source-map@0.5.7
29 silly currentTree ├── uglify-to-browserify@1.0.2
29 silly currentTree ├── unpipe@1.0.0
29 silly currentTree ├── utils-merge@1.0.1
29 silly currentTree ├── vary@1.1.2
29 silly currentTree ├── void-elements@2.0.1
29 silly currentTree ├── window-size@0.1.0
29 silly currentTree ├─┬ with@4.0.3
29 silly currentTree │ └── acorn@1.2.2
29 silly currentTree ├── wordwrap@0.0.3
29 silly currentTree └── yargs@3.10.0
30 silly idealTree aloe@0.0.0
30 silly idealTree ├── accepts@1.3.7
30 silly idealTree ├── acorn-globals@1.0.9
30 silly idealTree ├── acorn@2.7.0
30 silly idealTree ├── align-text@0.1.4
30 silly idealTree ├── amdefine@1.0.1
30 silly idealTree ├── array-flatten@1.1.1
30 silly idealTree ├── asap@1.0.0
30 silly idealTree ├─┬ axios@0.19.0
30 silly idealTree │ └── is-buffer@2.0.4
30 silly idealTree ├── basic-auth@2.0.1
30 silly idealTree ├── body-parser@1.18.3
30 silly idealTree ├── bytes@3.0.0
30 silly idealTree ├── camelcase@1.2.1
30 silly idealTree ├── center-align@0.1.3
30 silly idealTree ├── character-parser@1.2.1
30 silly idealTree ├─┬ clean-css@3.4.28
30 silly idealTree │ └── commander@2.8.1
30 silly idealTree ├─┬ cliui@2.1.0
30 silly idealTree │ └── wordwrap@0.0.2
30 silly idealTree ├── commander@2.6.0
30 silly idealTree ├── constantinople@3.0.2
30 silly idealTree ├── content-disposition@0.5.2
30 silly idealTree ├── content-type@1.0.4
30 silly idealTree ├── cookie-parser@1.4.4
30 silly idealTree ├── cookie-signature@1.0.6
30 silly idealTree ├── cookie@0.3.1
30 silly idealTree ├── css-parse@1.0.4
30 silly idealTree ├── css-stringify@1.0.5
30 silly idealTree ├── css@1.0.8
30 silly idealTree ├── debug@2.6.9
30 silly idealTree ├── decamelize@1.2.0
30 silly idealTree ├── depd@1.1.2
30 silly idealTree ├── destroy@1.0.4
30 silly idealTree ├── ee-first@1.1.1
30 silly idealTree ├── encodeurl@1.0.2
30 silly idealTree ├── escape-html@1.0.3
30 silly idealTree ├── etag@1.8.1
30 silly idealTree ├── express@4.16.4
30 silly idealTree ├── finalhandler@1.1.1
30 silly idealTree ├─┬ follow-redirects@1.5.10
30 silly idealTree │ └── debug@3.1.0
30 silly idealTree ├── forwarded@0.1.2
30 silly idealTree ├── fresh@0.5.2
30 silly idealTree ├── graceful-readlink@1.0.1
30 silly idealTree ├── http-errors@1.6.3
30 silly idealTree ├── iconv-lite@0.4.23
30 silly idealTree ├── inherits@2.0.3
30 silly idealTree ├── ipaddr.js@1.9.0
30 silly idealTree ├── is-buffer@1.1.6
30 silly idealTree ├── is-promise@2.1.0
30 silly idealTree ├── jade@1.11.0
30 silly idealTree ├── jstransformer@0.0.2
30 silly idealTree ├── kind-of@3.2.2
30 silly idealTree ├── lazy-cache@1.0.4
30 silly idealTree ├── longest@1.0.1
30 silly idealTree ├── media-typer@0.3.0
30 silly idealTree ├── merge-descriptors@1.0.1
30 silly idealTree ├── methods@1.1.2
30 silly idealTree ├── mime-db@1.42.0
30 silly idealTree ├── mime-types@2.1.25
30 silly idealTree ├── mime@1.4.1
30 silly idealTree ├── minimist@0.0.8
30 silly idealTree ├── mkdirp@0.5.1
30 silly idealTree ├── morgan@1.9.1
30 silly idealTree ├── ms@2.0.0
30 silly idealTree ├── negotiator@0.6.2
30 silly idealTree ├── on-finished@2.3.0
30 silly idealTree ├── on-headers@1.0.2
30 silly idealTree ├── optimist@0.3.7
30 silly idealTree ├── parseurl@1.3.3
30 silly idealTree ├── path-to-regexp@0.1.7
30 silly idealTree ├── promise@6.1.0
30 silly idealTree ├── proxy-addr@2.0.5
30 silly idealTree ├── qs@6.5.2
30 silly idealTree ├── range-parser@1.2.1
30 silly idealTree ├── raw-body@2.3.3
30 silly idealTree ├── repeat-string@1.6.1
30 silly idealTree ├── right-align@0.1.3
30 silly idealTree ├── safe-buffer@5.1.2
30 silly idealTree ├── safer-buffer@2.1.2
30 silly idealTree ├── send@0.16.2
30 silly idealTree ├── serve-static@1.13.2
30 silly idealTree ├── setprototypeof@1.1.0
30 silly idealTree ├── source-map@0.4.4
30 silly idealTree ├── statuses@1.4.0
30 silly idealTree ├─┬ transformers@2.1.0
30 silly idealTree │ ├── is-promise@1.0.1
30 silly idealTree │ ├── promise@2.0.0
30 silly idealTree │ ├── source-map@0.1.43
30 silly idealTree │ └── uglify-js@2.2.5
30 silly idealTree ├── type-is@1.6.18
30 silly idealTree ├─┬ uglify-js@2.8.29
30 silly idealTree │ └── source-map@0.5.7
30 silly idealTree ├── uglify-to-browserify@1.0.2
30 silly idealTree ├── unpipe@1.0.0
30 silly idealTree ├── utils-merge@1.0.1
30 silly idealTree ├── vary@1.1.2
30 silly idealTree ├── void-elements@2.0.1
30 silly idealTree ├── window-size@0.1.0
30 silly idealTree ├─┬ with@4.0.3
30 silly idealTree │ └── acorn@1.2.2
30 silly idealTree ├── wordwrap@0.0.3
30 silly idealTree └── yargs@3.10.0
31 silly install generateActionsToTake
32 warn checkPermissions Missing write access to /home/pi/aloe/node_modules
33 timing stage:rollbackFailedOptional Completed in 11ms
34 timing stage:runTopLevelLifecycles Completed in 19366ms
35 silly saveTree aloe@0.0.0
35 silly saveTree ├─┬ axios@0.19.0
35 silly saveTree │ ├─┬ follow-redirects@1.5.10
35 silly saveTree │ │ └─┬ debug@3.1.0
35 silly saveTree │ │   └── ms@2.0.0
35 silly saveTree │ └── is-buffer@2.0.4
35 silly saveTree ├─┬ cookie-parser@1.4.4
35 silly saveTree │ ├── cookie-signature@1.0.6
35 silly saveTree │ └── cookie@0.3.1
35 silly saveTree ├── debug@2.6.9
35 silly saveTree ├─┬ express@4.16.4
35 silly saveTree │ ├─┬ accepts@1.3.7
35 silly saveTree │ │ ├─┬ mime-types@2.1.25
35 silly saveTree │ │ │ └── mime-db@1.42.0
35 silly saveTree │ │ └── negotiator@0.6.2
35 silly saveTree │ ├── array-flatten@1.1.1
35 silly saveTree │ ├─┬ body-parser@1.18.3
35 silly saveTree │ │ ├── bytes@3.0.0
35 silly saveTree │ │ ├── content-type@1.0.4
35 silly saveTree │ │ ├── depd@1.1.2
35 silly saveTree │ │ ├─┬ http-errors@1.6.3
35 silly saveTree │ │ │ ├── inherits@2.0.3
35 silly saveTree │ │ │ ├── setprototypeof@1.1.0
35 silly saveTree │ │ │ └── statuses@1.4.0
35 silly saveTree │ │ ├─┬ iconv-lite@0.4.23
35 silly saveTree │ │ │ └── safer-buffer@2.1.2
35 silly saveTree │ │ ├─┬ on-finished@2.3.0
35 silly saveTree │ │ │ └── ee-first@1.1.1
35 silly saveTree │ │ ├── qs@6.5.2
35 silly saveTree │ │ ├─┬ raw-body@2.3.3
35 silly saveTree │ │ │ └── unpipe@1.0.0
35 silly saveTree │ │ └─┬ type-is@1.6.18
35 silly saveTree │ │   └── media-typer@0.3.0
35 silly saveTree │ ├── content-disposition@0.5.2
35 silly saveTree │ ├── content-type@1.0.4
35 silly saveTree │ ├── depd@1.1.2
35 silly saveTree │ ├── encodeurl@1.0.2
35 silly saveTree │ ├── escape-html@1.0.3
35 silly saveTree │ ├── etag@1.8.1
35 silly saveTree │ ├─┬ finalhandler@1.1.1
35 silly saveTree │ │ └── parseurl@1.3.3
35 silly saveTree │ ├── fresh@0.5.2
35 silly saveTree │ ├── merge-descriptors@1.0.1
35 silly saveTree │ ├── methods@1.1.2
35 silly saveTree │ ├── on-finished@2.3.0
35 silly saveTree │ ├── parseurl@1.3.3
35 silly saveTree │ ├── path-to-regexp@0.1.7
35 silly saveTree │ ├─┬ proxy-addr@2.0.5
35 silly saveTree │ │ ├── forwarded@0.1.2
35 silly saveTree │ │ └── ipaddr.js@1.9.0
35 silly saveTree │ ├── qs@6.5.2
35 silly saveTree │ ├── range-parser@1.2.1
35 silly saveTree │ ├── safe-buffer@5.1.2
35 silly saveTree │ ├─┬ send@0.16.2
35 silly saveTree │ │ ├── destroy@1.0.4
35 silly saveTree │ │ └── mime@1.4.1
35 silly saveTree │ ├── serve-static@1.13.2
35 silly saveTree │ ├── setprototypeof@1.1.0
35 silly saveTree │ ├── statuses@1.4.0
35 silly saveTree │ ├── type-is@1.6.18
35 silly saveTree │ ├── utils-merge@1.0.1
35 silly saveTree │ └── vary@1.1.2
35 silly saveTree ├── http-errors@1.6.3
35 silly saveTree ├─┬ jade@1.11.0
35 silly saveTree │ ├── character-parser@1.2.1
35 silly saveTree │ ├─┬ clean-css@3.4.28
35 silly saveTree │ │ ├─┬ commander@2.8.1
35 silly saveTree │ │ │ └── graceful-readlink@1.0.1
35 silly saveTree │ │ └─┬ source-map@0.4.4
35 silly saveTree │ │   └── amdefine@1.0.1
35 silly saveTree │ ├── commander@2.6.0
35 silly saveTree │ ├─┬ constantinople@3.0.2
35 silly saveTree │ │ └── acorn@2.7.0
35 silly saveTree │ ├─┬ jstransformer@0.0.2
35 silly saveTree │ │ ├── is-promise@2.1.0
35 silly saveTree │ │ └─┬ promise@6.1.0
35 silly saveTree │ │   └── asap@1.0.0
35 silly saveTree │ ├─┬ mkdirp@0.5.1
35 silly saveTree │ │ └── minimist@0.0.8
35 silly saveTree │ ├─┬ transformers@2.1.0
35 silly saveTree │ │ ├─┬ css@1.0.8
35 silly saveTree │ │ │ ├── css-parse@1.0.4
35 silly saveTree │ │ │ └── css-stringify@1.0.5
35 silly saveTree │ │ ├─┬ promise@2.0.0
35 silly saveTree │ │ │ └── is-promise@1.0.1
35 silly saveTree │ │ └─┬ uglify-js@2.2.5
35 silly saveTree │ │   ├─┬ optimist@0.3.7
35 silly saveTree │ │   │ └── wordwrap@0.0.3
35 silly saveTree │ │   └── source-map@0.1.43
35 silly saveTree │ ├─┬ uglify-js@2.8.29
35 silly saveTree │ │ ├── source-map@0.5.7
35 silly saveTree │ │ ├── uglify-to-browserify@1.0.2
35 silly saveTree │ │ └─┬ yargs@3.10.0
35 silly saveTree │ │   ├── camelcase@1.2.1
35 silly saveTree │ │   ├─┬ cliui@2.1.0
35 silly saveTree │ │   │ ├─┬ center-align@0.1.3
35 silly saveTree │ │   │ │ ├─┬ align-text@0.1.4
35 silly saveTree │ │   │ │ │ ├─┬ kind-of@3.2.2
35 silly saveTree │ │   │ │ │ │ └── is-buffer@1.1.6
35 silly saveTree │ │   │ │ │ ├── longest@1.0.1
35 silly saveTree │ │   │ │ │ └── repeat-string@1.6.1
35 silly saveTree │ │   │ │ └── lazy-cache@1.0.4
35 silly saveTree │ │   │ ├── right-align@0.1.3
35 silly saveTree │ │   │ └── wordwrap@0.0.2
35 silly saveTree │ │   ├── decamelize@1.2.0
35 silly saveTree │ │   └── window-size@0.1.0
35 silly saveTree │ ├── void-elements@2.0.1
35 silly saveTree │ └─┬ with@4.0.3
35 silly saveTree │   ├── acorn-globals@1.0.9
35 silly saveTree │   └── acorn@1.2.2
35 silly saveTree └─┬ morgan@1.9.1
35 silly saveTree   ├── basic-auth@2.0.1
35 silly saveTree   └── on-headers@1.0.2
36 verbose stack Error: EACCES: permission denied, access '/home/pi/aloe/node_modules'
37 verbose cwd /home/pi/aloe
38 verbose Linux 4.19.75+
39 verbose argv "/usr/local/bin/node" "/usr/local/bin/npm" "install" "axios"
40 verbose node v11.15.0
41 verbose npm  v6.7.0
42 error path /home/pi/aloe/node_modules
43 error code EACCES
44 error errno -13
45 error syscall access
46 error Error: EACCES: permission denied, access '/home/pi/aloe/node_modules'
46 error  { [Error: EACCES: permission denied, access '/home/pi/aloe/node_modules']
46 error   stack:
46 error    "Error: EACCES: permission denied, access '/home/pi/aloe/node_modules'",
46 error   errno: -13,
46 error   code: 'EACCES',
46 error   syscall: 'access',
46 error   path: '/home/pi/aloe/node_modules' }
47 error The operation was rejected by your operating system.
47 error It is likely you do not have the permissions to access this file as the current user
47 error
47 error If you believe this might be a permissions issue, please double-check the
47 error permissions of the file and its containing directories, or try running
47 error the command again as root/Administrator (though this is not recommended).
48 verbose exit [ -13, true ]
